#
# There is insufficient memory for the Java Runtime Environment to continue.
# Native memory allocation (malloc) failed to allocate 2170896 bytes for Chunk::new
# Possible reasons:
#   The system is out of physical RAM or swap space
#   The process is running with CompressedOops enabled, and the Java Heap may be blocking the growth of the native heap
# Possible solutions:
#   Reduce memory load on the system
#   Increase physical memory or swap space
#   Check if swap backing store is full
#   Decrease Java heap size (-Xmx/-Xms)
#   Decrease number of Java threads
#   Decrease Java thread stack sizes (-Xss)
#   Set larger code cache with -XX:ReservedCodeCacheSize=
#   JVM is running with Unscaled Compressed Oops mode in which the Java heap is
#     placed in the first 4GB address space. The Java Heap base address is the
#     maximum limit for the native heap growth. Please use -XX:HeapBaseMinAddress
#     to set the Java Heap base and to place the Java Heap above 4GB virtual address.
# This output file may be truncated or incomplete.
#
#  Out of Memory Error (./open/src/hotspot/share/memory/arena.cpp:197), pid=8716, tid=13380
#
# JRE version: Java(TM) SE Runtime Environment 18.9 (11.0.15+8) (build 11.0.15+8-LTS-149)
# Java VM: Java HotSpot(TM) 64-Bit Server VM 18.9 (11.0.15+8-LTS-149, mixed mode, tiered, compressed oops, g1 gc, windows-amd64)
# No core dump will be written. Minidumps are not enabled by default on client versions of Windows
#

---------------  S U M M A R Y ------------

Command Line: -javaagent:C:\Program Files\JetBrains\IntelliJ IDEA Community Edition 2022.2.1\lib\idea_rt.jar=59381:C:\Program Files\JetBrains\IntelliJ IDEA Community Edition 2022.2.1\bin -Dfile.encoding=UTF-8 com.training.Microservice1Application

Host: Intel(R) Xeon(R) Platinum 8272CL CPU @ 2.60GHz, 2 cores, 7G,  Windows 10 , 64 bit Build 19041 (10.0.19041.1889)
Time: Thu Sep  8 05:26:54 2022 Coordinated Universal Time elapsed time: 3.212869 seconds (0d 0h 0m 3s)

---------------  T H R E A D  ---------------

Current thread (0x000002b57eaac000):  JavaThread "C2 CompilerThread0" daemon [_thread_in_native, id=13380, stack(0x000000ec5f800000,0x000000ec5f900000)]


Current CompileTask:
C2:   3212 2000   !   4       jdk.internal.loader.BuiltinClassLoader::loadClassOrNull (143 bytes)

Stack: [0x000000ec5f800000,0x000000ec5f900000]
Native frames: (J=compiled Java code, j=interpreted, Vv=VM code, C=native code)
V  [jvm.dll+0x629d8a]
V  [jvm.dll+0x7638ff]
V  [jvm.dll+0x764fa9]
V  [jvm.dll+0x765633]
V  [jvm.dll+0x23d9c8]
V  [jvm.dll+0xb2a1c]
V  [jvm.dll+0xb2fdc]
V  [jvm.dll+0x341047]
V  [jvm.dll+0x18cb19]
V  [jvm.dll+0x1f8672]
V  [jvm.dll+0x1f774d]
V  [jvm.dll+0x177c51]
V  [jvm.dll+0x207026]
V  [jvm.dll+0x2051bb]
V  [jvm.dll+0x729820]
V  [jvm.dll+0x7223f4]
V  [jvm.dll+0x628c26]
C  [ucrtbase.dll+0x21bb2]
C  [KERNEL32.DLL+0x17034]
C  [ntdll.dll+0x52651]


---------------  P R O C E S S  ---------------

Threads class SMR info:
_java_thread_list=0x000002b5134322f0, length=12, elements={
0x000002b5727e5000, 0x000002b57ea88000, 0x000002b57ea91800, 0x000002b57f422800,
0x000002b57eaa4800, 0x000002b57eaa6000, 0x000002b57eaac000, 0x000002b57eab4800,
0x000002b57eabf000, 0x000002b57ea25800, 0x000002b57f842800, 0x000002b513390800
}

Java Threads: ( => current thread )
  0x000002b5727e5000 JavaThread "main" [_thread_in_vm, id=14392, stack(0x000000ec5eb00000,0x000000ec5ec00000)]
  0x000002b57ea88000 JavaThread "Reference Handler" daemon [_thread_blocked, id=7668, stack(0x000000ec5f300000,0x000000ec5f400000)]
  0x000002b57ea91800 JavaThread "Finalizer" daemon [_thread_blocked, id=1552, stack(0x000000ec5f400000,0x000000ec5f500000)]
  0x000002b57f422800 JavaThread "Signal Dispatcher" daemon [_thread_blocked, id=9012, stack(0x000000ec5f500000,0x000000ec5f600000)]
  0x000002b57eaa4800 JavaThread "Attach Listener" daemon [_thread_blocked, id=12928, stack(0x000000ec5f600000,0x000000ec5f700000)]
  0x000002b57eaa6000 JavaThread "Service Thread" daemon [_thread_blocked, id=14912, stack(0x000000ec5f700000,0x000000ec5f800000)]
=>0x000002b57eaac000 JavaThread "C2 CompilerThread0" daemon [_thread_in_native, id=13380, stack(0x000000ec5f800000,0x000000ec5f900000)]
  0x000002b57eab4800 JavaThread "C1 CompilerThread0" daemon [_thread_blocked, id=8916, stack(0x000000ec5f900000,0x000000ec5fa00000)]
  0x000002b57eabf000 JavaThread "Sweeper thread" daemon [_thread_blocked, id=11248, stack(0x000000ec5fa00000,0x000000ec5fb00000)]
  0x000002b57ea25800 JavaThread "Common-Cleaner" daemon [_thread_blocked, id=9900, stack(0x000000ec5fb00000,0x000000ec5fc00000)]
  0x000002b57f842800 JavaThread "Monitor Ctrl-Break" daemon [_thread_in_native, id=6768, stack(0x000000ec5fc00000,0x000000ec5fd00000)]
  0x000002b513390800 JavaThread "background-preinit" [_thread_in_vm, id=1128, stack(0x000000ec5ff00000,0x000000ec60000000)]

Other Threads:
  0x000002b57ea85800 VMThread "VM Thread" [stack: 0x000000ec5f200000,0x000000ec5f300000] [id=14204]
  0x000002b57fa06800 WatcherThread [stack: 0x000000ec5fd00000,0x000000ec5fe00000] [id=8196]
  0x000002b5727fa000 GCTaskThread "GC Thread#0" [stack: 0x000000ec5ed00000,0x000000ec5ee00000] [id=14772]
  0x000002b57fa73000 GCTaskThread "GC Thread#1" [stack: 0x000000ec5fe00000,0x000000ec5ff00000] [id=14624]
  0x000002b572828000 ConcurrentGCThread "G1 Main Marker" [stack: 0x000000ec5ee00000,0x000000ec5ef00000] [id=6004]
  0x000002b57282a000 ConcurrentGCThread "G1 Conc#0" [stack: 0x000000ec5ef00000,0x000000ec5f000000] [id=14992]
  0x000002b5728b4000 ConcurrentGCThread "G1 Refine#0" [stack: 0x000000ec5f000000,0x000000ec5f100000] [id=3752]
  0x000002b5728b5000 ConcurrentGCThread "G1 Young RemSet Sampling" [stack: 0x000000ec5f100000,0x000000ec5f200000] [id=3828]

Threads with active compile tasks:
C2 CompilerThread0   3231 2000   !   4       jdk.internal.loader.BuiltinClassLoader::loadClassOrNull (143 bytes)

VM state:not at safepoint (normal execution)

VM Mutex/Monitor currently owned by a thread: None

Heap address: 0x0000000080000000, size: 2048 MB, Compressed Oops mode: 32-bit
Narrow klass base: 0x0000000000000000, Narrow klass shift: 3
Compressed class space size: 1073741824 Address: 0x0000000100000000

Heap:
 garbage-first heap   total 157696K, used 9632K [0x0000000080000000, 0x0000000100000000)
  region size 1024K, 5 young (5120K), 3 survivors (3072K)
 Metaspace       used 27901K, capacity 28505K, committed 28544K, reserved 1075200K
  class space    used 3209K, capacity 3437K, committed 3456K, reserved 1048576K
Heap Regions: E=young(eden), S=young(survivor), O=old, HS=humongous(starts), HC=humongous(continues), CS=collection set, F=free, A=archive, TAMS=top-at-mark-start (previous, next)
|   0|0x0000000080000000, 0x0000000080100000, 0x0000000080100000|100%| O|  |TAMS 0x0000000080100000, 0x0000000080000000| Untracked 
|   1|0x0000000080100000, 0x0000000080200000, 0x0000000080200000|100%| O|  |TAMS 0x0000000080200000, 0x0000000080100000| Untracked 
|   2|0x0000000080200000, 0x0000000080300000, 0x0000000080300000|100%| O|  |TAMS 0x0000000080300000, 0x0000000080200000| Untracked 
|   3|0x0000000080300000, 0x0000000080400000, 0x0000000080400000|100%| O|  |TAMS 0x0000000080400000, 0x0000000080300000| Untracked 
|   4|0x0000000080400000, 0x0000000080500000, 0x0000000080500000|100%| O|  |TAMS 0x000000008045dc00, 0x0000000080400000| Untracked 
|   5|0x0000000080500000, 0x0000000080568200, 0x0000000080600000| 40%| O|  |TAMS 0x0000000080500000, 0x0000000080500000| Untracked 
|   6|0x0000000080600000, 0x0000000080600000, 0x0000000080700000|  0%| F|  |TAMS 0x0000000080600000, 0x0000000080600000| Untracked 
|   7|0x0000000080700000, 0x0000000080700000, 0x0000000080800000|  0%| F|  |TAMS 0x0000000080700000, 0x0000000080700000| Untracked 
|   8|0x0000000080800000, 0x0000000080800000, 0x0000000080900000|  0%| F|  |TAMS 0x0000000080800000, 0x0000000080800000| Untracked 
|   9|0x0000000080900000, 0x0000000080900000, 0x0000000080a00000|  0%| F|  |TAMS 0x0000000080900000, 0x0000000080900000| Untracked 
|  10|0x0000000080a00000, 0x0000000080a00000, 0x0000000080b00000|  0%| F|  |TAMS 0x0000000080a00000, 0x0000000080a00000| Untracked 
|  11|0x0000000080b00000, 0x0000000080b00000, 0x0000000080c00000|  0%| F|  |TAMS 0x0000000080b00000, 0x0000000080b00000| Untracked 
|  12|0x0000000080c00000, 0x0000000080c00000, 0x0000000080d00000|  0%| F|  |TAMS 0x0000000080c00000, 0x0000000080c00000| Untracked 
|  13|0x0000000080d00000, 0x0000000080d00000, 0x0000000080e00000|  0%| F|  |TAMS 0x0000000080d00000, 0x0000000080d00000| Untracked 
|  14|0x0000000080e00000, 0x0000000080e00000, 0x0000000080f00000|  0%| F|  |TAMS 0x0000000080e00000, 0x0000000080e00000| Untracked 
|  15|0x0000000080f00000, 0x0000000080f00000, 0x0000000081000000|  0%| F|  |TAMS 0x0000000080f00000, 0x0000000080f00000| Untracked 
|  16|0x0000000081000000, 0x0000000081000000, 0x0000000081100000|  0%| F|  |TAMS 0x0000000081000000, 0x0000000081000000| Untracked 
|  17|0x0000000081100000, 0x0000000081100000, 0x0000000081200000|  0%| F|  |TAMS 0x0000000081100000, 0x0000000081100000| Untracked 
|  18|0x0000000081200000, 0x0000000081200000, 0x0000000081300000|  0%| F|  |TAMS 0x0000000081200000, 0x0000000081200000| Untracked 
|  19|0x0000000081300000, 0x0000000081300000, 0x0000000081400000|  0%| F|  |TAMS 0x0000000081300000, 0x0000000081300000| Untracked 
|  20|0x0000000081400000, 0x0000000081400000, 0x0000000081500000|  0%| F|  |TAMS 0x0000000081400000, 0x0000000081400000| Untracked 
|  21|0x0000000081500000, 0x0000000081500000, 0x0000000081600000|  0%| F|  |TAMS 0x0000000081500000, 0x0000000081500000| Untracked 
|  22|0x0000000081600000, 0x0000000081600000, 0x0000000081700000|  0%| F|  |TAMS 0x0000000081600000, 0x0000000081600000| Untracked 
|  23|0x0000000081700000, 0x0000000081700000, 0x0000000081800000|  0%| F|  |TAMS 0x0000000081700000, 0x0000000081700000| Untracked 
|  24|0x0000000081800000, 0x0000000081800000, 0x0000000081900000|  0%| F|  |TAMS 0x0000000081800000, 0x0000000081800000| Untracked 
|  25|0x0000000081900000, 0x0000000081900000, 0x0000000081a00000|  0%| F|  |TAMS 0x0000000081900000, 0x0000000081900000| Untracked 
|  26|0x0000000081a00000, 0x0000000081a00000, 0x0000000081b00000|  0%| F|  |TAMS 0x0000000081a00000, 0x0000000081a00000| Untracked 
|  27|0x0000000081b00000, 0x0000000081b00000, 0x0000000081c00000|  0%| F|  |TAMS 0x0000000081b00000, 0x0000000081b00000| Untracked 
|  28|0x0000000081c00000, 0x0000000081c00000, 0x0000000081d00000|  0%| F|  |TAMS 0x0000000081c00000, 0x0000000081c00000| Untracked 
|  29|0x0000000081d00000, 0x0000000081d00000, 0x0000000081e00000|  0%| F|  |TAMS 0x0000000081d00000, 0x0000000081d00000| Untracked 
|  30|0x0000000081e00000, 0x0000000081e00000, 0x0000000081f00000|  0%| F|  |TAMS 0x0000000081e00000, 0x0000000081e00000| Untracked 
|  31|0x0000000081f00000, 0x0000000081f00000, 0x0000000082000000|  0%| F|  |TAMS 0x0000000081f00000, 0x0000000081f00000| Untracked 
|  32|0x0000000082000000, 0x0000000082000000, 0x0000000082100000|  0%| F|  |TAMS 0x0000000082000000, 0x0000000082000000| Untracked 
|  33|0x0000000082100000, 0x0000000082100000, 0x0000000082200000|  0%| F|  |TAMS 0x0000000082100000, 0x0000000082100000| Untracked 
|  34|0x0000000082200000, 0x0000000082200000, 0x0000000082300000|  0%| F|  |TAMS 0x0000000082200000, 0x0000000082200000| Untracked 
|  35|0x0000000082300000, 0x0000000082300000, 0x0000000082400000|  0%| F|  |TAMS 0x0000000082300000, 0x0000000082300000| Untracked 
|  36|0x0000000082400000, 0x0000000082400000, 0x0000000082500000|  0%| F|  |TAMS 0x0000000082400000, 0x0000000082400000| Untracked 
|  37|0x0000000082500000, 0x0000000082500000, 0x0000000082600000|  0%| F|  |TAMS 0x0000000082500000, 0x0000000082500000| Untracked 
|  38|0x0000000082600000, 0x0000000082600000, 0x0000000082700000|  0%| F|  |TAMS 0x0000000082600000, 0x0000000082600000| Untracked 
|  39|0x0000000082700000, 0x0000000082700000, 0x0000000082800000|  0%| F|  |TAMS 0x0000000082700000, 0x0000000082700000| Untracked 
|  40|0x0000000082800000, 0x0000000082800000, 0x0000000082900000|  0%| F|  |TAMS 0x0000000082800000, 0x0000000082800000| Untracked 
|  41|0x0000000082900000, 0x0000000082900000, 0x0000000082a00000|  0%| F|  |TAMS 0x0000000082900000, 0x0000000082900000| Untracked 
|  42|0x0000000082a00000, 0x0000000082a00000, 0x0000000082b00000|  0%| F|  |TAMS 0x0000000082a00000, 0x0000000082a00000| Untracked 
|  43|0x0000000082b00000, 0x0000000082b00000, 0x0000000082c00000|  0%| F|  |TAMS 0x0000000082b00000, 0x0000000082b00000| Untracked 
|  44|0x0000000082c00000, 0x0000000082c00000, 0x0000000082d00000|  0%| F|  |TAMS 0x0000000082c00000, 0x0000000082c00000| Untracked 
|  45|0x0000000082d00000, 0x0000000082d00000, 0x0000000082e00000|  0%| F|  |TAMS 0x0000000082d00000, 0x0000000082d00000| Untracked 
|  46|0x0000000082e00000, 0x0000000082e00000, 0x0000000082f00000|  0%| F|  |TAMS 0x0000000082e00000, 0x0000000082e00000| Untracked 
|  47|0x0000000082f00000, 0x0000000082f00000, 0x0000000083000000|  0%| F|  |TAMS 0x0000000082f00000, 0x0000000082f00000| Untracked 
|  48|0x0000000083000000, 0x0000000083000000, 0x0000000083100000|  0%| F|  |TAMS 0x0000000083000000, 0x0000000083000000| Untracked 
|  49|0x0000000083100000, 0x0000000083100000, 0x0000000083200000|  0%| F|  |TAMS 0x0000000083100000, 0x0000000083100000| Untracked 
|  50|0x0000000083200000, 0x0000000083200000, 0x0000000083300000|  0%| F|  |TAMS 0x0000000083200000, 0x0000000083200000| Untracked 
|  51|0x0000000083300000, 0x0000000083300000, 0x0000000083400000|  0%| F|  |TAMS 0x0000000083300000, 0x0000000083300000| Untracked 
|  52|0x0000000083400000, 0x0000000083400000, 0x0000000083500000|  0%| F|  |TAMS 0x0000000083400000, 0x0000000083400000| Untracked 
|  53|0x0000000083500000, 0x0000000083500000, 0x0000000083600000|  0%| F|  |TAMS 0x0000000083500000, 0x0000000083500000| Untracked 
|  54|0x0000000083600000, 0x0000000083600000, 0x0000000083700000|  0%| F|  |TAMS 0x0000000083600000, 0x0000000083600000| Untracked 
|  55|0x0000000083700000, 0x0000000083700000, 0x0000000083800000|  0%| F|  |TAMS 0x0000000083700000, 0x0000000083700000| Untracked 
|  56|0x0000000083800000, 0x0000000083800000, 0x0000000083900000|  0%| F|  |TAMS 0x0000000083800000, 0x0000000083800000| Untracked 
|  57|0x0000000083900000, 0x0000000083900000, 0x0000000083a00000|  0%| F|  |TAMS 0x0000000083900000, 0x0000000083900000| Untracked 
|  58|0x0000000083a00000, 0x0000000083a00000, 0x0000000083b00000|  0%| F|  |TAMS 0x0000000083a00000, 0x0000000083a00000| Untracked 
|  59|0x0000000083b00000, 0x0000000083b00000, 0x0000000083c00000|  0%| F|  |TAMS 0x0000000083b00000, 0x0000000083b00000| Untracked 
|  60|0x0000000083c00000, 0x0000000083c00000, 0x0000000083d00000|  0%| F|  |TAMS 0x0000000083c00000, 0x0000000083c00000| Untracked 
|  61|0x0000000083d00000, 0x0000000083d00000, 0x0000000083e00000|  0%| F|  |TAMS 0x0000000083d00000, 0x0000000083d00000| Untracked 
|  62|0x0000000083e00000, 0x0000000083e00000, 0x0000000083f00000|  0%| F|  |TAMS 0x0000000083e00000, 0x0000000083e00000| Untracked 
|  63|0x0000000083f00000, 0x0000000083f00000, 0x0000000084000000|  0%| F|  |TAMS 0x0000000083f00000, 0x0000000083f00000| Untracked 
|  64|0x0000000084000000, 0x0000000084000000, 0x0000000084100000|  0%| F|  |TAMS 0x0000000084000000, 0x0000000084000000| Untracked 
|  65|0x0000000084100000, 0x0000000084100000, 0x0000000084200000|  0%| F|  |TAMS 0x0000000084100000, 0x0000000084100000| Untracked 
|  66|0x0000000084200000, 0x0000000084200000, 0x0000000084300000|  0%| F|  |TAMS 0x0000000084200000, 0x0000000084200000| Untracked 
|  67|0x0000000084300000, 0x0000000084300000, 0x0000000084400000|  0%| F|  |TAMS 0x0000000084300000, 0x0000000084300000| Untracked 
|  68|0x0000000084400000, 0x0000000084400000, 0x0000000084500000|  0%| F|  |TAMS 0x0000000084400000, 0x0000000084400000| Untracked 
|  69|0x0000000084500000, 0x0000000084500000, 0x0000000084600000|  0%| F|  |TAMS 0x0000000084500000, 0x0000000084500000| Untracked 
|  70|0x0000000084600000, 0x0000000084600000, 0x0000000084700000|  0%| F|  |TAMS 0x0000000084600000, 0x0000000084600000| Untracked 
|  71|0x0000000084700000, 0x0000000084700000, 0x0000000084800000|  0%| F|  |TAMS 0x0000000084700000, 0x0000000084700000| Untracked 
|  72|0x0000000084800000, 0x0000000084800000, 0x0000000084900000|  0%| F|  |TAMS 0x0000000084800000, 0x0000000084800000| Untracked 
|  73|0x0000000084900000, 0x0000000084900000, 0x0000000084a00000|  0%| F|  |TAMS 0x0000000084900000, 0x0000000084900000| Untracked 
|  74|0x0000000084a00000, 0x0000000084a00000, 0x0000000084b00000|  0%| F|  |TAMS 0x0000000084a00000, 0x0000000084a00000| Untracked 
|  75|0x0000000084b00000, 0x0000000084b00000, 0x0000000084c00000|  0%| F|  |TAMS 0x0000000084b00000, 0x0000000084b00000| Untracked 
|  76|0x0000000084c00000, 0x0000000084c00000, 0x0000000084d00000|  0%| F|  |TAMS 0x0000000084c00000, 0x0000000084c00000| Untracked 
|  77|0x0000000084d00000, 0x0000000084d00000, 0x0000000084e00000|  0%| F|  |TAMS 0x0000000084d00000, 0x0000000084d00000| Untracked 
|  78|0x0000000084e00000, 0x0000000084e00000, 0x0000000084f00000|  0%| F|  |TAMS 0x0000000084e00000, 0x0000000084e00000| Untracked 
|  79|0x0000000084f00000, 0x0000000084f00000, 0x0000000085000000|  0%| F|  |TAMS 0x0000000084f00000, 0x0000000084f00000| Untracked 
|  80|0x0000000085000000, 0x0000000085000000, 0x0000000085100000|  0%| F|  |TAMS 0x0000000085000000, 0x0000000085000000| Untracked 
|  81|0x0000000085100000, 0x0000000085100000, 0x0000000085200000|  0%| F|  |TAMS 0x0000000085100000, 0x0000000085100000| Untracked 
|  82|0x0000000085200000, 0x0000000085200000, 0x0000000085300000|  0%| F|  |TAMS 0x0000000085200000, 0x0000000085200000| Untracked 
|  83|0x0000000085300000, 0x0000000085300000, 0x0000000085400000|  0%| F|  |TAMS 0x0000000085300000, 0x0000000085300000| Untracked 
|  84|0x0000000085400000, 0x0000000085400000, 0x0000000085500000|  0%| F|  |TAMS 0x0000000085400000, 0x0000000085400000| Untracked 
|  85|0x0000000085500000, 0x0000000085500000, 0x0000000085600000|  0%| F|  |TAMS 0x0000000085500000, 0x0000000085500000| Untracked 
|  86|0x0000000085600000, 0x0000000085600000, 0x0000000085700000|  0%| F|  |TAMS 0x0000000085600000, 0x0000000085600000| Untracked 
|  87|0x0000000085700000, 0x0000000085700000, 0x0000000085800000|  0%| F|  |TAMS 0x0000000085700000, 0x0000000085700000| Untracked 
|  88|0x0000000085800000, 0x0000000085800000, 0x0000000085900000|  0%| F|  |TAMS 0x0000000085800000, 0x0000000085800000| Untracked 
|  89|0x0000000085900000, 0x0000000085900000, 0x0000000085a00000|  0%| F|  |TAMS 0x0000000085900000, 0x0000000085900000| Untracked 
|  90|0x0000000085a00000, 0x0000000085a00000, 0x0000000085b00000|  0%| F|  |TAMS 0x0000000085a00000, 0x0000000085a00000| Untracked 
|  91|0x0000000085b00000, 0x0000000085b00000, 0x0000000085c00000|  0%| F|  |TAMS 0x0000000085b00000, 0x0000000085b00000| Untracked 
|  92|0x0000000085c00000, 0x0000000085c00000, 0x0000000085d00000|  0%| F|  |TAMS 0x0000000085c00000, 0x0000000085c00000| Untracked 
|  93|0x0000000085d00000, 0x0000000085d00000, 0x0000000085e00000|  0%| F|  |TAMS 0x0000000085d00000, 0x0000000085d00000| Untracked 
|  94|0x0000000085e00000, 0x0000000085e00000, 0x0000000085f00000|  0%| F|  |TAMS 0x0000000085e00000, 0x0000000085e00000| Untracked 
|  95|0x0000000085f00000, 0x0000000085f00000, 0x0000000086000000|  0%| F|  |TAMS 0x0000000085f00000, 0x0000000085f00000| Untracked 
|  96|0x0000000086000000, 0x0000000086000000, 0x0000000086100000|  0%| F|  |TAMS 0x0000000086000000, 0x0000000086000000| Untracked 
|  97|0x0000000086100000, 0x0000000086100000, 0x0000000086200000|  0%| F|  |TAMS 0x0000000086100000, 0x0000000086100000| Untracked 
|  98|0x0000000086200000, 0x0000000086200000, 0x0000000086300000|  0%| F|  |TAMS 0x0000000086200000, 0x0000000086200000| Untracked 
|  99|0x0000000086300000, 0x0000000086300000, 0x0000000086400000|  0%| F|  |TAMS 0x0000000086300000, 0x0000000086300000| Untracked 
| 100|0x0000000086400000, 0x0000000086400000, 0x0000000086500000|  0%| F|  |TAMS 0x0000000086400000, 0x0000000086400000| Untracked 
| 101|0x0000000086500000, 0x0000000086500000, 0x0000000086600000|  0%| F|  |TAMS 0x0000000086500000, 0x0000000086500000| Untracked 
| 102|0x0000000086600000, 0x0000000086600000, 0x0000000086700000|  0%| F|  |TAMS 0x0000000086600000, 0x0000000086600000| Untracked 
| 103|0x0000000086700000, 0x0000000086700000, 0x0000000086800000|  0%| F|  |TAMS 0x0000000086700000, 0x0000000086700000| Untracked 
| 104|0x0000000086800000, 0x0000000086800000, 0x0000000086900000|  0%| F|  |TAMS 0x0000000086800000, 0x0000000086800000| Untracked 
| 105|0x0000000086900000, 0x0000000086900000, 0x0000000086a00000|  0%| F|  |TAMS 0x0000000086900000, 0x0000000086900000| Untracked 
| 106|0x0000000086a00000, 0x0000000086a00000, 0x0000000086b00000|  0%| F|  |TAMS 0x0000000086a00000, 0x0000000086a00000| Untracked 
| 107|0x0000000086b00000, 0x0000000086b00000, 0x0000000086c00000|  0%| F|  |TAMS 0x0000000086b00000, 0x0000000086b00000| Untracked 
| 108|0x0000000086c00000, 0x0000000086c00000, 0x0000000086d00000|  0%| F|  |TAMS 0x0000000086c00000, 0x0000000086c00000| Untracked 
| 109|0x0000000086d00000, 0x0000000086d00000, 0x0000000086e00000|  0%| F|  |TAMS 0x0000000086d00000, 0x0000000086d00000| Untracked 
| 110|0x0000000086e00000, 0x0000000086e00000, 0x0000000086f00000|  0%| F|  |TAMS 0x0000000086e00000, 0x0000000086e00000| Untracked 
| 111|0x0000000086f00000, 0x0000000086f00000, 0x0000000087000000|  0%| F|  |TAMS 0x0000000086f00000, 0x0000000086f00000| Untracked 
| 112|0x0000000087000000, 0x0000000087000000, 0x0000000087100000|  0%| F|  |TAMS 0x0000000087000000, 0x0000000087000000| Untracked 
| 113|0x0000000087100000, 0x0000000087100000, 0x0000000087200000|  0%| F|  |TAMS 0x0000000087100000, 0x0000000087100000| Untracked 
| 114|0x0000000087200000, 0x0000000087200000, 0x0000000087300000|  0%| F|  |TAMS 0x0000000087200000, 0x0000000087200000| Untracked 
| 115|0x0000000087300000, 0x0000000087300000, 0x0000000087400000|  0%| F|  |TAMS 0x0000000087300000, 0x0000000087300000| Untracked 
| 116|0x0000000087400000, 0x0000000087400000, 0x0000000087500000|  0%| F|  |TAMS 0x0000000087400000, 0x0000000087400000| Untracked 
| 117|0x0000000087500000, 0x0000000087500000, 0x0000000087600000|  0%| F|  |TAMS 0x0000000087500000, 0x0000000087500000| Untracked 
| 118|0x0000000087600000, 0x0000000087600000, 0x0000000087700000|  0%| F|  |TAMS 0x0000000087600000, 0x0000000087600000| Untracked 
| 119|0x0000000087700000, 0x0000000087700000, 0x0000000087800000|  0%| F|  |TAMS 0x0000000087700000, 0x0000000087700000| Untracked 
| 120|0x0000000087800000, 0x0000000087800000, 0x0000000087900000|  0%| F|  |TAMS 0x0000000087800000, 0x0000000087800000| Untracked 
| 121|0x0000000087900000, 0x0000000087a00000, 0x0000000087a00000|100%| S|CS|TAMS 0x0000000087900000, 0x0000000087900000| Complete 
| 122|0x0000000087a00000, 0x0000000087b00000, 0x0000000087b00000|100%| S|CS|TAMS 0x0000000087a00000, 0x0000000087a00000| Complete 
| 123|0x0000000087b00000, 0x0000000087c00000, 0x0000000087c00000|100%| S|CS|TAMS 0x0000000087b00000, 0x0000000087b00000| Complete 
| 124|0x0000000087c00000, 0x0000000087c00000, 0x0000000087d00000|  0%| F|  |TAMS 0x0000000087c00000, 0x0000000087c00000| Untracked 
| 125|0x0000000087d00000, 0x0000000087d00000, 0x0000000087e00000|  0%| F|  |TAMS 0x0000000087d00000, 0x0000000087d00000| Untracked 
| 126|0x0000000087e00000, 0x0000000087e00000, 0x0000000087f00000|  0%| F|  |TAMS 0x0000000087e00000, 0x0000000087e00000| Untracked 
| 127|0x0000000087f00000, 0x0000000087f00000, 0x0000000088000000|  0%| F|  |TAMS 0x0000000087f00000, 0x0000000087f00000| Untracked 
| 128|0x0000000088000000, 0x0000000088000000, 0x0000000088100000|  0%| F|  |TAMS 0x0000000088000000, 0x0000000088000000| Untracked 
| 129|0x0000000088100000, 0x0000000088100000, 0x0000000088200000|  0%| F|  |TAMS 0x0000000088100000, 0x0000000088100000| Untracked 
| 130|0x0000000088200000, 0x0000000088200000, 0x0000000088300000|  0%| F|  |TAMS 0x0000000088200000, 0x0000000088200000| Untracked 
| 131|0x0000000088300000, 0x0000000088300000, 0x0000000088400000|  0%| F|  |TAMS 0x0000000088300000, 0x0000000088300000| Untracked 
| 132|0x0000000088400000, 0x0000000088400000, 0x0000000088500000|  0%| F|  |TAMS 0x0000000088400000, 0x0000000088400000| Untracked 
| 133|0x0000000088500000, 0x0000000088500000, 0x0000000088600000|  0%| F|  |TAMS 0x0000000088500000, 0x0000000088500000| Untracked 
| 134|0x0000000088600000, 0x0000000088600000, 0x0000000088700000|  0%| F|  |TAMS 0x0000000088600000, 0x0000000088600000| Untracked 
| 135|0x0000000088700000, 0x0000000088700000, 0x0000000088800000|  0%| F|  |TAMS 0x0000000088700000, 0x0000000088700000| Untracked 
| 136|0x0000000088800000, 0x0000000088800000, 0x0000000088900000|  0%| F|  |TAMS 0x0000000088800000, 0x0000000088800000| Untracked 
| 137|0x0000000088900000, 0x0000000088900000, 0x0000000088a00000|  0%| F|  |TAMS 0x0000000088900000, 0x0000000088900000| Untracked 
| 138|0x0000000088a00000, 0x0000000088a00000, 0x0000000088b00000|  0%| F|  |TAMS 0x0000000088a00000, 0x0000000088a00000| Untracked 
| 139|0x0000000088b00000, 0x0000000088b00000, 0x0000000088c00000|  0%| F|  |TAMS 0x0000000088b00000, 0x0000000088b00000| Untracked 
| 140|0x0000000088c00000, 0x0000000088c00000, 0x0000000088d00000|  0%| F|  |TAMS 0x0000000088c00000, 0x0000000088c00000| Untracked 
| 141|0x0000000088d00000, 0x0000000088d00000, 0x0000000088e00000|  0%| F|  |TAMS 0x0000000088d00000, 0x0000000088d00000| Untracked 
| 142|0x0000000088e00000, 0x0000000088e00000, 0x0000000088f00000|  0%| F|  |TAMS 0x0000000088e00000, 0x0000000088e00000| Untracked 
| 143|0x0000000088f00000, 0x0000000088f00000, 0x0000000089000000|  0%| F|  |TAMS 0x0000000088f00000, 0x0000000088f00000| Untracked 
| 144|0x0000000089000000, 0x0000000089000000, 0x0000000089100000|  0%| F|  |TAMS 0x0000000089000000, 0x0000000089000000| Untracked 
| 145|0x0000000089100000, 0x0000000089100000, 0x0000000089200000|  0%| F|  |TAMS 0x0000000089100000, 0x0000000089100000| Untracked 
| 146|0x0000000089200000, 0x0000000089200000, 0x0000000089300000|  0%| F|  |TAMS 0x0000000089200000, 0x0000000089200000| Untracked 
| 147|0x0000000089300000, 0x0000000089300000, 0x0000000089400000|  0%| F|  |TAMS 0x0000000089300000, 0x0000000089300000| Untracked 
| 148|0x0000000089400000, 0x0000000089400000, 0x0000000089500000|  0%| F|  |TAMS 0x0000000089400000, 0x0000000089400000| Untracked 
| 149|0x0000000089500000, 0x0000000089500000, 0x0000000089600000|  0%| F|  |TAMS 0x0000000089500000, 0x0000000089500000| Untracked 
| 150|0x0000000089600000, 0x0000000089600000, 0x0000000089700000|  0%| F|  |TAMS 0x0000000089600000, 0x0000000089600000| Untracked 
| 151|0x0000000089700000, 0x0000000089700000, 0x0000000089800000|  0%| F|  |TAMS 0x0000000089700000, 0x0000000089700000| Untracked 
| 152|0x0000000089800000, 0x000000008986bfa8, 0x0000000089900000| 42%| E|  |TAMS 0x0000000089800000, 0x0000000089800000| Complete 
| 153|0x0000000089900000, 0x0000000089a00000, 0x0000000089a00000|100%| E|CS|TAMS 0x0000000089900000, 0x0000000089900000| Complete 

Card table byte_map: [0x000002b57be70000,0x000002b57c270000] _byte_map_base: 0x000002b57ba70000

Marking Bits (Prev, Next): (CMBitMap*) 0x000002b5726ee7d0, (CMBitMap*) 0x000002b5726ee798
 Prev Bits: [0x000002b50f000000, 0x000002b511000000)
 Next Bits: [0x000002b57c670000, 0x000002b57e670000)

Polling page: 0x000002b5725a0000

Metaspace:

Usage:
  Non-class:     24.48 MB capacity,    24.11 MB ( 99%) used,   311.31 KB (  1%) free+waste,    63.56 KB ( <1%) overhead. 
      Class:      3.36 MB capacity,     3.13 MB ( 93%) used,   196.46 KB (  6%) free+waste,    31.31 KB ( <1%) overhead. 
       Both:     27.84 MB capacity,    27.25 MB ( 98%) used,   507.77 KB (  2%) free+waste,    94.88 KB ( <1%) overhead. 

Virtual space:
  Non-class space:       26.00 MB reserved,      24.50 MB ( 94%) committed 
      Class space:        1.00 GB reserved,       3.38 MB ( <1%) committed 
             Both:        1.03 GB reserved,      27.88 MB (  3%) committed 

Chunk freelists:
   Non-Class:  2.50 KB
       Class:  2.38 KB
        Both:  4.88 KB

CodeHeap 'non-profiled nmethods': size=120064Kb used=798Kb max_used=798Kb free=119265Kb
 bounds [0x000002b507ac0000, 0x000002b507d30000, 0x000002b50f000000]
CodeHeap 'profiled nmethods': size=120000Kb used=4747Kb max_used=4747Kb free=115252Kb
 bounds [0x000002b500590000, 0x000002b500a40000, 0x000002b507ac0000]
CodeHeap 'non-nmethods': size=5696Kb used=1146Kb max_used=1164Kb free=4549Kb
 bounds [0x000002b500000000, 0x000002b500270000, 0x000002b500590000]
 total_blobs=2720 nmethods=2260 adapters=371
 compilation: enabled
              stopped_count=0, restarted_count=0
 full_count=0

Compilation events (10 events):
Event: 3.198 Thread 0x000002b57eab4800 2242   !   3       jdk.internal.reflect.GeneratedMethodAccessor1::invoke (66 bytes)
Event: 3.198 Thread 0x000002b57eab4800 nmethod 2242 0x000002b500a1c810 code [0x000002b500a1ca40, 0x000002b500a1d1d8]
Event: 3.199 Thread 0x000002b57eab4800 2243   !   3       jdk.internal.reflect.GeneratedMethodAccessor2::invoke (66 bytes)
Event: 3.199 Thread 0x000002b57eab4800 nmethod 2243 0x000002b500a1d510 code [0x000002b500a1d740, 0x000002b500a1ded8]
Event: 3.201 Thread 0x000002b57eab4800 2244 %     3       com.sun.org.apache.xerces.internal.impl.io.UTF8Reader::read @ 113 (1443 bytes)
Event: 3.205 Thread 0x000002b57eab4800 nmethod 2244% 0x000002b500a1e210 code [0x000002b500a1e6a0, 0x000002b500a21538]
Event: 3.206 Thread 0x000002b57eab4800 2245       3       com.sun.org.apache.xerces.internal.impl.io.UTF8Reader::read (1443 bytes)
Event: 3.209 Thread 0x000002b57eab4800 nmethod 2245 0x000002b500a22910 code [0x000002b500a22d80, 0x000002b500a25a98]
Event: 3.210 Thread 0x000002b57eab4800 2246       1       java.util.concurrent.locks.ReentrantReadWriteLock$NonfairSync::writerShouldBlock (2 bytes)
Event: 3.210 Thread 0x000002b57eab4800 nmethod 2246 0x000002b507b86b90 code [0x000002b507b86d20, 0x000002b507b86dd8]

GC Heap History (10 events):
Event: 0.873 GC heap before
{Heap before GC invocations=1 (full 0):
 garbage-first heap   total 131072K, used 7574K [0x0000000080000000, 0x0000000100000000)
  region size 1024K, 6 young (6144K), 1 survivors (1024K)
 Metaspace       used 9506K, capacity 9633K, committed 9984K, reserved 1058816K
  class space    used 873K, capacity 909K, committed 1024K, reserved 1048576K
}
Event: 0.878 GC heap after
{Heap after GC invocations=2 (full 0):
 garbage-first heap   total 131072K, used 4399K [0x0000000080000000, 0x0000000100000000)
  region size 1024K, 1 young (1024K), 1 survivors (1024K)
 Metaspace       used 9506K, capacity 9633K, committed 9984K, reserved 1058816K
  class space    used 873K, capacity 909K, committed 1024K, reserved 1048576K
}
Event: 1.338 GC heap before
{Heap before GC invocations=2 (full 0):
 garbage-first heap   total 131072K, used 15663K [0x0000000080000000, 0x0000000100000000)
  region size 1024K, 13 young (13312K), 1 survivors (1024K)
 Metaspace       used 14050K, capacity 14230K, committed 14336K, reserved 1062912K
  class space    used 1366K, capacity 1447K, committed 1536K, reserved 1048576K
}
Event: 1.345 GC heap after
{Heap after GC invocations=3 (full 0):
 garbage-first heap   total 131072K, used 5667K [0x0000000080000000, 0x0000000100000000)
  region size 1024K, 2 young (2048K), 2 survivors (2048K)
 Metaspace       used 14050K, capacity 14230K, committed 14336K, reserved 1062912K
  class space    used 1366K, capacity 1447K, committed 1536K, reserved 1048576K
}
Event: 1.735 GC heap before
{Heap before GC invocations=3 (full 0):
 garbage-first heap   total 131072K, used 22051K [0x0000000080000000, 0x0000000100000000)
  region size 1024K, 18 young (18432K), 2 survivors (2048K)
 Metaspace       used 16906K, capacity 17218K, committed 17408K, reserved 1064960K
  class space    used 1826K, capacity 1938K, committed 2048K, reserved 1048576K
}
Event: 1.750 GC heap after
{Heap after GC invocations=4 (full 0):
 garbage-first heap   total 131072K, used 6519K [0x0000000080000000, 0x0000000100000000)
  region size 1024K, 2 young (2048K), 2 survivors (2048K)
 Metaspace       used 16906K, capacity 17218K, committed 17408K, reserved 1064960K
  class space    used 1826K, capacity 1938K, committed 2048K, reserved 1048576K
}
Event: 2.268 GC heap before
{Heap before GC invocations=4 (full 0):
 garbage-first heap   total 131072K, used 25975K [0x0000000080000000, 0x0000000100000000)
  region size 1024K, 23 young (23552K), 2 survivors (2048K)
 Metaspace       used 20832K, capacity 21217K, committed 21248K, reserved 1069056K
  class space    used 2377K, capacity 2531K, committed 2560K, reserved 1048576K
}
Event: 2.277 GC heap after
{Heap after GC invocations=5 (full 0):
 garbage-first heap   total 157696K, used 7276K [0x0000000080000000, 0x0000000100000000)
  region size 1024K, 3 young (3072K), 3 survivors (3072K)
 Metaspace       used 20832K, capacity 21217K, committed 21248K, reserved 1069056K
  class space    used 2377K, capacity 2531K, committed 2560K, reserved 1048576K
}
Event: 3.129 GC heap before
{Heap before GC invocations=6 (full 0):
 garbage-first heap   total 157696K, used 37996K [0x0000000080000000, 0x0000000100000000)
  region size 1024K, 33 young (33792K), 3 survivors (3072K)
 Metaspace       used 27813K, capacity 28399K, committed 28544K, reserved 1075200K
  class space    used 3205K, capacity 3430K, committed 3456K, reserved 1048576K
}
Event: 3.141 GC heap after
{Heap after GC invocations=7 (full 0):
 garbage-first heap   total 157696K, used 8608K [0x0000000080000000, 0x0000000100000000)
  region size 1024K, 3 young (3072K), 3 survivors (3072K)
 Metaspace       used 27813K, capacity 28399K, committed 28544K, reserved 1075200K
  class space    used 3205K, capacity 3430K, committed 3456K, reserved 1048576K
}

Deoptimization events (10 events):
Event: 2.109 Thread 0x000002b5727e5000 Uncommon trap: reason=profile_predicate action=maybe_recompile pc=0x000002b507b44b48 method=org.springframework.boot.context.properties.source.ConfigurationPropertyName$Elements.canShortcutWithSource(Lorg/springframework/boot/context/properties/source/Con
Event: 2.212 Thread 0x000002b5727e5000 Uncommon trap: reason=unstable_if action=reinterpret pc=0x000002b507b4f8ac method=java.util.concurrent.ConcurrentHashMap.transfer([Ljava/util/concurrent/ConcurrentHashMap$Node;[Ljava/util/concurrent/ConcurrentHashMap$Node;)V @ 273 c2
Event: 2.683 Thread 0x000002b5727e5000 Uncommon trap: reason=bimorphic_or_optimized_type_check action=maybe_recompile pc=0x000002b507b6e05c method=java.util.HashMap.putVal(ILjava/lang/Object;Ljava/lang/Object;ZZ)Ljava/lang/Object; @ 203 c2
Event: 2.689 Thread 0x000002b5727e5000 Uncommon trap: reason=bimorphic_or_optimized_type_check action=maybe_recompile pc=0x000002b507b6e05c method=java.util.HashMap.putVal(ILjava/lang/Object;Ljava/lang/Object;ZZ)Ljava/lang/Object; @ 203 c2
Event: 2.697 Thread 0x000002b5727e5000 Uncommon trap: reason=bimorphic_or_optimized_type_check action=maybe_recompile pc=0x000002b507b6e05c method=java.util.HashMap.putVal(ILjava/lang/Object;Ljava/lang/Object;ZZ)Ljava/lang/Object; @ 203 c2
Event: 2.697 Thread 0x000002b513390800 Uncommon trap: reason=unstable_if action=reinterpret pc=0x000002b507b21d78 method=jdk.internal.org.objectweb.asm.Type.getArgumentsAndReturnSizes(Ljava/lang/String;)I @ 47 c2
Event: 2.800 Thread 0x000002b513390800 Uncommon trap: reason=unstable_if action=reinterpret pc=0x000002b507b3061c method=java.nio.Buffer.position(I)Ljava/nio/Buffer; @ 37 c2
Event: 2.802 Thread 0x000002b513390800 Uncommon trap: reason=unstable_if action=reinterpret pc=0x000002b507b763f8 method=java.util.LinkedHashMap.get(Ljava/lang/Object;)Ljava/lang/Object; @ 20 c2
Event: 2.808 Thread 0x000002b513390800 Uncommon trap: reason=unstable_if action=reinterpret pc=0x000002b507b2ad9c method=java.nio.Buffer.position(I)Ljava/nio/Buffer; @ 37 c2
Event: 2.875 Thread 0x000002b5727e5000 Uncommon trap: reason=bimorphic_or_optimized_type_check action=maybe_recompile pc=0x000002b507b6e05c method=java.util.HashMap.putVal(ILjava/lang/Object;Ljava/lang/Object;ZZ)Ljava/lang/Object; @ 203 c2

Classes redefined (0 events):
No events

Internal exceptions (10 events):
Event: 2.390 Thread 0x000002b5727e5000 Exception <a 'java/lang/ClassNotFoundException'{0x00000000893e1848}: org/springframework/beans/factory/AwareCustomizer> (0x00000000893e1848) thrown at [./open/src/hotspot/share/classfile/systemDictionary.cpp, line 226]
Event: 2.668 Thread 0x000002b5727e5000 Exception <a 'java/lang/NoSuchMethodError'{0x000000008856b668}: java.lang.invoke.DirectMethodHandle$Holder.invokeSpecial(Ljava/lang/Object;Ljava/lang/Object;Ljava/lang/Object;Ljava/lang/Object;Ljava/lang/Object;)I> (0x000000008856b668) thrown at [./open/s
Event: 2.671 Thread 0x000002b5727e5000 Exception <a 'java/lang/NoSuchMethodError'{0x0000000088583918}: java.lang.invoke.DirectMethodHandle$Holder.invokeInterface(Ljava/lang/Object;Ljava/lang/Object;Ljava/lang/Object;Ljava/lang/Object;)V> (0x0000000088583918) thrown at [./open/src/hotspot/share
Event: 2.697 Thread 0x000002b513390800 Exception <a 'java/lang/NoSuchMethodError'{0x000000008845f0d8}: java.lang.invoke.DirectMethodHandle$Holder.invokeSpecial(Ljava/lang/Object;Ljava/lang/Object;)J> (0x000000008845f0d8) thrown at [./open/src/hotspot/share/interpreter/linkResolver.cpp, line 77
Event: 2.700 Thread 0x000002b513390800 Exception <a 'java/lang/NoSuchMethodError'{0x0000000088469860}: java.lang.invoke.DirectMethodHandle$Holder.invokeStatic(Ljava/lang/Object;Ljava/lang/Object;)J> (0x0000000088469860) thrown at [./open/src/hotspot/share/interpreter/linkResolver.cpp, line 772
Event: 2.700 Thread 0x000002b513390800 Exception <a 'java/lang/NoSuchMethodError'{0x000000008846c688}: java.lang.invoke.DirectMethodHandle$Holder.invokeStaticInit(Ljava/lang/Object;Ljava/lang/Object;)J> (0x000000008846c688) thrown at [./open/src/hotspot/share/interpreter/linkResolver.cpp, line
Event: 2.714 Thread 0x000002b513390800 Exception <a 'java/lang/NoSuchMethodError'{0x0000000088478ad0}: java.lang.invoke.DirectMethodHandle$Holder.invokeInterface(Ljava/lang/Object;Ljava/lang/Object;)J> (0x0000000088478ad0) thrown at [./open/src/hotspot/share/interpreter/linkResolver.cpp, line 
Event: 2.715 Thread 0x000002b513390800 Exception <a 'java/lang/IncompatibleClassChangeError'{0x000000008847b868}: Found class java.lang.Object, but interface was expected> (0x000000008847b868) thrown at [./open/src/hotspot/share/interpreter/linkResolver.cpp, line 838]
Event: 2.758 Thread 0x000002b513390800 Exception <a 'java/lang/NoSuchMethodError'{0x00000000882e8cb0}: java.lang.invoke.DirectMethodHandle$Holder.invokeVirtual(Ljava/lang/Object;Ljava/lang/Object;Ljava/lang/Object;Ljava/lang/Object;)Ljava/lang/Object;> (0x00000000882e8cb0) thrown at [./open/sr
Event: 3.109 Thread 0x000002b5727e5000 Exception <a 'java/lang/NoSuchMethodError'{0x0000000087c14410}: org.slf4j.impl.StaticMDCBinder.getSingleton()Lorg/slf4j/impl/StaticMDCBinder;> (0x0000000087c14410) thrown at [./open/src/hotspot/share/interpreter/linkResolver.cpp, line 772]

Events (10 events):
Event: 3.120 loading class org/springframework/cglib/core/EmitUtils$11
Event: 3.120 loading class org/springframework/cglib/core/EmitUtils$11 done
Event: 3.120 loading class org/springframework/cglib/core/EmitUtils$12
Event: 3.120 loading class org/springframework/cglib/core/EmitUtils$12 done
Event: 3.121 loading class org/springframework/cglib/core/EmitUtils$13
Event: 3.121 loading class org/springframework/cglib/core/EmitUtils$13 done
Event: 3.122 loading class org/springframework/cglib/core/EmitUtils$14
Event: 3.122 loading class org/springframework/cglib/core/EmitUtils$14 done
Event: 3.126 Executing VM operation: G1CollectForAllocation
Event: 3.141 Executing VM operation: G1CollectForAllocation done


Dynamic libraries:
0x00007ff63d520000 - 0x00007ff63d52f000 	C:\Program Files\Java\jdk-11.0.15\bin\java.exe
0x00007ff843070000 - 0x00007ff843268000 	C:\Windows\SYSTEM32\ntdll.dll
0x00007ff842ec0000 - 0x00007ff842f7d000 	C:\Windows\System32\KERNEL32.DLL
0x00007ff840800000 - 0x00007ff840ace000 	C:\Windows\System32\KERNELBASE.dll
0x00007ff840c70000 - 0x00007ff840d70000 	C:\Windows\System32\ucrtbase.dll
0x00007ff82d6c0000 - 0x00007ff82d6d8000 	C:\Program Files\Java\jdk-11.0.15\bin\jli.dll
0x00007ff842f80000 - 0x00007ff84302e000 	C:\Windows\System32\ADVAPI32.dll
0x00007ff8413b0000 - 0x00007ff84144e000 	C:\Windows\System32\msvcrt.dll
0x00007ff841450000 - 0x00007ff8414ec000 	C:\Windows\System32\sechost.dll
0x00007ff841ca0000 - 0x00007ff841dc5000 	C:\Windows\System32\RPCRT4.dll
0x00007ff841130000 - 0x00007ff8412d0000 	C:\Windows\System32\USER32.dll
0x00007ff841070000 - 0x00007ff841092000 	C:\Windows\System32\win32u.dll
0x00007ff841100000 - 0x00007ff84112a000 	C:\Windows\System32\GDI32.dll
0x00007ff840b60000 - 0x00007ff840c6b000 	C:\Windows\System32\gdi32full.dll
0x00007ff840fd0000 - 0x00007ff84106d000 	C:\Windows\System32\msvcp_win.dll
0x00007ff82ce40000 - 0x00007ff82ce55000 	C:\Program Files\Java\jdk-11.0.15\bin\VCRUNTIME140.dll
0x00007ff82bb40000 - 0x00007ff82bdda000 	C:\Windows\WinSxS\amd64_microsoft.windows.common-controls_6595b64144ccf1df_6.0.19041.1110_none_60b5254171f9507e\COMCTL32.dll
0x00007ff838ae0000 - 0x00007ff838aea000 	C:\Windows\SYSTEM32\VERSION.dll
0x00007ff841b40000 - 0x00007ff841b70000 	C:\Windows\System32\IMM32.DLL
0x00007ff82cd60000 - 0x00007ff82cdfb000 	C:\Program Files\Java\jdk-11.0.15\bin\msvcp140.dll
0x00007ff82b020000 - 0x00007ff82bb36000 	C:\Program Files\Java\jdk-11.0.15\bin\server\jvm.dll
0x00007ff841850000 - 0x00007ff841858000 	C:\Windows\System32\PSAPI.DLL
0x00007ff8312e0000 - 0x00007ff8312e9000 	C:\Windows\SYSTEM32\WSOCK32.dll
0x00007ff842700000 - 0x00007ff84276b000 	C:\Windows\System32\WS2_32.dll
0x00007ff82cd30000 - 0x00007ff82cd57000 	C:\Windows\SYSTEM32\WINMM.dll
0x00007ff83e670000 - 0x00007ff83e682000 	C:\Windows\SYSTEM32\kernel.appcore.dll
0x00007ff82ce30000 - 0x00007ff82ce40000 	C:\Program Files\Java\jdk-11.0.15\bin\verify.dll
0x00007ff82e9b0000 - 0x00007ff82eb94000 	C:\Windows\SYSTEM32\DBGHELP.DLL
0x00007ff832150000 - 0x00007ff83217c000 	C:\Windows\SYSTEM32\dbgcore.DLL
0x00007ff840ad0000 - 0x00007ff840b52000 	C:\Windows\System32\bcryptPrimitives.dll
0x00007ff82ad80000 - 0x00007ff82ada8000 	C:\Program Files\Java\jdk-11.0.15\bin\java.dll
0x00007ff82ad70000 - 0x00007ff82ad7a000 	C:\Program Files\Java\jdk-11.0.15\bin\jimage.dll
0x00007ff83c1d0000 - 0x00007ff83c1de000 	C:\Program Files\Java\jdk-11.0.15\bin\instrument.dll
0x00007ff82ad50000 - 0x00007ff82ad66000 	C:\Program Files\Java\jdk-11.0.15\bin\zip.dll
0x00007ff842770000 - 0x00007ff842eb4000 	C:\Windows\System32\SHELL32.dll
0x00007ff83e870000 - 0x00007ff83f004000 	C:\Windows\SYSTEM32\windows.storage.dll
0x00007ff8414f0000 - 0x00007ff841844000 	C:\Windows\System32\combase.dll
0x00007ff840040000 - 0x00007ff840070000 	C:\Windows\SYSTEM32\Wldp.dll
0x00007ff841dd0000 - 0x00007ff841e7d000 	C:\Windows\System32\SHCORE.dll
0x00007ff841350000 - 0x00007ff8413a5000 	C:\Windows\System32\shlwapi.dll
0x00007ff8406d0000 - 0x00007ff8406ef000 	C:\Windows\SYSTEM32\profapi.dll
0x00007ff82aa50000 - 0x00007ff82aa69000 	C:\Program Files\Java\jdk-11.0.15\bin\net.dll
0x00007ff838320000 - 0x00007ff83842a000 	C:\Windows\SYSTEM32\WINHTTP.dll
0x00007ff83fe20000 - 0x00007ff83fe8a000 	C:\Windows\system32\mswsock.dll
0x00007ff82aa30000 - 0x00007ff82aa42000 	C:\Program Files\Java\jdk-11.0.15\bin\nio.dll
0x00007ff8289c0000 - 0x00007ff8289da000 	C:\Program Files\JetBrains\IntelliJ IDEA Community Edition 2022.2.1\bin\breakgen64.dll
0x00007ff83fb30000 - 0x00007ff83fb6b000 	C:\Windows\SYSTEM32\IPHLPAPI.DLL
0x00007ff842110000 - 0x00007ff842118000 	C:\Windows\System32\NSI.dll
0x00007ff8392b0000 - 0x00007ff8392c7000 	C:\Windows\SYSTEM32\dhcpcsvc6.DLL
0x00007ff839230000 - 0x00007ff83924d000 	C:\Windows\SYSTEM32\dhcpcsvc.DLL
0x00007ff83fbc0000 - 0x00007ff83fc8a000 	C:\Windows\SYSTEM32\DNSAPI.dll
0x00007ff8379c0000 - 0x00007ff8379ca000 	C:\Windows\System32\rasadhlp.dll
0x00007ff838240000 - 0x00007ff8382c0000 	C:\Windows\System32\fwpuclnt.dll
0x00007ff8410a0000 - 0x00007ff8410c7000 	C:\Windows\System32\bcrypt.dll
0x00007ff8295d0000 - 0x00007ff8295d9000 	C:\Program Files\Java\jdk-11.0.15\bin\management.dll
0x00007ff8295c0000 - 0x00007ff8295cb000 	C:\Program Files\Java\jdk-11.0.15\bin\management_ext.dll
0x00007ff826d00000 - 0x00007ff826d17000 	C:\Windows\system32\napinsp.dll
0x00007ff826ce0000 - 0x00007ff826cfb000 	C:\Windows\system32\pnrpnsp.dll
0x00007ff826cc0000 - 0x00007ff826cd5000 	C:\Windows\system32\wshbth.dll
0x00007ff83c130000 - 0x00007ff83c14d000 	C:\Windows\system32\NLAapi.dll
0x00007ff826ca0000 - 0x00007ff826cb2000 	C:\Windows\System32\winrnr.dll

dbghelp: loaded successfully - version: 4.0.5 - missing functions: none
symbol engine: initialized successfully - sym options: 0x614 - pdb path: .;C:\Program Files\Java\jdk-11.0.15\bin;C:\Windows\SYSTEM32;C:\Windows\WinSxS\amd64_microsoft.windows.common-controls_6595b64144ccf1df_6.0.19041.1110_none_60b5254171f9507e;C:\Program Files\Java\jdk-11.0.15\bin\server;C:\Program Files\JetBrains\IntelliJ IDEA Community Edition 2022.2.1\bin

VM Arguments:
jvm_args: -javaagent:C:\Program Files\JetBrains\IntelliJ IDEA Community Edition 2022.2.1\lib\idea_rt.jar=59381:C:\Program Files\JetBrains\IntelliJ IDEA Community Edition 2022.2.1\bin -Dfile.encoding=UTF-8 
java_command: com.training.Microservice1Application
java_class_path (initial): C:\Users\sfjbs\Downloads\cloud-sleuth-main\cloud-sleuth-main\microservice1\target\classes;C:\Users\sfjbs\.m2\repository\org\springframework\cloud\spring-cloud-starter-sleuth\2.1.2.RELEASE\spring-cloud-starter-sleuth-2.1.2.RELEASE.jar;C:\Users\sfjbs\.m2\repository\org\springframework\cloud\spring-cloud-starter\2.1.2.RELEASE\spring-cloud-starter-2.1.2.RELEASE.jar;C:\Users\sfjbs\.m2\repository\org\springframework\cloud\spring-cloud-context\2.1.2.RELEASE\spring-cloud-context-2.1.2.RELEASE.jar;C:\Users\sfjbs\.m2\repository\org\springframework\security\spring-security-crypto\5.1.6.RELEASE\spring-security-crypto-5.1.6.RELEASE.jar;C:\Users\sfjbs\.m2\repository\org\springframework\cloud\spring-cloud-commons\2.1.2.RELEASE\spring-cloud-commons-2.1.2.RELEASE.jar;C:\Users\sfjbs\.m2\repository\org\springframework\security\spring-security-rsa\1.0.7.RELEASE\spring-security-rsa-1.0.7.RELEASE.jar;C:\Users\sfjbs\.m2\repository\org\bouncycastle\bcpkix-jdk15on\1.60\bcpkix-jdk15on-1.60.jar;C:\Users\sfjbs\.m2\repository\org\bouncycastle\bcprov-jdk15on\1.60\bcprov-jdk15on-1.60.jar;C:\Users\sfjbs\.m2\repository\org\springframework\boot\spring-boot-starter-aop\2.1.7.RELEASE\spring-boot-starter-aop-2.1.7.RELEASE.jar;C:\Users\sfjbs\.m2\repository\org\springframework\spring-aop\5.1.9.RELEASE\spring-aop-5.1.9.RELEASE.jar;C:\Users\sfjbs\.m2\repository\org\aspectj\aspectjweaver\1.9.4\aspectjweaver-1.9.4.jar;C:\Users\sfjbs\.m2\repository\org\springframework\cloud\spring-cloud-sleuth-core\2.1.2.RELEASE\spring-cloud-sleuth-core-2.1.2.RELEASE.jar;C:\Users\sfjbs\.m2\repository\org\springframework\spring-context\5.1.9.RELEASE\spring-context-5.1.9.RELEASE.jar;C:\Users\sfjbs\.m2\repository\org\aspectj\aspectjrt\1.9.4\aspectjrt-1.9.4.jar;C:\Users\sfjbs\.m2\repository\io\zipkin\brave\brave\5.6.5\brave-5.6.5.jar;C:\Users\sfjbs\.m2\repository\io\zipkin\brave\brave-context-log4j2\5.6.5\brave-context-log4j2-5.6.5.jar;C:\Users\sfjbs\.m2\repository\io\zipkin\brave\brave-instrumentatio
Launcher Type: SUN_STANDARD

[Global flags]
     intx CICompilerCount                          = 2                                         {product} {ergonomic}
     uint ConcGCThreads                            = 1                                         {product} {ergonomic}
     uint G1ConcRefinementThreads                  = 2                                         {product} {ergonomic}
   size_t G1HeapRegionSize                         = 1048576                                   {product} {ergonomic}
    uintx GCDrainStackTargetSize                   = 64                                        {product} {ergonomic}
   size_t InitialHeapSize                          = 134217728                                 {product} {ergonomic}
   size_t MarkStackSize                            = 4194304                                   {product} {ergonomic}
   size_t MaxHeapSize                              = 2147483648                                {product} {ergonomic}
   size_t MaxNewSize                               = 1287651328                                {product} {ergonomic}
   size_t MinHeapDeltaBytes                        = 1048576                                   {product} {ergonomic}
    uintx NonNMethodCodeHeapSize                   = 5825164                                {pd product} {ergonomic}
    uintx NonProfiledCodeHeapSize                  = 122916538                              {pd product} {ergonomic}
    uintx ProfiledCodeHeapSize                     = 122916538                              {pd product} {ergonomic}
    uintx ReservedCodeCacheSize                    = 251658240                              {pd product} {ergonomic}
     bool SegmentedCodeCache                       = true                                      {product} {ergonomic}
     bool UseCompressedClassPointers               = true                                 {lp64_product} {ergonomic}
     bool UseCompressedOops                        = true                                 {lp64_product} {ergonomic}
     bool UseG1GC                                  = true                                      {product} {ergonomic}
     bool UseLargePagesIndividualAllocation        = false                                  {pd product} {ergonomic}

Logging:
Log output configuration:
 #0: stdout all=warning uptime,level,tags
 #1: stderr all=off uptime,level,tags

Environment Variables:
PATH=C:\Program Files\Common Files\Oracle\Java\javapath;C:\Windows\system32;C:\Windows;C:\Windows\System32\Wbem;C:\Windows\System32\WindowsPowerShell\v1.0\;C:\Windows\System32\OpenSSH\;C:\Program Files\PuTTY\;C:\Program Files\Git\cmd;C:\Program Files\Docker\Docker\resources\bin;C:\ProgramData\DockerDesktop\version-bin;C:\Users\sfjbs\Downloads\apache-maven-3.8.6-bin\apache-maven-3.8.6\bin;C:\Users\sfjbs\Downloads\apache-maven-3.8.6-bin\apache-maven-3.8.6\lib;C:\Users\sfjbs\AppData\Local\Microsoft\WindowsApps;C:\Program Files\JetBrains\IntelliJ IDEA Community Edition 2022.2.1\bin;;C:\Users\sfjbs\Downloads\apache-maven-3.8.6-bin\apache-maven-3.8.6\bin;C:\Users\sfjbs\Downloads\apache-maven-3.8.6-bin\apache-maven-3.8.6\lib;
USERNAME=sfjbs
OS=Windows_NT
PROCESSOR_IDENTIFIER=Intel64 Family 6 Model 85 Stepping 7, GenuineIntel



---------------  S Y S T E M  ---------------

OS: Windows 10 , 64 bit Build 19041 (10.0.19041.1889)
Hyper-V role detected

CPU:total 2 (initial active 2) (1 cores per cpu, 2 threads per core) family 6 model 85 stepping 7 microcode 0xffffffff, cmov, cx8, fxsr, mmx, sse, sse2, sse3, ssse3, sse4.1, sse4.2, popcnt, avx, avx2, aes, clmul, erms, rtm, 3dnowpref, lzcnt, ht, tsc, bmi1, bmi2, adx, evex, fma

Memory: 4k page, system-wide physical 8190M (1051M free)
TotalPageFile size 10238M (AvailPageFile size 4M)
current process WorkingSet (physical memory assigned to process): 158M, peak: 158M
current process commit charge ("private bytes"): 286M, peak: 288M

vm_info: Java HotSpot(TM) 64-Bit Server VM (11.0.15+8-LTS-149) for windows-amd64 JRE (11.0.15+8-LTS-149), built on Mar  9 2022 22:42:32 by "mach5one" with MS VC++ 15.9 (VS2017)

END.
