#
# There is insufficient memory for the Java Runtime Environment to continue.
# Native memory allocation (mmap) failed to map 46137344 bytes for Failed to commit area from 0x000000008a100000 to 0x000000008cd00000 of length 46137344.
# Possible reasons:
#   The system is out of physical RAM or swap space
#   The process is running with CompressedOops enabled, and the Java Heap may be blocking the growth of the native heap
# Possible solutions:
#   Reduce memory load on the system
#   Increase physical memory or swap space
#   Check if swap backing store is full
#   Decrease Java heap size (-Xmx/-Xms)
#   Decrease number of Java threads
#   Decrease Java thread stack sizes (-Xss)
#   Set larger code cache with -XX:ReservedCodeCacheSize=
#   JVM is running with Unscaled Compressed Oops mode in which the Java heap is
#     placed in the first 4GB address space. The Java Heap base address is the
#     maximum limit for the native heap growth. Please use -XX:HeapBaseMinAddress
#     to set the Java Heap base and to place the Java Heap above 4GB virtual address.
# This output file may be truncated or incomplete.
#
#  Out of Memory Error (./open/src/hotspot/os/windows/os_windows.cpp:3287), pid=9028, tid=7384
#
# JRE version: Java(TM) SE Runtime Environment 18.9 (11.0.15+8) (build 11.0.15+8-LTS-149)
# Java VM: Java HotSpot(TM) 64-Bit Server VM 18.9 (11.0.15+8-LTS-149, mixed mode, tiered, compressed oops, g1 gc, windows-amd64)
# No core dump will be written. Minidumps are not enabled by default on client versions of Windows
#

---------------  S U M M A R Y ------------

Command Line: -javaagent:C:\Program Files\JetBrains\IntelliJ IDEA Community Edition 2022.2.1\lib\idea_rt.jar=54728:C:\Program Files\JetBrains\IntelliJ IDEA Community Edition 2022.2.1\bin -Dfile.encoding=UTF-8 com.training.springeurekaclient.SpringEurekaClientApplication

Host: Intel(R) Xeon(R) Platinum 8272CL CPU @ 2.60GHz, 2 cores, 7G,  Windows 10 , 64 bit Build 19041 (10.0.19041.1889)
Time: Tue Sep  6 05:10:08 2022 Coordinated Universal Time elapsed time: 9.192444 seconds (0d 0h 0m 9s)

---------------  T H R E A D  ---------------

Current thread (0x000002907de18000):  VMThread "VM Thread" [stack: 0x000000f061300000,0x000000f061400000] [id=7384]

Stack: [0x000000f061300000,0x000000f061400000]
[error occurred during error reporting (printing stack bounds), id 0xc0000005, EXCEPTION_ACCESS_VIOLATION (0xc0000005) at pc=0x00000290680710e7]

Native frames: (J=compiled Java code, j=interpreted, Vv=VM code, C=native code)
V  [jvm.dll+0x629d8a]
V  [jvm.dll+0x7638ff]
V  [jvm.dll+0x764fa9]
V  [jvm.dll+0x765595]
V  [jvm.dll+0x76554b]
V  [jvm.dll+0x629273]
V  [jvm.dll+0x629988]
C  [ntdll.dll+0xa229f]
C  [ntdll.dll+0x51454]
C  [ntdll.dll+0xa0dce]
C  0x00000290680710e7

VM_Operation (0x000000f060dfa0f0): G1CollectForAllocation, mode: safepoint, requested by thread 0x00000290609c4000


---------------  P R O C E S S  ---------------

Threads class SMR info:
_java_thread_list=0x00000290009287a0, length=15, elements={
0x00000290609c4000, 0x000002907de2a800, 0x000002907de23800, 0x000002907e6b2800,
0x000002907de38800, 0x000002907de39000, 0x000002907de3a800, 0x000002907e6e8800,
0x000002907e6eb800, 0x000002907e7e6000, 0x000002907eb72800, 0x000002907edd8000,
0x000002907edd7000, 0x000002907edd9800, 0x000002907edd4800
}

Java Threads: ( => current thread )
  0x00000290609c4000 JavaThread "main" [_thread_blocked, id=11468, stack(0x000000f060d00000,0x000000f060e00000)]
  0x000002907de2a800 JavaThread "Reference Handler" daemon [_thread_blocked, id=11108, stack(0x000000f061400000,0x000000f061500000)]
  0x000002907de23800 JavaThread "Finalizer" daemon [_thread_blocked, id=364, stack(0x000000f061500000,0x000000f061600000)]
  0x000002907e6b2800 JavaThread "Signal Dispatcher" daemon [_thread_blocked, id=12028, stack(0x000000f061600000,0x000000f061700000)]
  0x000002907de38800 JavaThread "Attach Listener" daemon [_thread_blocked, id=4820, stack(0x000000f061700000,0x000000f061800000)]
  0x000002907de39000 JavaThread "Service Thread" daemon [_thread_blocked, id=8520, stack(0x000000f061800000,0x000000f061900000)]
  0x000002907de3a800 JavaThread "C2 CompilerThread0" daemon [_thread_blocked, id=8040, stack(0x000000f061900000,0x000000f061a00000)]
  0x000002907e6e8800 JavaThread "C1 CompilerThread0" daemon [_thread_blocked, id=8856, stack(0x000000f061a00000,0x000000f061b00000)]
  0x000002907e6eb800 JavaThread "Sweeper thread" daemon [_thread_blocked, id=7188, stack(0x000000f061b00000,0x000000f061c00000)]
  0x000002907e7e6000 JavaThread "Common-Cleaner" daemon [_thread_blocked, id=5312, stack(0x000000f061c00000,0x000000f061d00000)]
  0x000002907eb72800 JavaThread "Monitor Ctrl-Break" daemon [_thread_in_native, id=9528, stack(0x000000f061d00000,0x000000f061e00000)]
  0x000002907edd8000 JavaThread "spring.cloud.inetutils" daemon [_thread_blocked, id=14328, stack(0x000000f062000000,0x000000f062100000)]
  0x000002907edd7000 JavaThread "Catalina-utility-1" [_thread_blocked, id=11452, stack(0x000000f062100000,0x000000f062200000)]
  0x000002907edd9800 JavaThread "Catalina-utility-2" [_thread_blocked, id=13020, stack(0x000000f062200000,0x000000f062300000)]
  0x000002907edd4800 JavaThread "container-0" [_thread_blocked, id=13972, stack(0x000000f062300000,0x000000f062400000)]

Other Threads:
=>0x000002907de18000 VMThread "VM Thread" [stack: 0x000000f061300000,0x000000f061400000] [id=7384]
  0x000002907ea26800 WatcherThread [stack: 0x000000f061e00000,0x000000f061f00000] [id=13896]
  0x00000290609da000 GCTaskThread "GC Thread#0" [stack: 0x000000f060e00000,0x000000f060f00000] [id=548]
  0x000002907eb19800 GCTaskThread "GC Thread#1" [stack: 0x000000f061f00000,0x000000f062000000] [id=7824]
  0x0000029060a0b000 ConcurrentGCThread "G1 Main Marker" [stack: 0x000000f060f00000,0x000000f061000000] [id=7820]
  0x0000029060a0d800 ConcurrentGCThread "G1 Conc#0" [stack: 0x000000f061000000,0x000000f061100000] [id=9780]
  0x0000029060a95000 ConcurrentGCThread "G1 Refine#0" [stack: 0x000000f061100000,0x000000f061200000] [id=4304]
  0x0000029060a97000 ConcurrentGCThread "G1 Young RemSet Sampling" [stack: 0x000000f061200000,0x000000f061300000] [id=6420]

Threads with active compile tasks:
C2 CompilerThread0   9203 4539       4       java.lang.Class::getMethodsRecursive (99 bytes)

VM state:at safepoint (normal execution)

VM Mutex/Monitor currently owned by a thread:  ([mutex/lock_event])
[0x00000290609c05d0] Threads_lock - owner thread: 0x000002907de18000
[0x00000290609c1740] Heap_lock - owner thread: 0x00000290609c4000

Heap address: 0x0000000080000000, size: 2048 MB, Compressed Oops mode: 32-bit
Narrow klass base: 0x0000000000000000, Narrow klass shift: 3
Compressed class space size: 1073741824 Address: 0x0000000100000000

Heap:
 garbage-first heap   total 209920K, used 23471K [0x0000000080000000, 0x0000000100000000)
  region size 1024K, 12 young (12288K), 12 survivors (12288K)
 Metaspace       used 43003K, capacity 44052K, committed 44368K, reserved 1087488K
  class space    used 5096K, capacity 5544K, committed 5632K, reserved 1048576K
Heap Regions: E=young(eden), S=young(survivor), O=old, HS=humongous(starts), HC=humongous(continues), CS=collection set, F=free, A=archive, TAMS=top-at-mark-start (previous, next)
|   0|0x0000000080000000, 0x0000000080100000, 0x0000000080100000|100%| O|  |TAMS 0x0000000080100000, 0x0000000080000000| Untracked 
|   1|0x0000000080100000, 0x0000000080200000, 0x0000000080200000|100%| O|  |TAMS 0x0000000080200000, 0x0000000080100000| Untracked 
|   2|0x0000000080200000, 0x0000000080300000, 0x0000000080300000|100%| O|  |TAMS 0x0000000080300000, 0x0000000080200000| Untracked 
|   3|0x0000000080300000, 0x0000000080400000, 0x0000000080400000|100%| O|  |TAMS 0x0000000080400000, 0x0000000080300000| Untracked 
|   4|0x0000000080400000, 0x0000000080500000, 0x0000000080500000|100%| O|  |TAMS 0x0000000080500000, 0x0000000080400000| Untracked 
|   5|0x0000000080500000, 0x0000000080600000, 0x0000000080600000|100%| O|  |TAMS 0x00000000805ef200, 0x0000000080500000| Untracked 
|   6|0x0000000080600000, 0x0000000080600000, 0x0000000080700000|  0%| F|  |TAMS 0x0000000080600000, 0x0000000080600000| Untracked 
|   7|0x0000000080700000, 0x0000000080800000, 0x0000000080800000|100%| O|  |TAMS 0x0000000080700000, 0x0000000080700000| Untracked 
|   8|0x0000000080800000, 0x0000000080900000, 0x0000000080900000|100%| O|  |TAMS 0x0000000080800000, 0x0000000080800000| Untracked 
|   9|0x0000000080900000, 0x0000000080a00000, 0x0000000080a00000|100%| O|  |TAMS 0x0000000080900000, 0x0000000080900000| Untracked 
|  10|0x0000000080a00000, 0x0000000080b00000, 0x0000000080b00000|100%| O|  |TAMS 0x0000000080a00000, 0x0000000080a00000| Untracked 
|  11|0x0000000080b00000, 0x0000000080bebe00, 0x0000000080c00000| 92%| O|  |TAMS 0x0000000080b00000, 0x0000000080b00000| Untracked 
|  12|0x0000000080c00000, 0x0000000080c00000, 0x0000000080d00000|  0%| F|  |TAMS 0x0000000080c00000, 0x0000000080c00000| Untracked 
|  13|0x0000000080d00000, 0x0000000080d00000, 0x0000000080e00000|  0%| F|  |TAMS 0x0000000080d00000, 0x0000000080d00000| Untracked 
|  14|0x0000000080e00000, 0x0000000080e00000, 0x0000000080f00000|  0%| F|  |TAMS 0x0000000080e00000, 0x0000000080e00000| Untracked 
|  15|0x0000000080f00000, 0x0000000080f00000, 0x0000000081000000|  0%| F|  |TAMS 0x0000000080f00000, 0x0000000080f00000| Untracked 
|  16|0x0000000081000000, 0x0000000081000000, 0x0000000081100000|  0%| F|  |TAMS 0x0000000081000000, 0x0000000081000000| Untracked 
|  17|0x0000000081100000, 0x0000000081100000, 0x0000000081200000|  0%| F|  |TAMS 0x0000000081100000, 0x0000000081100000| Untracked 
|  18|0x0000000081200000, 0x0000000081200000, 0x0000000081300000|  0%| F|  |TAMS 0x0000000081200000, 0x0000000081200000| Untracked 
|  19|0x0000000081300000, 0x0000000081300000, 0x0000000081400000|  0%| F|  |TAMS 0x0000000081300000, 0x0000000081300000| Untracked 
|  20|0x0000000081400000, 0x0000000081400000, 0x0000000081500000|  0%| F|  |TAMS 0x0000000081400000, 0x0000000081400000| Untracked 
|  21|0x0000000081500000, 0x0000000081500000, 0x0000000081600000|  0%| F|  |TAMS 0x0000000081500000, 0x0000000081500000| Untracked 
|  22|0x0000000081600000, 0x0000000081600000, 0x0000000081700000|  0%| F|  |TAMS 0x0000000081600000, 0x0000000081600000| Untracked 
|  23|0x0000000081700000, 0x0000000081700000, 0x0000000081800000|  0%| F|  |TAMS 0x0000000081700000, 0x0000000081700000| Untracked 
|  24|0x0000000081800000, 0x0000000081800000, 0x0000000081900000|  0%| F|  |TAMS 0x0000000081800000, 0x0000000081800000| Untracked 
|  25|0x0000000081900000, 0x0000000081900000, 0x0000000081a00000|  0%| F|  |TAMS 0x0000000081900000, 0x0000000081900000| Untracked 
|  26|0x0000000081a00000, 0x0000000081a00000, 0x0000000081b00000|  0%| F|  |TAMS 0x0000000081a00000, 0x0000000081a00000| Untracked 
|  27|0x0000000081b00000, 0x0000000081b00000, 0x0000000081c00000|  0%| F|  |TAMS 0x0000000081b00000, 0x0000000081b00000| Untracked 
|  28|0x0000000081c00000, 0x0000000081c00000, 0x0000000081d00000|  0%| F|  |TAMS 0x0000000081c00000, 0x0000000081c00000| Untracked 
|  29|0x0000000081d00000, 0x0000000081d00000, 0x0000000081e00000|  0%| F|  |TAMS 0x0000000081d00000, 0x0000000081d00000| Untracked 
|  30|0x0000000081e00000, 0x0000000081e00000, 0x0000000081f00000|  0%| F|  |TAMS 0x0000000081e00000, 0x0000000081e00000| Untracked 
|  31|0x0000000081f00000, 0x0000000081f00000, 0x0000000082000000|  0%| F|  |TAMS 0x0000000081f00000, 0x0000000081f00000| Untracked 
|  32|0x0000000082000000, 0x0000000082000000, 0x0000000082100000|  0%| F|  |TAMS 0x0000000082000000, 0x0000000082000000| Untracked 
|  33|0x0000000082100000, 0x0000000082100000, 0x0000000082200000|  0%| F|  |TAMS 0x0000000082100000, 0x0000000082100000| Untracked 
|  34|0x0000000082200000, 0x0000000082200000, 0x0000000082300000|  0%| F|  |TAMS 0x0000000082200000, 0x0000000082200000| Untracked 
|  35|0x0000000082300000, 0x0000000082300000, 0x0000000082400000|  0%| F|  |TAMS 0x0000000082300000, 0x0000000082300000| Untracked 
|  36|0x0000000082400000, 0x0000000082400000, 0x0000000082500000|  0%| F|  |TAMS 0x0000000082400000, 0x0000000082400000| Untracked 
|  37|0x0000000082500000, 0x0000000082500000, 0x0000000082600000|  0%| F|  |TAMS 0x0000000082500000, 0x0000000082500000| Untracked 
|  38|0x0000000082600000, 0x0000000082600000, 0x0000000082700000|  0%| F|  |TAMS 0x0000000082600000, 0x0000000082600000| Untracked 
|  39|0x0000000082700000, 0x0000000082700000, 0x0000000082800000|  0%| F|  |TAMS 0x0000000082700000, 0x0000000082700000| Untracked 
|  40|0x0000000082800000, 0x0000000082800000, 0x0000000082900000|  0%| F|  |TAMS 0x0000000082800000, 0x0000000082800000| Untracked 
|  41|0x0000000082900000, 0x0000000082900000, 0x0000000082a00000|  0%| F|  |TAMS 0x0000000082900000, 0x0000000082900000| Untracked 
|  42|0x0000000082a00000, 0x0000000082a00000, 0x0000000082b00000|  0%| F|  |TAMS 0x0000000082a00000, 0x0000000082a00000| Untracked 
|  43|0x0000000082b00000, 0x0000000082b00000, 0x0000000082c00000|  0%| F|  |TAMS 0x0000000082b00000, 0x0000000082b00000| Untracked 
|  44|0x0000000082c00000, 0x0000000082c00000, 0x0000000082d00000|  0%| F|  |TAMS 0x0000000082c00000, 0x0000000082c00000| Untracked 
|  45|0x0000000082d00000, 0x0000000082d00000, 0x0000000082e00000|  0%| F|  |TAMS 0x0000000082d00000, 0x0000000082d00000| Untracked 
|  46|0x0000000082e00000, 0x0000000082e00000, 0x0000000082f00000|  0%| F|  |TAMS 0x0000000082e00000, 0x0000000082e00000| Untracked 
|  47|0x0000000082f00000, 0x0000000082f00000, 0x0000000083000000|  0%| F|  |TAMS 0x0000000082f00000, 0x0000000082f00000| Untracked 
|  48|0x0000000083000000, 0x0000000083000000, 0x0000000083100000|  0%| F|  |TAMS 0x0000000083000000, 0x0000000083000000| Untracked 
|  49|0x0000000083100000, 0x0000000083100000, 0x0000000083200000|  0%| F|  |TAMS 0x0000000083100000, 0x0000000083100000| Untracked 
|  50|0x0000000083200000, 0x0000000083200000, 0x0000000083300000|  0%| F|  |TAMS 0x0000000083200000, 0x0000000083200000| Untracked 
|  51|0x0000000083300000, 0x0000000083300000, 0x0000000083400000|  0%| F|  |TAMS 0x0000000083300000, 0x0000000083300000| Untracked 
|  52|0x0000000083400000, 0x0000000083400000, 0x0000000083500000|  0%| F|  |TAMS 0x0000000083400000, 0x0000000083400000| Untracked 
|  53|0x0000000083500000, 0x0000000083500000, 0x0000000083600000|  0%| F|  |TAMS 0x0000000083500000, 0x0000000083500000| Untracked 
|  54|0x0000000083600000, 0x0000000083600000, 0x0000000083700000|  0%| F|  |TAMS 0x0000000083600000, 0x0000000083600000| Untracked 
|  55|0x0000000083700000, 0x0000000083800000, 0x0000000083800000|100%| S|CS|TAMS 0x0000000083700000, 0x0000000083700000| Complete 
|  56|0x0000000083800000, 0x0000000083900000, 0x0000000083900000|100%| S|CS|TAMS 0x0000000083800000, 0x0000000083800000| Complete 
|  57|0x0000000083900000, 0x0000000083a00000, 0x0000000083a00000|100%| S|CS|TAMS 0x0000000083900000, 0x0000000083900000| Complete 
|  58|0x0000000083a00000, 0x0000000083b00000, 0x0000000083b00000|100%| S|CS|TAMS 0x0000000083a00000, 0x0000000083a00000| Complete 
|  59|0x0000000083b00000, 0x0000000083c00000, 0x0000000083c00000|100%| S|CS|TAMS 0x0000000083b00000, 0x0000000083b00000| Complete 
|  60|0x0000000083c00000, 0x0000000083d00000, 0x0000000083d00000|100%| S|CS|TAMS 0x0000000083c00000, 0x0000000083c00000| Complete 
|  61|0x0000000083d00000, 0x0000000083e00000, 0x0000000083e00000|100%| S|CS|TAMS 0x0000000083d00000, 0x0000000083d00000| Complete 
|  62|0x0000000083e00000, 0x0000000083f00000, 0x0000000083f00000|100%| S|CS|TAMS 0x0000000083e00000, 0x0000000083e00000| Complete 
|  63|0x0000000083f00000, 0x0000000084000000, 0x0000000084000000|100%| S|CS|TAMS 0x0000000083f00000, 0x0000000083f00000| Complete 
|  64|0x0000000084000000, 0x0000000084100000, 0x0000000084100000|100%| S|CS|TAMS 0x0000000084000000, 0x0000000084000000| Complete 
|  65|0x0000000084100000, 0x0000000084200000, 0x0000000084200000|100%| S|CS|TAMS 0x0000000084100000, 0x0000000084100000| Complete 
|  66|0x0000000084200000, 0x0000000084300000, 0x0000000084300000|100%| S|CS|TAMS 0x0000000084200000, 0x0000000084200000| Complete 
|  67|0x0000000084300000, 0x0000000084300000, 0x0000000084400000|  0%| F|  |TAMS 0x0000000084300000, 0x0000000084300000| Untracked 
|  68|0x0000000084400000, 0x0000000084400000, 0x0000000084500000|  0%| F|  |TAMS 0x0000000084400000, 0x0000000084400000| Untracked 
|  69|0x0000000084500000, 0x0000000084500000, 0x0000000084600000|  0%| F|  |TAMS 0x0000000084500000, 0x0000000084500000| Untracked 
|  70|0x0000000084600000, 0x0000000084600000, 0x0000000084700000|  0%| F|  |TAMS 0x0000000084600000, 0x0000000084600000| Untracked 
|  71|0x0000000084700000, 0x0000000084700000, 0x0000000084800000|  0%| F|  |TAMS 0x0000000084700000, 0x0000000084700000| Untracked 
|  72|0x0000000084800000, 0x0000000084800000, 0x0000000084900000|  0%| F|  |TAMS 0x0000000084800000, 0x0000000084800000| Untracked 
|  73|0x0000000084900000, 0x0000000084900000, 0x0000000084a00000|  0%| F|  |TAMS 0x0000000084900000, 0x0000000084900000| Untracked 
|  74|0x0000000084a00000, 0x0000000084a00000, 0x0000000084b00000|  0%| F|  |TAMS 0x0000000084a00000, 0x0000000084a00000| Untracked 
|  75|0x0000000084b00000, 0x0000000084b00000, 0x0000000084c00000|  0%| F|  |TAMS 0x0000000084b00000, 0x0000000084b00000| Untracked 
|  76|0x0000000084c00000, 0x0000000084c00000, 0x0000000084d00000|  0%| F|  |TAMS 0x0000000084c00000, 0x0000000084c00000| Untracked 
|  77|0x0000000084d00000, 0x0000000084d00000, 0x0000000084e00000|  0%| F|  |TAMS 0x0000000084d00000, 0x0000000084d00000| Untracked 
|  78|0x0000000084e00000, 0x0000000084e00000, 0x0000000084f00000|  0%| F|  |TAMS 0x0000000084e00000, 0x0000000084e00000| Untracked 
|  79|0x0000000084f00000, 0x0000000084f00000, 0x0000000085000000|  0%| F|  |TAMS 0x0000000084f00000, 0x0000000084f00000| Untracked 
|  80|0x0000000085000000, 0x0000000085000000, 0x0000000085100000|  0%| F|  |TAMS 0x0000000085000000, 0x0000000085000000| Untracked 
|  81|0x0000000085100000, 0x0000000085100000, 0x0000000085200000|  0%| F|  |TAMS 0x0000000085100000, 0x0000000085100000| Untracked 
|  82|0x0000000085200000, 0x0000000085200000, 0x0000000085300000|  0%| F|  |TAMS 0x0000000085200000, 0x0000000085200000| Untracked 
|  83|0x0000000085300000, 0x0000000085300000, 0x0000000085400000|  0%| F|  |TAMS 0x0000000085300000, 0x0000000085300000| Untracked 
|  84|0x0000000085400000, 0x0000000085400000, 0x0000000085500000|  0%| F|  |TAMS 0x0000000085400000, 0x0000000085400000| Untracked 
|  85|0x0000000085500000, 0x0000000085500000, 0x0000000085600000|  0%| F|  |TAMS 0x0000000085500000, 0x0000000085500000| Untracked 
|  86|0x0000000085600000, 0x0000000085600000, 0x0000000085700000|  0%| F|  |TAMS 0x0000000085600000, 0x0000000085600000| Untracked 
|  87|0x0000000085700000, 0x0000000085700000, 0x0000000085800000|  0%| F|  |TAMS 0x0000000085700000, 0x0000000085700000| Untracked 
|  88|0x0000000085800000, 0x0000000085800000, 0x0000000085900000|  0%| F|  |TAMS 0x0000000085800000, 0x0000000085800000| Untracked 
|  89|0x0000000085900000, 0x0000000085900000, 0x0000000085a00000|  0%| F|  |TAMS 0x0000000085900000, 0x0000000085900000| Untracked 
|  90|0x0000000085a00000, 0x0000000085a00000, 0x0000000085b00000|  0%| F|  |TAMS 0x0000000085a00000, 0x0000000085a00000| Untracked 
|  91|0x0000000085b00000, 0x0000000085b00000, 0x0000000085c00000|  0%| F|  |TAMS 0x0000000085b00000, 0x0000000085b00000| Untracked 
|  92|0x0000000085c00000, 0x0000000085c00000, 0x0000000085d00000|  0%| F|  |TAMS 0x0000000085c00000, 0x0000000085c00000| Untracked 
|  93|0x0000000085d00000, 0x0000000085d00000, 0x0000000085e00000|  0%| F|  |TAMS 0x0000000085d00000, 0x0000000085d00000| Untracked 
|  94|0x0000000085e00000, 0x0000000085e00000, 0x0000000085f00000|  0%| F|  |TAMS 0x0000000085e00000, 0x0000000085e00000| Untracked 
|  95|0x0000000085f00000, 0x0000000085f00000, 0x0000000086000000|  0%| F|  |TAMS 0x0000000085f00000, 0x0000000085f00000| Untracked 
|  96|0x0000000086000000, 0x0000000086000000, 0x0000000086100000|  0%| F|  |TAMS 0x0000000086000000, 0x0000000086000000| Untracked 
|  97|0x0000000086100000, 0x0000000086100000, 0x0000000086200000|  0%| F|  |TAMS 0x0000000086100000, 0x0000000086100000| Untracked 
|  98|0x0000000086200000, 0x0000000086200000, 0x0000000086300000|  0%| F|  |TAMS 0x0000000086200000, 0x0000000086200000| Untracked 
|  99|0x0000000086300000, 0x0000000086300000, 0x0000000086400000|  0%| F|  |TAMS 0x0000000086300000, 0x0000000086300000| Untracked 
| 100|0x0000000086400000, 0x0000000086400000, 0x0000000086500000|  0%| F|  |TAMS 0x0000000086400000, 0x0000000086400000| Untracked 
| 101|0x0000000086500000, 0x0000000086500000, 0x0000000086600000|  0%| F|  |TAMS 0x0000000086500000, 0x0000000086500000| Untracked 
| 102|0x0000000086600000, 0x0000000086600000, 0x0000000086700000|  0%| F|  |TAMS 0x0000000086600000, 0x0000000086600000| Untracked 
| 103|0x0000000086700000, 0x0000000086700000, 0x0000000086800000|  0%| F|  |TAMS 0x0000000086700000, 0x0000000086700000| Untracked 
| 104|0x0000000086800000, 0x0000000086800000, 0x0000000086900000|  0%| F|  |TAMS 0x0000000086800000, 0x0000000086800000| Untracked 
| 105|0x0000000086900000, 0x0000000086900000, 0x0000000086a00000|  0%| F|  |TAMS 0x0000000086900000, 0x0000000086900000| Untracked 
| 106|0x0000000086a00000, 0x0000000086a00000, 0x0000000086b00000|  0%| F|  |TAMS 0x0000000086a00000, 0x0000000086a00000| Untracked 
| 107|0x0000000086b00000, 0x0000000086b00000, 0x0000000086c00000|  0%| F|  |TAMS 0x0000000086b00000, 0x0000000086b00000| Untracked 
| 108|0x0000000086c00000, 0x0000000086c00000, 0x0000000086d00000|  0%| F|  |TAMS 0x0000000086c00000, 0x0000000086c00000| Untracked 
| 109|0x0000000086d00000, 0x0000000086d00000, 0x0000000086e00000|  0%| F|  |TAMS 0x0000000086d00000, 0x0000000086d00000| Untracked 
| 110|0x0000000086e00000, 0x0000000086e00000, 0x0000000086f00000|  0%| F|  |TAMS 0x0000000086e00000, 0x0000000086e00000| Untracked 
| 111|0x0000000086f00000, 0x0000000086f00000, 0x0000000087000000|  0%| F|  |TAMS 0x0000000086f00000, 0x0000000086f00000| Untracked 
| 112|0x0000000087000000, 0x0000000087000000, 0x0000000087100000|  0%| F|  |TAMS 0x0000000087000000, 0x0000000087000000| Untracked 
| 113|0x0000000087100000, 0x0000000087100000, 0x0000000087200000|  0%| F|  |TAMS 0x0000000087100000, 0x0000000087100000| Untracked 
| 114|0x0000000087200000, 0x0000000087200000, 0x0000000087300000|  0%| F|  |TAMS 0x0000000087200000, 0x0000000087200000| Untracked 
| 115|0x0000000087300000, 0x0000000087300000, 0x0000000087400000|  0%| F|  |TAMS 0x0000000087300000, 0x0000000087300000| Untracked 
| 116|0x0000000087400000, 0x0000000087400000, 0x0000000087500000|  0%| F|  |TAMS 0x0000000087400000, 0x0000000087400000| Untracked 
| 117|0x0000000087500000, 0x0000000087500000, 0x0000000087600000|  0%| F|  |TAMS 0x0000000087500000, 0x0000000087500000| Untracked 
| 118|0x0000000087600000, 0x0000000087600000, 0x0000000087700000|  0%| F|  |TAMS 0x0000000087600000, 0x0000000087600000| Untracked 
| 119|0x0000000087700000, 0x0000000087700000, 0x0000000087800000|  0%| F|  |TAMS 0x0000000087700000, 0x0000000087700000| Untracked 
| 120|0x0000000087800000, 0x0000000087800000, 0x0000000087900000|  0%| F|  |TAMS 0x0000000087800000, 0x0000000087800000| Untracked 
| 121|0x0000000087900000, 0x0000000087900000, 0x0000000087a00000|  0%| F|  |TAMS 0x0000000087900000, 0x0000000087900000| Untracked 
| 122|0x0000000087a00000, 0x0000000087a00000, 0x0000000087b00000|  0%| F|  |TAMS 0x0000000087a00000, 0x0000000087a00000| Untracked 
| 123|0x0000000087b00000, 0x0000000087b00000, 0x0000000087c00000|  0%| F|  |TAMS 0x0000000087b00000, 0x0000000087b00000| Untracked 
| 124|0x0000000087c00000, 0x0000000087c00000, 0x0000000087d00000|  0%| F|  |TAMS 0x0000000087c00000, 0x0000000087c00000| Untracked 
| 125|0x0000000087d00000, 0x0000000087d00000, 0x0000000087e00000|  0%| F|  |TAMS 0x0000000087d00000, 0x0000000087d00000| Untracked 
| 126|0x0000000087e00000, 0x0000000087e00000, 0x0000000087f00000|  0%| F|  |TAMS 0x0000000087e00000, 0x0000000087e00000| Untracked 
| 127|0x0000000087f00000, 0x0000000087f00000, 0x0000000088000000|  0%| F|  |TAMS 0x0000000087f00000, 0x0000000087f00000| Untracked 
| 128|0x0000000088000000, 0x0000000088000000, 0x0000000088100000|  0%| F|  |TAMS 0x0000000088000000, 0x0000000088000000| Untracked 
| 129|0x0000000088100000, 0x0000000088100000, 0x0000000088200000|  0%| F|  |TAMS 0x0000000088100000, 0x0000000088100000| Untracked 
| 130|0x0000000088200000, 0x0000000088200000, 0x0000000088300000|  0%| F|  |TAMS 0x0000000088200000, 0x0000000088200000| Untracked 
| 131|0x0000000088300000, 0x0000000088300000, 0x0000000088400000|  0%| F|  |TAMS 0x0000000088300000, 0x0000000088300000| Untracked 
| 132|0x0000000088400000, 0x0000000088400000, 0x0000000088500000|  0%| F|  |TAMS 0x0000000088400000, 0x0000000088400000| Untracked 
| 133|0x0000000088500000, 0x0000000088500000, 0x0000000088600000|  0%| F|  |TAMS 0x0000000088500000, 0x0000000088500000| Untracked 
| 134|0x0000000088600000, 0x0000000088600000, 0x0000000088700000|  0%| F|  |TAMS 0x0000000088600000, 0x0000000088600000| Untracked 
| 135|0x0000000088700000, 0x0000000088700000, 0x0000000088800000|  0%| F|  |TAMS 0x0000000088700000, 0x0000000088700000| Untracked 
| 136|0x0000000088800000, 0x0000000088800000, 0x0000000088900000|  0%| F|  |TAMS 0x0000000088800000, 0x0000000088800000| Untracked 
| 137|0x0000000088900000, 0x0000000088900000, 0x0000000088a00000|  0%| F|  |TAMS 0x0000000088900000, 0x0000000088900000| Untracked 
| 138|0x0000000088a00000, 0x0000000088a00000, 0x0000000088b00000|  0%| F|  |TAMS 0x0000000088a00000, 0x0000000088a00000| Untracked 
| 139|0x0000000088b00000, 0x0000000088b00000, 0x0000000088c00000|  0%| F|  |TAMS 0x0000000088b00000, 0x0000000088b00000| Untracked 
| 140|0x0000000088c00000, 0x0000000088c00000, 0x0000000088d00000|  0%| F|  |TAMS 0x0000000088c00000, 0x0000000088c00000| Untracked 
| 141|0x0000000088d00000, 0x0000000088d00000, 0x0000000088e00000|  0%| F|  |TAMS 0x0000000088d00000, 0x0000000088d00000| Untracked 
| 142|0x0000000088e00000, 0x0000000088e00000, 0x0000000088f00000|  0%| F|  |TAMS 0x0000000088e00000, 0x0000000088e00000| Untracked 
| 143|0x0000000088f00000, 0x0000000088f00000, 0x0000000089000000|  0%| F|  |TAMS 0x0000000088f00000, 0x0000000088f00000| Untracked 
| 144|0x0000000089000000, 0x0000000089000000, 0x0000000089100000|  0%| F|  |TAMS 0x0000000089000000, 0x0000000089000000| Untracked 
| 145|0x0000000089100000, 0x0000000089100000, 0x0000000089200000|  0%| F|  |TAMS 0x0000000089100000, 0x0000000089100000| Untracked 
| 146|0x0000000089200000, 0x0000000089200000, 0x0000000089300000|  0%| F|  |TAMS 0x0000000089200000, 0x0000000089200000| Untracked 
| 147|0x0000000089300000, 0x0000000089300000, 0x0000000089400000|  0%| F|  |TAMS 0x0000000089300000, 0x0000000089300000| Untracked 
| 148|0x0000000089400000, 0x0000000089400000, 0x0000000089500000|  0%| F|  |TAMS 0x0000000089400000, 0x0000000089400000| Untracked 
| 149|0x0000000089500000, 0x0000000089500000, 0x0000000089600000|  0%| F|  |TAMS 0x0000000089500000, 0x0000000089500000| Untracked 
| 150|0x0000000089600000, 0x0000000089600000, 0x0000000089700000|  0%| F|  |TAMS 0x0000000089600000, 0x0000000089600000| Untracked 
| 151|0x0000000089700000, 0x0000000089700000, 0x0000000089800000|  0%| F|  |TAMS 0x0000000089700000, 0x0000000089700000| Untracked 
| 152|0x0000000089800000, 0x0000000089800000, 0x0000000089900000|  0%| F|  |TAMS 0x0000000089800000, 0x0000000089800000| Untracked 
| 153|0x0000000089900000, 0x0000000089900000, 0x0000000089a00000|  0%| F|  |TAMS 0x0000000089900000, 0x0000000089900000| Untracked 
| 154|0x0000000089a00000, 0x0000000089a00000, 0x0000000089b00000|  0%| F|  |TAMS 0x0000000089a00000, 0x0000000089a00000| Untracked 
| 155|0x0000000089b00000, 0x0000000089b00000, 0x0000000089c00000|  0%| F|  |TAMS 0x0000000089b00000, 0x0000000089b00000| Untracked 
| 156|0x0000000089c00000, 0x0000000089c00000, 0x0000000089d00000|  0%| F|  |TAMS 0x0000000089c00000, 0x0000000089c00000| Untracked 
| 157|0x0000000089d00000, 0x0000000089d00000, 0x0000000089e00000|  0%| F|  |TAMS 0x0000000089d00000, 0x0000000089d00000| Untracked 
| 158|0x0000000089e00000, 0x0000000089e00000, 0x0000000089f00000|  0%| F|  |TAMS 0x0000000089e00000, 0x0000000089e00000| Untracked 
| 159|0x0000000089f00000, 0x0000000089f00000, 0x000000008a000000|  0%| F|  |TAMS 0x0000000089f00000, 0x0000000089f00000| Untracked 
| 160|0x000000008a000000, 0x000000008a000000, 0x000000008a100000|  0%| F|  |TAMS 0x000000008a000000, 0x000000008a000000| Untracked 

Card table byte_map: [0x0000029077470000,0x0000029077870000] _byte_map_base: 0x0000029077070000

Marking Bits (Prev, Next): (CMBitMap*) 0x0000029060a02258, (CMBitMap*) 0x0000029060a02290
 Prev Bits: [0x0000029077c70000, 0x0000029079c70000)
 Next Bits: [0x0000029079c70000, 0x000002907bc70000)

Polling page: 0x00000290601a0000

Metaspace:

Usage:
  Non-class:     37.61 MB capacity,    37.02 MB ( 98%) used,   476.40 KB (  1%) free+waste,   124.31 KB ( <1%) overhead. 
      Class:      5.41 MB capacity,     4.98 MB ( 92%) used,   387.68 KB (  7%) free+waste,    60.25 KB (  1%) overhead. 
       Both:     43.02 MB capacity,    42.00 MB ( 98%) used,   864.08 KB (  2%) free+waste,   184.56 KB ( <1%) overhead. 

Virtual space:
  Non-class space:       38.00 MB reserved,      37.83 MB (>99%) committed 
      Class space:        1.00 GB reserved,       5.50 MB ( <1%) committed 
             Both:        1.04 GB reserved,      43.33 MB (  4%) committed 

Chunk freelists:
   Non-Class:  4.50 KB
       Class:  3.00 KB
        Both:  7.50 KB

CodeHeap 'non-profiled nmethods': size=120064Kb used=2025Kb max_used=2025Kb free=118038Kb
 bounds [0x000002906fb30000, 0x000002906fda0000, 0x0000029077070000]
CodeHeap 'profiled nmethods': size=120000Kb used=9741Kb max_used=9741Kb free=110259Kb
 bounds [0x0000029068600000, 0x0000029068f90000, 0x000002906fb30000]
CodeHeap 'non-nmethods': size=5696Kb used=1168Kb max_used=1211Kb free=4527Kb
 bounds [0x0000029068070000, 0x00000290682e0000, 0x0000029068600000]
 total_blobs=5008 nmethods=4513 adapters=406
 compilation: enabled
              stopped_count=0, restarted_count=0
 full_count=0

Compilation events (10 events):
Event: 9.117 Thread 0x000002907e6e8800 4549       3       java.util.concurrent.atomic.AtomicBoolean::get (13 bytes)
Event: 9.117 Thread 0x000002907e6e8800 nmethod 4549 0x0000029068f80310 code [0x0000029068f804a0, 0x0000029068f805f8]
Event: 9.118 Thread 0x000002907e6e8800 4550       3       org.springframework.context.support.AbstractApplicationContext::assertBeanFactoryActive (81 bytes)
Event: 9.119 Thread 0x000002907e6e8800 nmethod 4550 0x0000029068f80690 code [0x0000029068f809c0, 0x0000029068f81c38]
Event: 9.121 Thread 0x000002907e6e8800 4551       3       org.springframework.web.method.ControllerAdviceBean$$Lambda$509/0x0000000100561840::test (12 bytes)
Event: 9.121 Thread 0x000002907e6e8800 nmethod 4551 0x0000029068f82210 code [0x0000029068f823c0, 0x0000029068f82728]
Event: 9.121 Thread 0x000002907e6e8800 4552       3       org.springframework.context.support.AbstractApplicationContext::findAnnotationOnBean (16 bytes)
Event: 9.121 Thread 0x000002907e6e8800 nmethod 4552 0x0000029068f82810 code [0x0000029068f829e0, 0x0000029068f82d28]
Event: 9.122 Thread 0x000002907e6e8800 4553       3       org.springframework.beans.factory.support.AbstractBeanDefinition::hasPropertyValues (23 bytes)
Event: 9.122 Thread 0x000002907e6e8800 nmethod 4553 0x0000029068f82e10 code [0x0000029068f82fc0, 0x0000029068f83308]

GC Heap History (10 events):
Event: 1.616 GC heap after
{Heap after GC invocations=4 (full 0):
 garbage-first heap   total 131072K, used 6823K [0x0000000080000000, 0x0000000100000000)
  region size 1024K, 2 young (2048K), 2 survivors (2048K)
 Metaspace       used 15949K, capacity 16251K, committed 16384K, reserved 1064960K
  class space    used 1582K, capacity 1701K, committed 1792K, reserved 1048576K
}
Event: 2.110 GC heap before
{Heap before GC invocations=4 (full 0):
 garbage-first heap   total 131072K, used 26279K [0x0000000080000000, 0x0000000100000000)
  region size 1024K, 23 young (23552K), 2 survivors (2048K)
 Metaspace       used 20775K, capacity 21169K, committed 21296K, reserved 1069056K
  class space    used 2226K, capacity 2400K, committed 2432K, reserved 1048576K
}
Event: 2.124 GC heap after
{Heap after GC invocations=5 (full 0):
 garbage-first heap   total 164864K, used 7784K [0x0000000080000000, 0x0000000100000000)
  region size 1024K, 2 young (2048K), 2 survivors (2048K)
 Metaspace       used 20775K, capacity 21169K, committed 21296K, reserved 1069056K
  class space    used 2226K, capacity 2400K, committed 2432K, reserved 1048576K
}
Event: 3.075 GC heap before
{Heap before GC invocations=6 (full 0):
 garbage-first heap   total 164864K, used 39528K [0x0000000080000000, 0x0000000100000000)
  region size 1024K, 33 young (33792K), 2 survivors (2048K)
 Metaspace       used 25997K, capacity 26697K, committed 26928K, reserved 1073152K
  class space    used 2891K, capacity 3135K, committed 3200K, reserved 1048576K
}
Event: 3.085 GC heap after
{Heap after GC invocations=7 (full 0):
 garbage-first heap   total 164864K, used 9298K [0x0000000080000000, 0x0000000100000000)
  region size 1024K, 4 young (4096K), 4 survivors (4096K)
 Metaspace       used 25997K, capacity 26697K, committed 26928K, reserved 1073152K
  class space    used 2891K, capacity 3135K, committed 3200K, reserved 1048576K
}
Event: 4.403 GC heap before
{Heap before GC invocations=7 (full 0):
 garbage-first heap   total 164864K, used 56402K [0x0000000080000000, 0x0000000100000000)
  region size 1024K, 50 young (51200K), 4 survivors (4096K)
 Metaspace       used 29884K, capacity 30601K, committed 30768K, reserved 1077248K
  class space    used 3347K, capacity 3618K, committed 3712K, reserved 1048576K
}
Event: 4.418 GC heap after
{Heap after GC invocations=8 (full 0):
 garbage-first heap   total 164864K, used 12011K [0x0000000080000000, 0x0000000100000000)
  region size 1024K, 6 young (6144K), 6 survivors (6144K)
 Metaspace       used 29884K, capacity 30601K, committed 30768K, reserved 1077248K
  class space    used 3347K, capacity 3618K, committed 3712K, reserved 1048576K
}
Event: 6.068 GC heap before
{Heap before GC invocations=8 (full 0):
 garbage-first heap   total 164864K, used 84715K [0x0000000080000000, 0x0000000100000000)
  region size 1024K, 78 young (79872K), 6 survivors (6144K)
 Metaspace       used 34905K, capacity 35805K, committed 35920K, reserved 1081344K
  class space    used 3994K, capacity 4324K, committed 4352K, reserved 1048576K
}
Event: 6.098 GC heap after
{Heap after GC invocations=9 (full 0):
 garbage-first heap   total 164864K, used 16265K [0x0000000080000000, 0x0000000100000000)
  region size 1024K, 10 young (10240K), 10 survivors (10240K)
 Metaspace       used 34905K, capacity 35805K, committed 35920K, reserved 1081344K
  class space    used 3994K, capacity 4324K, committed 4352K, reserved 1048576K
}
Event: 9.146 GC heap before
{Heap before GC invocations=10 (full 0):
 garbage-first heap   total 164864K, used 102281K [0x0000000080000000, 0x0000000100000000)
  region size 1024K, 94 young (96256K), 10 survivors (10240K)
 Metaspace       used 43003K, capacity 44052K, committed 44368K, reserved 1087488K
  class space    used 5096K, capacity 5544K, committed 5632K, reserved 1048576K
}

Deoptimization events (10 events):
Event: 7.473 Thread 0x00000290609c4000 Uncommon trap: reason=unstable_if action=reinterpret pc=0x000002906fc34224 method=jdk.internal.jimage.ImageLocation.verify(Ljava/lang/String;Ljava/lang/String;[JLjdk/internal/jimage/ImageStrings;)Z @ 18 c2
Event: 7.523 Thread 0x00000290609c4000 Uncommon trap: reason=unstable_if action=reinterpret pc=0x000002906fbf8ad4 method=jdk.internal.org.objectweb.asm.Type.getArgumentsAndReturnSizes(Ljava/lang/String;)I @ 41 c2
Event: 7.558 Thread 0x00000290609c4000 Uncommon trap: reason=unstable_if action=reinterpret pc=0x000002906fbb3da0 method=jdk.internal.org.objectweb.asm.Frame.push(Ljdk/internal/org/objectweb/asm/ClassWriter;Ljava/lang/String;)V @ 24 c2
Event: 7.846 Thread 0x00000290609c4000 Uncommon trap: reason=unstable_if action=reinterpret pc=0x000002906fceb544 method=org.springframework.beans.factory.support.AbstractBeanFactory.isTypeMatch(Ljava/lang/String;Lorg/springframework/core/ResolvableType;)Z @ 508 c2
Event: 8.076 Thread 0x00000290609c4000 Uncommon trap: reason=unstable_if action=reinterpret pc=0x000002906fce6b40 method=sun.net.util.IPAddressUtil.scan(Ljava/lang/String;JJ[C)I @ 14 c2
Event: 8.076 Thread 0x00000290609c4000 Uncommon trap: reason=unstable_if action=reinterpret pc=0x000002906fce6e50 method=sun.net.util.IPAddressUtil.scan(Ljava/lang/String;JJ[C)I @ 14 c2
Event: 8.354 Thread 0x00000290609c4000 Uncommon trap: reason=unstable_if action=reinterpret pc=0x000002906fc9b7f0 method=org.springframework.asm.Frame.merge(Lorg/springframework/asm/SymbolTable;I[II)Z @ 87 c2
Event: 8.361 Thread 0x00000290609c4000 Uncommon trap: reason=unstable_if action=reinterpret pc=0x000002906fcf06a4 method=org.springframework.asm.Frame.merge(Lorg/springframework/asm/SymbolTable;Lorg/springframework/asm/Frame;I)Z @ 397 c2
Event: 8.369 Thread 0x00000290609c4000 Uncommon trap: reason=unstable_if action=reinterpret pc=0x000002906fc83274 method=org.springframework.asm.Type.appendDescriptor(Ljava/lang/Class;Ljava/lang/StringBuilder;)V @ 61 c2
Event: 8.598 Thread 0x00000290609c4000 Uncommon trap: reason=unstable_if action=reinterpret pc=0x000002906fce4abc method=java.net.URI.match(CJJ)Z @ 45 c2

Classes redefined (0 events):
No events

Internal exceptions (10 events):
Event: 8.715 Thread 0x00000290609c4000 Exception <a 'java/lang/ClassNotFoundException'{0x0000000085dbc3f8}: org/springframework/context/annotation/ConfigurationClassEnhancer$EnhancedConfigurationCustomizer> (0x0000000085dbc3f8) thrown at [./open/src/hotspot/share/classfile/systemDictionary.cpp
Event: 8.716 Thread 0x00000290609c4000 Exception <a 'java/lang/ClassNotFoundException'{0x0000000085dc8938}: org/springframework/beans/factory/BeanFactoryAwareCustomizer> (0x0000000085dc8938) thrown at [./open/src/hotspot/share/classfile/systemDictionary.cpp, line 226]
Event: 8.717 Thread 0x00000290609c4000 Exception <a 'java/lang/ClassNotFoundException'{0x0000000085dd4770}: org/springframework/beans/factory/AwareCustomizer> (0x0000000085dd4770) thrown at [./open/src/hotspot/share/classfile/systemDictionary.cpp, line 226]
Event: 8.717 Thread 0x00000290609c4000 Exception <a 'java/lang/ClassNotFoundException'{0x0000000085de0b48}: org/springframework/context/ApplicationContextAwareCustomizer> (0x0000000085de0b48) thrown at [./open/src/hotspot/share/classfile/systemDictionary.cpp, line 226]
Event: 8.718 Thread 0x00000290609c4000 Exception <a 'java/lang/ClassNotFoundException'{0x0000000085decdb8}: org/springframework/beans/factory/AwareCustomizer> (0x0000000085decdb8) thrown at [./open/src/hotspot/share/classfile/systemDictionary.cpp, line 226]
Event: 8.718 Thread 0x00000290609c4000 Exception <a 'java/lang/ClassNotFoundException'{0x0000000085df9158}: org/springframework/web/context/ServletContextAwareCustomizer> (0x0000000085df9158) thrown at [./open/src/hotspot/share/classfile/systemDictionary.cpp, line 226]
Event: 8.719 Thread 0x00000290609c4000 Exception <a 'java/lang/ClassNotFoundException'{0x0000000085c054b8}: org/springframework/beans/factory/AwareCustomizer> (0x0000000085c054b8) thrown at [./open/src/hotspot/share/classfile/systemDictionary.cpp, line 226]
Event: 8.899 Thread 0x00000290609c4000 Exception <a 'java/lang/NoSuchMethodError'{0x0000000085559e60}: java.lang.invoke.DirectMethodHandle$Holder.invokeStaticInit(Ljava/lang/Object;)I> (0x0000000085559e60) thrown at [./open/src/hotspot/share/interpreter/linkResolver.cpp, line 772]
Event: 8.899 Thread 0x00000290609c4000 Exception <a 'java/lang/NoSuchMethodError'{0x000000008555ec80}: java.lang.invoke.DirectMethodHandle$Holder.invokeVirtual(Ljava/lang/Object;Ljava/lang/Object;Ljava/lang/Object;)I> (0x000000008555ec80) thrown at [./open/src/hotspot/share/interpreter/linkRes
Event: 9.075 Thread 0x00000290609c4000 Exception <a 'java/lang/NoSuchMethodError'{0x00000000845ca758}: java.lang.invoke.DirectMethodHandle$Holder.invokeVirtual(Ljava/lang/Object;Ljava/lang/Object;I)V> (0x00000000845ca758) thrown at [./open/src/hotspot/share/interpreter/linkResolver.cpp, line 7

Events (10 events):
Event: 9.142 loading class org/springframework/web/servlet/mvc/method/annotation/AbstractMessageConverterMethodArgumentResolver done
Event: 9.143 loading class org/springframework/web/HttpMediaTypeNotSupportedException
Event: 9.143 loading class org/springframework/web/HttpMediaTypeNotSupportedException done
Event: 9.144 loading class org/springframework/web/bind/MethodArgumentNotValidException
Event: 9.144 loading class org/springframework/web/bind/MethodArgumentNotValidException done
Event: 9.145 loading class org/springframework/web/servlet/mvc/method/annotation/AbstractMessageConverterMethodProcessor$1
Event: 9.145 loading class org/springframework/web/servlet/mvc/method/annotation/AbstractMessageConverterMethodProcessor$1 done
Event: 9.146 loading class org/springframework/core/ParameterizedTypeReference
Event: 9.146 loading class org/springframework/core/ParameterizedTypeReference done
Event: 9.146 Executing VM operation: G1CollectForAllocation


Dynamic libraries:
0x00007ff63d520000 - 0x00007ff63d52f000 	C:\Program Files\Java\jdk-11.0.15\bin\java.exe
0x00007ff843070000 - 0x00007ff843268000 	C:\Windows\SYSTEM32\ntdll.dll
0x00007ff842ec0000 - 0x00007ff842f7d000 	C:\Windows\System32\KERNEL32.DLL
0x00007ff840800000 - 0x00007ff840ace000 	C:\Windows\System32\KERNELBASE.dll
0x00007ff840c70000 - 0x00007ff840d70000 	C:\Windows\System32\ucrtbase.dll
0x00007ff82ce40000 - 0x00007ff82ce55000 	C:\Program Files\Java\jdk-11.0.15\bin\VCRUNTIME140.dll
0x00007ff82d6c0000 - 0x00007ff82d6d8000 	C:\Program Files\Java\jdk-11.0.15\bin\jli.dll
0x00007ff842f80000 - 0x00007ff84302e000 	C:\Windows\System32\ADVAPI32.dll
0x00007ff8413b0000 - 0x00007ff84144e000 	C:\Windows\System32\msvcrt.dll
0x00007ff841450000 - 0x00007ff8414ec000 	C:\Windows\System32\sechost.dll
0x00007ff841ca0000 - 0x00007ff841dc5000 	C:\Windows\System32\RPCRT4.dll
0x00007ff841130000 - 0x00007ff8412d0000 	C:\Windows\System32\USER32.dll
0x00007ff841070000 - 0x00007ff841092000 	C:\Windows\System32\win32u.dll
0x00007ff841100000 - 0x00007ff84112a000 	C:\Windows\System32\GDI32.dll
0x00007ff840b60000 - 0x00007ff840c6b000 	C:\Windows\System32\gdi32full.dll
0x00007ff840fd0000 - 0x00007ff84106d000 	C:\Windows\System32\msvcp_win.dll
0x00007ff82bb40000 - 0x00007ff82bdda000 	C:\Windows\WinSxS\amd64_microsoft.windows.common-controls_6595b64144ccf1df_6.0.19041.1110_none_60b5254171f9507e\COMCTL32.dll
0x00007ff838ae0000 - 0x00007ff838aea000 	C:\Windows\SYSTEM32\VERSION.dll
0x00007ff841b40000 - 0x00007ff841b70000 	C:\Windows\System32\IMM32.DLL
0x00007ff82cd60000 - 0x00007ff82cdfb000 	C:\Program Files\Java\jdk-11.0.15\bin\msvcp140.dll
0x00007ff82b020000 - 0x00007ff82bb36000 	C:\Program Files\Java\jdk-11.0.15\bin\server\jvm.dll
0x00007ff841850000 - 0x00007ff841858000 	C:\Windows\System32\PSAPI.DLL
0x00007ff8312e0000 - 0x00007ff8312e9000 	C:\Windows\SYSTEM32\WSOCK32.dll
0x00007ff842700000 - 0x00007ff84276b000 	C:\Windows\System32\WS2_32.dll
0x00007ff82cd30000 - 0x00007ff82cd57000 	C:\Windows\SYSTEM32\WINMM.dll
0x00007ff83e670000 - 0x00007ff83e682000 	C:\Windows\SYSTEM32\kernel.appcore.dll
0x00007ff82ce30000 - 0x00007ff82ce40000 	C:\Program Files\Java\jdk-11.0.15\bin\verify.dll
0x00007ff82e9b0000 - 0x00007ff82eb94000 	C:\Windows\SYSTEM32\DBGHELP.DLL
0x00007ff832150000 - 0x00007ff83217c000 	C:\Windows\SYSTEM32\dbgcore.DLL
0x00007ff840ad0000 - 0x00007ff840b52000 	C:\Windows\System32\bcryptPrimitives.dll
0x00007ff82ad80000 - 0x00007ff82ada8000 	C:\Program Files\Java\jdk-11.0.15\bin\java.dll
0x00007ff82ad70000 - 0x00007ff82ad7a000 	C:\Program Files\Java\jdk-11.0.15\bin\jimage.dll
0x00007ff83c1d0000 - 0x00007ff83c1de000 	C:\Program Files\Java\jdk-11.0.15\bin\instrument.dll
0x00007ff82ad50000 - 0x00007ff82ad66000 	C:\Program Files\Java\jdk-11.0.15\bin\zip.dll
0x00007ff842770000 - 0x00007ff842eb4000 	C:\Windows\System32\SHELL32.dll
0x00007ff83e870000 - 0x00007ff83f004000 	C:\Windows\SYSTEM32\windows.storage.dll
0x00007ff8414f0000 - 0x00007ff841844000 	C:\Windows\System32\combase.dll
0x00007ff840040000 - 0x00007ff840070000 	C:\Windows\SYSTEM32\Wldp.dll
0x00007ff841dd0000 - 0x00007ff841e7d000 	C:\Windows\System32\SHCORE.dll
0x00007ff841350000 - 0x00007ff8413a5000 	C:\Windows\System32\shlwapi.dll
0x00007ff8406d0000 - 0x00007ff8406ef000 	C:\Windows\SYSTEM32\profapi.dll
0x00007ff82aa50000 - 0x00007ff82aa69000 	C:\Program Files\Java\jdk-11.0.15\bin\net.dll
0x00007ff838320000 - 0x00007ff83842a000 	C:\Windows\SYSTEM32\WINHTTP.dll
0x00007ff83fe20000 - 0x00007ff83fe8a000 	C:\Windows\system32\mswsock.dll
0x00007ff82aa30000 - 0x00007ff82aa42000 	C:\Program Files\Java\jdk-11.0.15\bin\nio.dll
0x00007ff8289c0000 - 0x00007ff8289da000 	C:\Program Files\JetBrains\IntelliJ IDEA Community Edition 2022.2.1\bin\breakgen64.dll
0x00007ff83fb30000 - 0x00007ff83fb6b000 	C:\Windows\SYSTEM32\IPHLPAPI.DLL
0x00007ff842110000 - 0x00007ff842118000 	C:\Windows\System32\NSI.dll
0x00007ff8392b0000 - 0x00007ff8392c7000 	C:\Windows\SYSTEM32\dhcpcsvc6.DLL
0x00007ff839230000 - 0x00007ff83924d000 	C:\Windows\SYSTEM32\dhcpcsvc.DLL
0x00007ff83fbc0000 - 0x00007ff83fc8a000 	C:\Windows\SYSTEM32\DNSAPI.dll
0x00007ff8379c0000 - 0x00007ff8379ca000 	C:\Windows\System32\rasadhlp.dll
0x00007ff838240000 - 0x00007ff8382c0000 	C:\Windows\System32\fwpuclnt.dll
0x00007ff8410a0000 - 0x00007ff8410c7000 	C:\Windows\System32\bcrypt.dll
0x00007ff8295d0000 - 0x00007ff8295d9000 	C:\Program Files\Java\jdk-11.0.15\bin\management.dll
0x00007ff8295c0000 - 0x00007ff8295cb000 	C:\Program Files\Java\jdk-11.0.15\bin\management_ext.dll
0x00007ff826d00000 - 0x00007ff826d17000 	C:\Windows\system32\napinsp.dll
0x00007ff826ce0000 - 0x00007ff826cfb000 	C:\Windows\system32\pnrpnsp.dll
0x00007ff826cc0000 - 0x00007ff826cd5000 	C:\Windows\system32\wshbth.dll
0x00007ff83c130000 - 0x00007ff83c14d000 	C:\Windows\system32\NLAapi.dll
0x00007ff826ca0000 - 0x00007ff826cb2000 	C:\Windows\System32\winrnr.dll
0x00007ff840080000 - 0x00007ff840098000 	C:\Windows\SYSTEM32\CRYPTSP.dll
0x00007ff83f7c0000 - 0x00007ff83f7f4000 	C:\Windows\system32\rsaenh.dll
0x00007ff840690000 - 0x00007ff8406be000 	C:\Windows\SYSTEM32\USERENV.dll
0x00007ff83ffb0000 - 0x00007ff83ffbc000 	C:\Windows\SYSTEM32\CRYPTBASE.dll

dbghelp: loaded successfully - version: 4.0.5 - missing functions: none
symbol engine: initialized successfully - sym options: 0x614 - pdb path: .;C:\Program Files\Java\jdk-11.0.15\bin;C:\Windows\SYSTEM32;C:\Windows\WinSxS\amd64_microsoft.windows.common-controls_6595b64144ccf1df_6.0.19041.1110_none_60b5254171f9507e;C:\Program Files\Java\jdk-11.0.15\bin\server;C:\Program Files\JetBrains\IntelliJ IDEA Community Edition 2022.2.1\bin

VM Arguments:
jvm_args: -javaagent:C:\Program Files\JetBrains\IntelliJ IDEA Community Edition 2022.2.1\lib\idea_rt.jar=54728:C:\Program Files\JetBrains\IntelliJ IDEA Community Edition 2022.2.1\bin -Dfile.encoding=UTF-8 
java_command: com.training.springeurekaclient.SpringEurekaClientApplication
java_class_path (initial): C:\Users\sfjbs\Downloads\eureka-naming-server-main\eureka-naming-server-main\spring-eureka-client\target\classes;C:\Users\sfjbs\.m2\repository\org\springframework\cloud\spring-cloud-starter-netflix-eureka-client\3.1.3\spring-cloud-starter-netflix-eureka-client-3.1.3.jar;C:\Users\sfjbs\.m2\repository\org\springframework\cloud\spring-cloud-starter\2.1.0.RELEASE\spring-cloud-starter-2.1.0.RELEASE.jar;C:\Users\sfjbs\.m2\repository\org\springframework\cloud\spring-cloud-context\2.1.0.RELEASE\spring-cloud-context-2.1.0.RELEASE.jar;C:\Users\sfjbs\.m2\repository\org\springframework\security\spring-security-crypto\5.1.5.RELEASE\spring-security-crypto-5.1.5.RELEASE.jar;C:\Users\sfjbs\.m2\repository\org\springframework\cloud\spring-cloud-commons\2.1.0.RELEASE\spring-cloud-commons-2.1.0.RELEASE.jar;C:\Users\sfjbs\.m2\repository\org\springframework\security\spring-security-rsa\1.0.7.RELEASE\spring-security-rsa-1.0.7.RELEASE.jar;C:\Users\sfjbs\.m2\repository\org\bouncycastle\bcpkix-jdk15on\1.60\bcpkix-jdk15on-1.60.jar;C:\Users\sfjbs\.m2\repository\org\bouncycastle\bcprov-jdk15on\1.60\bcprov-jdk15on-1.60.jar;C:\Users\sfjbs\.m2\repository\org\springframework\cloud\spring-cloud-netflix-eureka-client\2.1.0.RELEASE\spring-cloud-netflix-eureka-client-2.1.0.RELEASE.jar;C:\Users\sfjbs\.m2\repository\org\springframework\cloud\spring-cloud-netflix-hystrix\2.1.0.RELEASE\spring-cloud-netflix-hystrix-2.1.0.RELEASE.jar;C:\Users\sfjbs\.m2\repository\org\springframework\boot\spring-boot-starter-aop\2.1.4.RELEASE\spring-boot-starter-aop-2.1.4.RELEASE.jar;C:\Users\sfjbs\.m2\repository\org\aspectj\aspectjweaver\1.9.2\aspectjweaver-1.9.2.jar;C:\Users\sfjbs\.m2\repository\com\netflix\eureka\eureka-client\1.9.8\eureka-client-1.9.8.jar;C:\Users\sfjbs\.m2\repository\org\codehaus\jettison\jettison\1.3.7\jettison-1.3.7.jar;C:\Users\sfjbs\.m2\repository\stax\stax-api\1.0.1\stax-api-1.0.1.jar;C:\Users\sfjbs\.m2\repository\com\netflix\netflix-commons\netflix-eventbus\0.3.0\netfli
Launcher Type: SUN_STANDARD

[Global flags]
     intx CICompilerCount                          = 2                                         {product} {ergonomic}
     uint ConcGCThreads                            = 1                                         {product} {ergonomic}
     uint G1ConcRefinementThreads                  = 2                                         {product} {ergonomic}
   size_t G1HeapRegionSize                         = 1048576                                   {product} {ergonomic}
    uintx GCDrainStackTargetSize                   = 64                                        {product} {ergonomic}
   size_t InitialHeapSize                          = 134217728                                 {product} {ergonomic}
   size_t MarkStackSize                            = 4194304                                   {product} {ergonomic}
   size_t MaxHeapSize                              = 2147483648                                {product} {ergonomic}
   size_t MaxNewSize                               = 1287651328                                {product} {ergonomic}
   size_t MinHeapDeltaBytes                        = 1048576                                   {product} {ergonomic}
    uintx NonNMethodCodeHeapSize                   = 5825164                                {pd product} {ergonomic}
    uintx NonProfiledCodeHeapSize                  = 122916538                              {pd product} {ergonomic}
    uintx ProfiledCodeHeapSize                     = 122916538                              {pd product} {ergonomic}
    uintx ReservedCodeCacheSize                    = 251658240                              {pd product} {ergonomic}
     bool SegmentedCodeCache                       = true                                      {product} {ergonomic}
     bool UseCompressedClassPointers               = true                                 {lp64_product} {ergonomic}
     bool UseCompressedOops                        = true                                 {lp64_product} {ergonomic}
     bool UseG1GC                                  = true                                      {product} {ergonomic}
     bool UseLargePagesIndividualAllocation        = false                                  {pd product} {ergonomic}

Logging:
Log output configuration:
 #0: stdout all=warning uptime,level,tags
 #1: stderr all=off uptime,level,tags

Environment Variables:
PATH=C:\Program Files\Common Files\Oracle\Java\javapath;C:\Windows\system32;C:\Windows;C:\Windows\System32\Wbem;C:\Windows\System32\WindowsPowerShell\v1.0\;C:\Windows\System32\OpenSSH\;C:\Program Files\PuTTY\;C:\Program Files\Git\cmd;C:\Program Files\Docker\Docker\resources\bin;C:\ProgramData\DockerDesktop\version-bin;C:\Users\sfjbs\Downloads\apache-maven-3.8.6-bin\apache-maven-3.8.6\bin;C:\Users\sfjbs\Downloads\apache-maven-3.8.6-bin\apache-maven-3.8.6\lib;C:\Users\sfjbs\AppData\Local\Microsoft\WindowsApps;C:\Program Files\JetBrains\IntelliJ IDEA Community Edition 2022.2.1\bin;;C:\Users\sfjbs\Downloads\apache-maven-3.8.6-bin\apache-maven-3.8.6\bin;C:\Users\sfjbs\Downloads\apache-maven-3.8.6-bin\apache-maven-3.8.6\lib;
USERNAME=sfjbs
OS=Windows_NT
PROCESSOR_IDENTIFIER=Intel64 Family 6 Model 85 Stepping 7, GenuineIntel



---------------  S Y S T E M  ---------------

OS: Windows 10 , 64 bit Build 19041 (10.0.19041.1889)
Hyper-V role detected

CPU:total 2 (initial active 2) (1 cores per cpu, 2 threads per core) family 6 model 85 stepping 7 microcode 0xffffffff, cmov, cx8, fxsr, mmx, sse, sse2, sse3, ssse3, sse4.1, sse4.2, popcnt, avx, avx2, aes, clmul, erms, rtm, 3dnowpref, lzcnt, ht, tsc, bmi1, bmi2, adx, evex, fma

Memory: 4k page, system-wide physical 8190M (835M free)
TotalPageFile size 10238M (AvailPageFile size 12M)
current process WorkingSet (physical memory assigned to process): 245M, peak: 245M
current process commit charge ("private bytes"): 315M, peak: 359M

vm_info: Java HotSpot(TM) 64-Bit Server VM (11.0.15+8-LTS-149) for windows-amd64 JRE (11.0.15+8-LTS-149), built on Mar  9 2022 22:42:32 by "mach5one" with MS VC++ 15.9 (VS2017)

END.
