#
# There is insufficient memory for the Java Runtime Environment to continue.
# Native memory allocation (malloc) failed to allocate 2158736 bytes for Chunk::new
# Possible reasons:
#   The system is out of physical RAM or swap space
#   The process is running with CompressedOops enabled, and the Java Heap may be blocking the growth of the native heap
# Possible solutions:
#   Reduce memory load on the system
#   Increase physical memory or swap space
#   Check if swap backing store is full
#   Decrease Java heap size (-Xmx/-Xms)
#   Decrease number of Java threads
#   Decrease Java thread stack sizes (-Xss)
#   Set larger code cache with -XX:ReservedCodeCacheSize=
#   JVM is running with Unscaled Compressed Oops mode in which the Java heap is
#     placed in the first 4GB address space. The Java Heap base address is the
#     maximum limit for the native heap growth. Please use -XX:HeapBaseMinAddress
#     to set the Java Heap base and to place the Java Heap above 4GB virtual address.
# This output file may be truncated or incomplete.
#
#  Out of Memory Error (./open/src/hotspot/share/memory/arena.cpp:197), pid=7464, tid=11800
#
# JRE version: Java(TM) SE Runtime Environment 18.9 (11.0.15+8) (build 11.0.15+8-LTS-149)
# Java VM: Java HotSpot(TM) 64-Bit Server VM 18.9 (11.0.15+8-LTS-149, mixed mode, tiered, compressed oops, g1 gc, windows-amd64)
# No core dump will be written. Minidumps are not enabled by default on client versions of Windows
#

---------------  S U M M A R Y ------------

Command Line: -javaagent:C:\Program Files\JetBrains\IntelliJ IDEA Community Edition 2022.2.1\lib\idea_rt.jar=55797:C:\Program Files\JetBrains\IntelliJ IDEA Community Edition 2022.2.1\bin -Dfile.encoding=UTF-8 com.training.springeurekaclient.SpringEurekaClientApplication

Host: Intel(R) Xeon(R) Platinum 8272CL CPU @ 2.60GHz, 2 cores, 7G,  Windows 10 , 64 bit Build 19041 (10.0.19041.1889)
Time: Tue Sep  6 05:46:44 2022 Coordinated Universal Time elapsed time: 10.059511 seconds (0d 0h 0m 10s)

---------------  T H R E A D  ---------------

Current thread (0x00000202e745f000):  JavaThread "C2 CompilerThread0" daemon [_thread_in_native, id=11800, stack(0x000000457c600000,0x000000457c700000)]


Current CompileTask:
C2:  10059 4856   !   4       java.lang.reflect.Field::declaredAnnotations (82 bytes)

Stack: [0x000000457c600000,0x000000457c700000]
Native frames: (J=compiled Java code, j=interpreted, Vv=VM code, C=native code)
V  [jvm.dll+0x629d8a]
V  [jvm.dll+0x7638ff]
V  [jvm.dll+0x764fa9]
V  [jvm.dll+0x765633]
V  [jvm.dll+0x23d9c8]
V  [jvm.dll+0xb2a1c]
V  [jvm.dll+0xb2fdc]
V  [jvm.dll+0x341047]
V  [jvm.dll+0x30e9b3]
V  [jvm.dll+0x30dcfa]
V  [jvm.dll+0x1f8565]
V  [jvm.dll+0x1f774d]
V  [jvm.dll+0x177c51]
V  [jvm.dll+0x207026]
V  [jvm.dll+0x2051bb]
V  [jvm.dll+0x729820]
V  [jvm.dll+0x7223f4]
V  [jvm.dll+0x628c26]
C  [ucrtbase.dll+0x21bb2]
C  [KERNEL32.DLL+0x17034]
C  [ntdll.dll+0x52651]


---------------  P R O C E S S  ---------------

Threads class SMR info:
_java_thread_list=0x00000202e9482530, length=16, elements={
0x00000202ca173000, 0x00000202e743b000, 0x00000202e7445000, 0x00000202e7dd2800,
0x00000202e745a800, 0x00000202e745c000, 0x00000202e745f000, 0x00000202e7467800,
0x00000202e7e1e000, 0x00000202e7f0d000, 0x00000202e8448800, 0x00000202eb09b800,
0x00000202e9639000, 0x00000202ecd96000, 0x00000202ec09f000, 0x00000202eb7c5800
}

Java Threads: ( => current thread )
  0x00000202ca173000 JavaThread "main" [_thread_blocked, id=8180, stack(0x000000457b900000,0x000000457ba00000)]
  0x00000202e743b000 JavaThread "Reference Handler" daemon [_thread_blocked, id=13844, stack(0x000000457c100000,0x000000457c200000)]
  0x00000202e7445000 JavaThread "Finalizer" daemon [_thread_blocked, id=14308, stack(0x000000457c200000,0x000000457c300000)]
  0x00000202e7dd2800 JavaThread "Signal Dispatcher" daemon [_thread_blocked, id=9920, stack(0x000000457c300000,0x000000457c400000)]
  0x00000202e745a800 JavaThread "Attach Listener" daemon [_thread_blocked, id=12928, stack(0x000000457c400000,0x000000457c500000)]
  0x00000202e745c000 JavaThread "Service Thread" daemon [_thread_blocked, id=6924, stack(0x000000457c500000,0x000000457c600000)]
=>0x00000202e745f000 JavaThread "C2 CompilerThread0" daemon [_thread_in_native, id=11800, stack(0x000000457c600000,0x000000457c700000)]
  0x00000202e7467800 JavaThread "C1 CompilerThread0" daemon [_thread_blocked, id=4796, stack(0x000000457c700000,0x000000457c800000)]
  0x00000202e7e1e000 JavaThread "Sweeper thread" daemon [_thread_blocked, id=7432, stack(0x000000457c800000,0x000000457c900000)]
  0x00000202e7f0d000 JavaThread "Common-Cleaner" daemon [_thread_blocked, id=5308, stack(0x000000457c900000,0x000000457ca00000)]
  0x00000202e8448800 JavaThread "Monitor Ctrl-Break" daemon [_thread_in_native, id=13268, stack(0x000000457ca00000,0x000000457cb00000)]
  0x00000202eb09b800 JavaThread "spring.cloud.inetutils" daemon [_thread_blocked, id=452, stack(0x000000457cd00000,0x000000457ce00000)]
  0x00000202e9639000 JavaThread "Catalina-utility-1" [_thread_blocked, id=14244, stack(0x000000457ce00000,0x000000457cf00000)]
  0x00000202ecd96000 JavaThread "Catalina-utility-2" [_thread_blocked, id=11064, stack(0x000000457cf00000,0x000000457d000000)]
  0x00000202ec09f000 JavaThread "container-0" [_thread_blocked, id=14024, stack(0x000000457d000000,0x000000457d100000)]
  0x00000202eb7c5800 JavaThread "AsyncResolver-bootstrap-0" daemon [_thread_blocked, id=11236, stack(0x000000457d100000,0x000000457d200000)]

Other Threads:
  0x00000202e7438800 VMThread "VM Thread" [stack: 0x000000457c000000,0x000000457c100000] [id=2868]
  0x00000202e8451800 WatcherThread [stack: 0x000000457cb00000,0x000000457cc00000] [id=11836]
  0x00000202ca188000 GCTaskThread "GC Thread#0" [stack: 0x000000457bb00000,0x000000457bc00000] [id=11316]
  0x00000202e8083800 GCTaskThread "GC Thread#1" [stack: 0x000000457cc00000,0x000000457cd00000] [id=12264]
  0x00000202ca1ba800 ConcurrentGCThread "G1 Main Marker" [stack: 0x000000457bc00000,0x000000457bd00000] [id=9532]
  0x00000202ca1bd000 ConcurrentGCThread "G1 Conc#0" [stack: 0x000000457bd00000,0x000000457be00000] [id=5880]
  0x00000202ca247000 ConcurrentGCThread "G1 Refine#0" [stack: 0x000000457be00000,0x000000457bf00000] [id=4416]
  0x00000202ca248000 ConcurrentGCThread "G1 Young RemSet Sampling" [stack: 0x000000457bf00000,0x000000457c000000] [id=8500]

Threads with active compile tasks:
C2 CompilerThread0  10080 4856   !   4       java.lang.reflect.Field::declaredAnnotations (82 bytes)

VM state:not at safepoint (normal execution)

VM Mutex/Monitor currently owned by a thread:  ([mutex/lock_event])
[0x00000202ca1705d0] Compile_lock - owner thread: 0x00000202ca173000

Heap address: 0x0000000080000000, size: 2048 MB, Compressed Oops mode: 32-bit
Narrow klass base: 0x0000000000000000, Narrow klass shift: 3
Compressed class space size: 1073741824 Address: 0x0000000100000000

Heap:
 garbage-first heap   total 195584K, used 69254K [0x0000000080000000, 0x0000000100000000)
  region size 1024K, 58 young (59392K), 12 survivors (12288K)
 Metaspace       used 47511K, capacity 48726K, committed 48892K, reserved 1091584K
  class space    used 5721K, capacity 6214K, committed 6272K, reserved 1048576K
Heap Regions: E=young(eden), S=young(survivor), O=old, HS=humongous(starts), HC=humongous(continues), CS=collection set, F=free, A=archive, TAMS=top-at-mark-start (previous, next)
|   0|0x0000000080000000, 0x0000000080100000, 0x0000000080100000|100%| O|  |TAMS 0x0000000080100000, 0x0000000080000000| Untracked 
|   1|0x0000000080100000, 0x0000000080200000, 0x0000000080200000|100%| O|  |TAMS 0x0000000080200000, 0x0000000080100000| Untracked 
|   2|0x0000000080200000, 0x0000000080300000, 0x0000000080300000|100%| O|  |TAMS 0x0000000080300000, 0x0000000080200000| Untracked 
|   3|0x0000000080300000, 0x0000000080400000, 0x0000000080400000|100%| O|  |TAMS 0x0000000080400000, 0x0000000080300000| Untracked 
|   4|0x0000000080400000, 0x0000000080500000, 0x0000000080500000|100%| O|  |TAMS 0x0000000080500000, 0x0000000080400000| Untracked 
|   5|0x0000000080500000, 0x0000000080600000, 0x0000000080600000|100%| O|  |TAMS 0x0000000080513800, 0x0000000080500000| Untracked 
|   6|0x0000000080600000, 0x0000000080600000, 0x0000000080700000|  0%| F|  |TAMS 0x0000000080600000, 0x0000000080600000| Untracked 
|   7|0x0000000080700000, 0x0000000080800000, 0x0000000080800000|100%| O|  |TAMS 0x0000000080700000, 0x0000000080700000| Untracked 
|   8|0x0000000080800000, 0x0000000080900000, 0x0000000080900000|100%| O|  |TAMS 0x0000000080800000, 0x0000000080800000| Untracked 
|   9|0x0000000080900000, 0x0000000080a00000, 0x0000000080a00000|100%| O|  |TAMS 0x0000000080900000, 0x0000000080900000| Untracked 
|  10|0x0000000080a00000, 0x0000000080b00000, 0x0000000080b00000|100%| O|  |TAMS 0x0000000080a00000, 0x0000000080a00000| Untracked 
|  11|0x0000000080b00000, 0x0000000080ba1800, 0x0000000080c00000| 63%| O|  |TAMS 0x0000000080b00000, 0x0000000080b00000| Untracked 
|  12|0x0000000080c00000, 0x0000000080c00000, 0x0000000080d00000|  0%| F|  |TAMS 0x0000000080c00000, 0x0000000080c00000| Untracked 
|  13|0x0000000080d00000, 0x0000000080d00000, 0x0000000080e00000|  0%| F|  |TAMS 0x0000000080d00000, 0x0000000080d00000| Untracked 
|  14|0x0000000080e00000, 0x0000000080e00000, 0x0000000080f00000|  0%| F|  |TAMS 0x0000000080e00000, 0x0000000080e00000| Untracked 
|  15|0x0000000080f00000, 0x0000000080f00000, 0x0000000081000000|  0%| F|  |TAMS 0x0000000080f00000, 0x0000000080f00000| Untracked 
|  16|0x0000000081000000, 0x0000000081000000, 0x0000000081100000|  0%| F|  |TAMS 0x0000000081000000, 0x0000000081000000| Untracked 
|  17|0x0000000081100000, 0x0000000081100000, 0x0000000081200000|  0%| F|  |TAMS 0x0000000081100000, 0x0000000081100000| Untracked 
|  18|0x0000000081200000, 0x0000000081200000, 0x0000000081300000|  0%| F|  |TAMS 0x0000000081200000, 0x0000000081200000| Untracked 
|  19|0x0000000081300000, 0x0000000081300000, 0x0000000081400000|  0%| F|  |TAMS 0x0000000081300000, 0x0000000081300000| Untracked 
|  20|0x0000000081400000, 0x0000000081400000, 0x0000000081500000|  0%| F|  |TAMS 0x0000000081400000, 0x0000000081400000| Untracked 
|  21|0x0000000081500000, 0x0000000081500000, 0x0000000081600000|  0%| F|  |TAMS 0x0000000081500000, 0x0000000081500000| Untracked 
|  22|0x0000000081600000, 0x0000000081600000, 0x0000000081700000|  0%| F|  |TAMS 0x0000000081600000, 0x0000000081600000| Untracked 
|  23|0x0000000081700000, 0x0000000081700000, 0x0000000081800000|  0%| F|  |TAMS 0x0000000081700000, 0x0000000081700000| Untracked 
|  24|0x0000000081800000, 0x0000000081800000, 0x0000000081900000|  0%| F|  |TAMS 0x0000000081800000, 0x0000000081800000| Untracked 
|  25|0x0000000081900000, 0x0000000081900000, 0x0000000081a00000|  0%| F|  |TAMS 0x0000000081900000, 0x0000000081900000| Untracked 
|  26|0x0000000081a00000, 0x0000000081a00000, 0x0000000081b00000|  0%| F|  |TAMS 0x0000000081a00000, 0x0000000081a00000| Untracked 
|  27|0x0000000081b00000, 0x0000000081b00000, 0x0000000081c00000|  0%| F|  |TAMS 0x0000000081b00000, 0x0000000081b00000| Untracked 
|  28|0x0000000081c00000, 0x0000000081c00000, 0x0000000081d00000|  0%| F|  |TAMS 0x0000000081c00000, 0x0000000081c00000| Untracked 
|  29|0x0000000081d00000, 0x0000000081d00000, 0x0000000081e00000|  0%| F|  |TAMS 0x0000000081d00000, 0x0000000081d00000| Untracked 
|  30|0x0000000081e00000, 0x0000000081e00000, 0x0000000081f00000|  0%| F|  |TAMS 0x0000000081e00000, 0x0000000081e00000| Untracked 
|  31|0x0000000081f00000, 0x0000000081f00000, 0x0000000082000000|  0%| F|  |TAMS 0x0000000081f00000, 0x0000000081f00000| Untracked 
|  32|0x0000000082000000, 0x0000000082000000, 0x0000000082100000|  0%| F|  |TAMS 0x0000000082000000, 0x0000000082000000| Untracked 
|  33|0x0000000082100000, 0x0000000082100000, 0x0000000082200000|  0%| F|  |TAMS 0x0000000082100000, 0x0000000082100000| Untracked 
|  34|0x0000000082200000, 0x0000000082200000, 0x0000000082300000|  0%| F|  |TAMS 0x0000000082200000, 0x0000000082200000| Untracked 
|  35|0x0000000082300000, 0x0000000082300000, 0x0000000082400000|  0%| F|  |TAMS 0x0000000082300000, 0x0000000082300000| Untracked 
|  36|0x0000000082400000, 0x0000000082400000, 0x0000000082500000|  0%| F|  |TAMS 0x0000000082400000, 0x0000000082400000| Untracked 
|  37|0x0000000082500000, 0x0000000082500000, 0x0000000082600000|  0%| F|  |TAMS 0x0000000082500000, 0x0000000082500000| Untracked 
|  38|0x0000000082600000, 0x0000000082600000, 0x0000000082700000|  0%| F|  |TAMS 0x0000000082600000, 0x0000000082600000| Untracked 
|  39|0x0000000082700000, 0x0000000082700000, 0x0000000082800000|  0%| F|  |TAMS 0x0000000082700000, 0x0000000082700000| Untracked 
|  40|0x0000000082800000, 0x0000000082800000, 0x0000000082900000|  0%| F|  |TAMS 0x0000000082800000, 0x0000000082800000| Untracked 
|  41|0x0000000082900000, 0x0000000082900000, 0x0000000082a00000|  0%| F|  |TAMS 0x0000000082900000, 0x0000000082900000| Untracked 
|  42|0x0000000082a00000, 0x0000000082a00000, 0x0000000082b00000|  0%| F|  |TAMS 0x0000000082a00000, 0x0000000082a00000| Untracked 
|  43|0x0000000082b00000, 0x0000000082b00000, 0x0000000082c00000|  0%| F|  |TAMS 0x0000000082b00000, 0x0000000082b00000| Untracked 
|  44|0x0000000082c00000, 0x0000000082c00000, 0x0000000082d00000|  0%| F|  |TAMS 0x0000000082c00000, 0x0000000082c00000| Untracked 
|  45|0x0000000082d00000, 0x0000000082d00000, 0x0000000082e00000|  0%| F|  |TAMS 0x0000000082d00000, 0x0000000082d00000| Untracked 
|  46|0x0000000082e00000, 0x0000000082e00000, 0x0000000082f00000|  0%| F|  |TAMS 0x0000000082e00000, 0x0000000082e00000| Untracked 
|  47|0x0000000082f00000, 0x0000000082f00000, 0x0000000083000000|  0%| F|  |TAMS 0x0000000082f00000, 0x0000000082f00000| Untracked 
|  48|0x0000000083000000, 0x0000000083000000, 0x0000000083100000|  0%| F|  |TAMS 0x0000000083000000, 0x0000000083000000| Untracked 
|  49|0x0000000083100000, 0x0000000083100000, 0x0000000083200000|  0%| F|  |TAMS 0x0000000083100000, 0x0000000083100000| Untracked 
|  50|0x0000000083200000, 0x0000000083300000, 0x0000000083300000|100%| S|CS|TAMS 0x0000000083200000, 0x0000000083200000| Complete 
|  51|0x0000000083300000, 0x0000000083400000, 0x0000000083400000|100%| S|CS|TAMS 0x0000000083300000, 0x0000000083300000| Complete 
|  52|0x0000000083400000, 0x0000000083500000, 0x0000000083500000|100%| S|CS|TAMS 0x0000000083400000, 0x0000000083400000| Complete 
|  53|0x0000000083500000, 0x0000000083600000, 0x0000000083600000|100%| S|CS|TAMS 0x0000000083500000, 0x0000000083500000| Complete 
|  54|0x0000000083600000, 0x0000000083700000, 0x0000000083700000|100%| S|CS|TAMS 0x0000000083600000, 0x0000000083600000| Complete 
|  55|0x0000000083700000, 0x0000000083800000, 0x0000000083800000|100%| S|CS|TAMS 0x0000000083700000, 0x0000000083700000| Complete 
|  56|0x0000000083800000, 0x0000000083900000, 0x0000000083900000|100%| S|CS|TAMS 0x0000000083800000, 0x0000000083800000| Complete 
|  57|0x0000000083900000, 0x0000000083a00000, 0x0000000083a00000|100%| S|CS|TAMS 0x0000000083900000, 0x0000000083900000| Complete 
|  58|0x0000000083a00000, 0x0000000083b00000, 0x0000000083b00000|100%| S|CS|TAMS 0x0000000083a00000, 0x0000000083a00000| Complete 
|  59|0x0000000083b00000, 0x0000000083c00000, 0x0000000083c00000|100%| S|CS|TAMS 0x0000000083b00000, 0x0000000083b00000| Complete 
|  60|0x0000000083c00000, 0x0000000083d00000, 0x0000000083d00000|100%| S|CS|TAMS 0x0000000083c00000, 0x0000000083c00000| Complete 
|  61|0x0000000083d00000, 0x0000000083e00000, 0x0000000083e00000|100%| S|CS|TAMS 0x0000000083d00000, 0x0000000083d00000| Complete 
|  62|0x0000000083e00000, 0x0000000083e00000, 0x0000000083f00000|  0%| F|  |TAMS 0x0000000083e00000, 0x0000000083e00000| Untracked 
|  63|0x0000000083f00000, 0x0000000083f00000, 0x0000000084000000|  0%| F|  |TAMS 0x0000000083f00000, 0x0000000083f00000| Untracked 
|  64|0x0000000084000000, 0x0000000084000000, 0x0000000084100000|  0%| F|  |TAMS 0x0000000084000000, 0x0000000084000000| Untracked 
|  65|0x0000000084100000, 0x0000000084100000, 0x0000000084200000|  0%| F|  |TAMS 0x0000000084100000, 0x0000000084100000| Untracked 
|  66|0x0000000084200000, 0x0000000084200000, 0x0000000084300000|  0%| F|  |TAMS 0x0000000084200000, 0x0000000084200000| Untracked 
|  67|0x0000000084300000, 0x0000000084300000, 0x0000000084400000|  0%| F|  |TAMS 0x0000000084300000, 0x0000000084300000| Untracked 
|  68|0x0000000084400000, 0x0000000084400000, 0x0000000084500000|  0%| F|  |TAMS 0x0000000084400000, 0x0000000084400000| Untracked 
|  69|0x0000000084500000, 0x0000000084500000, 0x0000000084600000|  0%| F|  |TAMS 0x0000000084500000, 0x0000000084500000| Untracked 
|  70|0x0000000084600000, 0x0000000084600000, 0x0000000084700000|  0%| F|  |TAMS 0x0000000084600000, 0x0000000084600000| Untracked 
|  71|0x0000000084700000, 0x0000000084700000, 0x0000000084800000|  0%| F|  |TAMS 0x0000000084700000, 0x0000000084700000| Untracked 
|  72|0x0000000084800000, 0x0000000084800000, 0x0000000084900000|  0%| F|  |TAMS 0x0000000084800000, 0x0000000084800000| Untracked 
|  73|0x0000000084900000, 0x0000000084900000, 0x0000000084a00000|  0%| F|  |TAMS 0x0000000084900000, 0x0000000084900000| Untracked 
|  74|0x0000000084a00000, 0x0000000084a00000, 0x0000000084b00000|  0%| F|  |TAMS 0x0000000084a00000, 0x0000000084a00000| Untracked 
|  75|0x0000000084b00000, 0x0000000084b00000, 0x0000000084c00000|  0%| F|  |TAMS 0x0000000084b00000, 0x0000000084b00000| Untracked 
|  76|0x0000000084c00000, 0x0000000084c00000, 0x0000000084d00000|  0%| F|  |TAMS 0x0000000084c00000, 0x0000000084c00000| Untracked 
|  77|0x0000000084d00000, 0x0000000084d00000, 0x0000000084e00000|  0%| F|  |TAMS 0x0000000084d00000, 0x0000000084d00000| Untracked 
|  78|0x0000000084e00000, 0x0000000084e00000, 0x0000000084f00000|  0%| F|  |TAMS 0x0000000084e00000, 0x0000000084e00000| Untracked 
|  79|0x0000000084f00000, 0x0000000084f00000, 0x0000000085000000|  0%| F|  |TAMS 0x0000000084f00000, 0x0000000084f00000| Untracked 
|  80|0x0000000085000000, 0x0000000085000000, 0x0000000085100000|  0%| F|  |TAMS 0x0000000085000000, 0x0000000085000000| Untracked 
|  81|0x0000000085100000, 0x0000000085100000, 0x0000000085200000|  0%| F|  |TAMS 0x0000000085100000, 0x0000000085100000| Untracked 
|  82|0x0000000085200000, 0x0000000085200000, 0x0000000085300000|  0%| F|  |TAMS 0x0000000085200000, 0x0000000085200000| Untracked 
|  83|0x0000000085300000, 0x0000000085300000, 0x0000000085400000|  0%| F|  |TAMS 0x0000000085300000, 0x0000000085300000| Untracked 
|  84|0x0000000085400000, 0x0000000085400000, 0x0000000085500000|  0%| F|  |TAMS 0x0000000085400000, 0x0000000085400000| Untracked 
|  85|0x0000000085500000, 0x0000000085500000, 0x0000000085600000|  0%| F|  |TAMS 0x0000000085500000, 0x0000000085500000| Untracked 
|  86|0x0000000085600000, 0x0000000085600000, 0x0000000085700000|  0%| F|  |TAMS 0x0000000085600000, 0x0000000085600000| Untracked 
|  87|0x0000000085700000, 0x0000000085700000, 0x0000000085800000|  0%| F|  |TAMS 0x0000000085700000, 0x0000000085700000| Untracked 
|  88|0x0000000085800000, 0x0000000085800000, 0x0000000085900000|  0%| F|  |TAMS 0x0000000085800000, 0x0000000085800000| Untracked 
|  89|0x0000000085900000, 0x0000000085900000, 0x0000000085a00000|  0%| F|  |TAMS 0x0000000085900000, 0x0000000085900000| Untracked 
|  90|0x0000000085a00000, 0x0000000085a00000, 0x0000000085b00000|  0%| F|  |TAMS 0x0000000085a00000, 0x0000000085a00000| Untracked 
|  91|0x0000000085b00000, 0x0000000085b00000, 0x0000000085c00000|  0%| F|  |TAMS 0x0000000085b00000, 0x0000000085b00000| Untracked 
|  92|0x0000000085c00000, 0x0000000085c00000, 0x0000000085d00000|  0%| F|  |TAMS 0x0000000085c00000, 0x0000000085c00000| Untracked 
|  93|0x0000000085d00000, 0x0000000085d00000, 0x0000000085e00000|  0%| F|  |TAMS 0x0000000085d00000, 0x0000000085d00000| Untracked 
|  94|0x0000000085e00000, 0x0000000085e00000, 0x0000000085f00000|  0%| F|  |TAMS 0x0000000085e00000, 0x0000000085e00000| Untracked 
|  95|0x0000000085f00000, 0x0000000085f00000, 0x0000000086000000|  0%| F|  |TAMS 0x0000000085f00000, 0x0000000085f00000| Untracked 
|  96|0x0000000086000000, 0x0000000086000000, 0x0000000086100000|  0%| F|  |TAMS 0x0000000086000000, 0x0000000086000000| Untracked 
|  97|0x0000000086100000, 0x0000000086100000, 0x0000000086200000|  0%| F|  |TAMS 0x0000000086100000, 0x0000000086100000| Untracked 
|  98|0x0000000086200000, 0x0000000086200000, 0x0000000086300000|  0%| F|  |TAMS 0x0000000086200000, 0x0000000086200000| Untracked 
|  99|0x0000000086300000, 0x0000000086300000, 0x0000000086400000|  0%| F|  |TAMS 0x0000000086300000, 0x0000000086300000| Untracked 
| 100|0x0000000086400000, 0x0000000086400000, 0x0000000086500000|  0%| F|  |TAMS 0x0000000086400000, 0x0000000086400000| Untracked 
| 101|0x0000000086500000, 0x0000000086500000, 0x0000000086600000|  0%| F|  |TAMS 0x0000000086500000, 0x0000000086500000| Untracked 
| 102|0x0000000086600000, 0x0000000086600000, 0x0000000086700000|  0%| F|  |TAMS 0x0000000086600000, 0x0000000086600000| Untracked 
| 103|0x0000000086700000, 0x0000000086700000, 0x0000000086800000|  0%| F|  |TAMS 0x0000000086700000, 0x0000000086700000| Untracked 
| 104|0x0000000086800000, 0x0000000086800000, 0x0000000086900000|  0%| F|  |TAMS 0x0000000086800000, 0x0000000086800000| Untracked 
| 105|0x0000000086900000, 0x0000000086900000, 0x0000000086a00000|  0%| F|  |TAMS 0x0000000086900000, 0x0000000086900000| Untracked 
| 106|0x0000000086a00000, 0x0000000086a00000, 0x0000000086b00000|  0%| F|  |TAMS 0x0000000086a00000, 0x0000000086a00000| Untracked 
| 107|0x0000000086b00000, 0x0000000086b00000, 0x0000000086c00000|  0%| F|  |TAMS 0x0000000086b00000, 0x0000000086b00000| Untracked 
| 108|0x0000000086c00000, 0x0000000086c00000, 0x0000000086d00000|  0%| F|  |TAMS 0x0000000086c00000, 0x0000000086c00000| Untracked 
| 109|0x0000000086d00000, 0x0000000086d00000, 0x0000000086e00000|  0%| F|  |TAMS 0x0000000086d00000, 0x0000000086d00000| Untracked 
| 110|0x0000000086e00000, 0x0000000086e00000, 0x0000000086f00000|  0%| F|  |TAMS 0x0000000086e00000, 0x0000000086e00000| Untracked 
| 111|0x0000000086f00000, 0x0000000086f00000, 0x0000000087000000|  0%| F|  |TAMS 0x0000000086f00000, 0x0000000086f00000| Untracked 
| 112|0x0000000087000000, 0x0000000087000000, 0x0000000087100000|  0%| F|  |TAMS 0x0000000087000000, 0x0000000087000000| Untracked 
| 113|0x0000000087100000, 0x0000000087100000, 0x0000000087200000|  0%| F|  |TAMS 0x0000000087100000, 0x0000000087100000| Untracked 
| 114|0x0000000087200000, 0x0000000087200000, 0x0000000087300000|  0%| F|  |TAMS 0x0000000087200000, 0x0000000087200000| Untracked 
| 115|0x0000000087300000, 0x0000000087300000, 0x0000000087400000|  0%| F|  |TAMS 0x0000000087300000, 0x0000000087300000| Untracked 
| 116|0x0000000087400000, 0x0000000087400000, 0x0000000087500000|  0%| F|  |TAMS 0x0000000087400000, 0x0000000087400000| Untracked 
| 117|0x0000000087500000, 0x0000000087500000, 0x0000000087600000|  0%| F|  |TAMS 0x0000000087500000, 0x0000000087500000| Untracked 
| 118|0x0000000087600000, 0x0000000087600000, 0x0000000087700000|  0%| F|  |TAMS 0x0000000087600000, 0x0000000087600000| Untracked 
| 119|0x0000000087700000, 0x0000000087700000, 0x0000000087800000|  0%| F|  |TAMS 0x0000000087700000, 0x0000000087700000| Untracked 
| 120|0x0000000087800000, 0x0000000087800000, 0x0000000087900000|  0%| F|  |TAMS 0x0000000087800000, 0x0000000087800000| Untracked 
| 121|0x0000000087900000, 0x0000000087900000, 0x0000000087a00000|  0%| F|  |TAMS 0x0000000087900000, 0x0000000087900000| Untracked 
| 122|0x0000000087a00000, 0x0000000087a00000, 0x0000000087b00000|  0%| F|  |TAMS 0x0000000087a00000, 0x0000000087a00000| Untracked 
| 123|0x0000000087b00000, 0x0000000087b00000, 0x0000000087c00000|  0%| F|  |TAMS 0x0000000087b00000, 0x0000000087b00000| Untracked 
| 124|0x0000000087c00000, 0x0000000087c00000, 0x0000000087d00000|  0%| F|  |TAMS 0x0000000087c00000, 0x0000000087c00000| Untracked 
| 125|0x0000000087d00000, 0x0000000087d00000, 0x0000000087e00000|  0%| F|  |TAMS 0x0000000087d00000, 0x0000000087d00000| Untracked 
| 126|0x0000000087e00000, 0x0000000087e00000, 0x0000000087f00000|  0%| F|  |TAMS 0x0000000087e00000, 0x0000000087e00000| Untracked 
| 127|0x0000000087f00000, 0x0000000087f00000, 0x0000000088000000|  0%| F|  |TAMS 0x0000000087f00000, 0x0000000087f00000| Untracked 
| 128|0x0000000088000000, 0x0000000088000000, 0x0000000088100000|  0%| F|  |TAMS 0x0000000088000000, 0x0000000088000000| Untracked 
| 129|0x0000000088100000, 0x0000000088100000, 0x0000000088200000|  0%| F|  |TAMS 0x0000000088100000, 0x0000000088100000| Untracked 
| 130|0x0000000088200000, 0x0000000088200000, 0x0000000088300000|  0%| F|  |TAMS 0x0000000088200000, 0x0000000088200000| Untracked 
| 131|0x0000000088300000, 0x0000000088300000, 0x0000000088400000|  0%| F|  |TAMS 0x0000000088300000, 0x0000000088300000| Untracked 
| 132|0x0000000088400000, 0x0000000088400000, 0x0000000088500000|  0%| F|  |TAMS 0x0000000088400000, 0x0000000088400000| Untracked 
| 133|0x0000000088500000, 0x0000000088500000, 0x0000000088600000|  0%| F|  |TAMS 0x0000000088500000, 0x0000000088500000| Untracked 
| 134|0x0000000088600000, 0x0000000088600000, 0x0000000088700000|  0%| F|  |TAMS 0x0000000088600000, 0x0000000088600000| Untracked 
| 135|0x0000000088700000, 0x0000000088700000, 0x0000000088800000|  0%| F|  |TAMS 0x0000000088700000, 0x0000000088700000| Untracked 
| 136|0x0000000088800000, 0x0000000088800000, 0x0000000088900000|  0%| F|  |TAMS 0x0000000088800000, 0x0000000088800000| Untracked 
| 137|0x0000000088900000, 0x0000000088900000, 0x0000000088a00000|  0%| F|  |TAMS 0x0000000088900000, 0x0000000088900000| Untracked 
| 138|0x0000000088a00000, 0x0000000088a00000, 0x0000000088b00000|  0%| F|  |TAMS 0x0000000088a00000, 0x0000000088a00000| Untracked 
| 139|0x0000000088b00000, 0x0000000088b00000, 0x0000000088c00000|  0%| F|  |TAMS 0x0000000088b00000, 0x0000000088b00000| Untracked 
| 140|0x0000000088c00000, 0x0000000088c00000, 0x0000000088d00000|  0%| F|  |TAMS 0x0000000088c00000, 0x0000000088c00000| Untracked 
| 141|0x0000000088d00000, 0x0000000088d00000, 0x0000000088e00000|  0%| F|  |TAMS 0x0000000088d00000, 0x0000000088d00000| Untracked 
| 142|0x0000000088e00000, 0x0000000088e00000, 0x0000000088f00000|  0%| F|  |TAMS 0x0000000088e00000, 0x0000000088e00000| Untracked 
| 143|0x0000000088f00000, 0x0000000088f00000, 0x0000000089000000|  0%| F|  |TAMS 0x0000000088f00000, 0x0000000088f00000| Untracked 
| 144|0x0000000089000000, 0x0000000089000000, 0x0000000089100000|  0%| F|  |TAMS 0x0000000089000000, 0x0000000089000000| Untracked 
| 145|0x0000000089100000, 0x0000000089180800, 0x0000000089200000| 50%| E|  |TAMS 0x0000000089100000, 0x0000000089100000| Complete 
| 146|0x0000000089200000, 0x0000000089300000, 0x0000000089300000|100%| E|CS|TAMS 0x0000000089200000, 0x0000000089200000| Complete 
| 147|0x0000000089300000, 0x0000000089400000, 0x0000000089400000|100%| E|CS|TAMS 0x0000000089300000, 0x0000000089300000| Complete 
| 148|0x0000000089400000, 0x0000000089500000, 0x0000000089500000|100%| E|CS|TAMS 0x0000000089400000, 0x0000000089400000| Complete 
| 149|0x0000000089500000, 0x0000000089600000, 0x0000000089600000|100%| E|CS|TAMS 0x0000000089500000, 0x0000000089500000| Complete 
| 150|0x0000000089600000, 0x0000000089700000, 0x0000000089700000|100%| E|CS|TAMS 0x0000000089600000, 0x0000000089600000| Complete 
| 151|0x0000000089700000, 0x0000000089800000, 0x0000000089800000|100%| E|CS|TAMS 0x0000000089700000, 0x0000000089700000| Complete 
| 152|0x0000000089800000, 0x0000000089900000, 0x0000000089900000|100%| E|CS|TAMS 0x0000000089800000, 0x0000000089800000| Complete 
| 153|0x0000000089900000, 0x0000000089a00000, 0x0000000089a00000|100%| E|CS|TAMS 0x0000000089900000, 0x0000000089900000| Complete 
| 154|0x0000000089a00000, 0x0000000089b00000, 0x0000000089b00000|100%| E|CS|TAMS 0x0000000089a00000, 0x0000000089a00000| Complete 
| 155|0x0000000089b00000, 0x0000000089c00000, 0x0000000089c00000|100%| E|CS|TAMS 0x0000000089b00000, 0x0000000089b00000| Complete 
| 156|0x0000000089c00000, 0x0000000089d00000, 0x0000000089d00000|100%| E|CS|TAMS 0x0000000089c00000, 0x0000000089c00000| Complete 
| 157|0x0000000089d00000, 0x0000000089e00000, 0x0000000089e00000|100%| E|CS|TAMS 0x0000000089d00000, 0x0000000089d00000| Complete 
| 158|0x0000000089e00000, 0x0000000089f00000, 0x0000000089f00000|100%| E|CS|TAMS 0x0000000089e00000, 0x0000000089e00000| Complete 
| 159|0x0000000089f00000, 0x000000008a000000, 0x000000008a000000|100%| E|CS|TAMS 0x0000000089f00000, 0x0000000089f00000| Complete 
| 160|0x000000008a000000, 0x000000008a100000, 0x000000008a100000|100%| E|CS|TAMS 0x000000008a000000, 0x000000008a000000| Complete 
| 161|0x000000008a100000, 0x000000008a200000, 0x000000008a200000|100%| E|CS|TAMS 0x000000008a100000, 0x000000008a100000| Complete 
| 162|0x000000008a200000, 0x000000008a300000, 0x000000008a300000|100%| E|CS|TAMS 0x000000008a200000, 0x000000008a200000| Complete 
| 163|0x000000008a300000, 0x000000008a400000, 0x000000008a400000|100%| E|CS|TAMS 0x000000008a300000, 0x000000008a300000| Complete 
| 164|0x000000008a400000, 0x000000008a500000, 0x000000008a500000|100%| E|CS|TAMS 0x000000008a400000, 0x000000008a400000| Complete 
| 165|0x000000008a500000, 0x000000008a600000, 0x000000008a600000|100%| E|CS|TAMS 0x000000008a500000, 0x000000008a500000| Complete 
| 166|0x000000008a600000, 0x000000008a700000, 0x000000008a700000|100%| E|CS|TAMS 0x000000008a600000, 0x000000008a600000| Complete 
| 167|0x000000008a700000, 0x000000008a800000, 0x000000008a800000|100%| E|CS|TAMS 0x000000008a700000, 0x000000008a700000| Complete 
| 168|0x000000008a800000, 0x000000008a900000, 0x000000008a900000|100%| E|CS|TAMS 0x000000008a800000, 0x000000008a800000| Complete 
| 169|0x000000008a900000, 0x000000008aa00000, 0x000000008aa00000|100%| E|CS|TAMS 0x000000008a900000, 0x000000008a900000| Complete 
| 170|0x000000008aa00000, 0x000000008ab00000, 0x000000008ab00000|100%| E|CS|TAMS 0x000000008aa00000, 0x000000008aa00000| Complete 
| 171|0x000000008ab00000, 0x000000008ac00000, 0x000000008ac00000|100%| E|CS|TAMS 0x000000008ab00000, 0x000000008ab00000| Complete 
| 172|0x000000008ac00000, 0x000000008ad00000, 0x000000008ad00000|100%| E|CS|TAMS 0x000000008ac00000, 0x000000008ac00000| Complete 
| 173|0x000000008ad00000, 0x000000008ae00000, 0x000000008ae00000|100%| E|CS|TAMS 0x000000008ad00000, 0x000000008ad00000| Complete 
| 174|0x000000008ae00000, 0x000000008af00000, 0x000000008af00000|100%| E|CS|TAMS 0x000000008ae00000, 0x000000008ae00000| Complete 
| 175|0x000000008af00000, 0x000000008b000000, 0x000000008b000000|100%| E|CS|TAMS 0x000000008af00000, 0x000000008af00000| Complete 
| 176|0x000000008b000000, 0x000000008b100000, 0x000000008b100000|100%| E|CS|TAMS 0x000000008b000000, 0x000000008b000000| Complete 
| 177|0x000000008b100000, 0x000000008b200000, 0x000000008b200000|100%| E|CS|TAMS 0x000000008b100000, 0x000000008b100000| Complete 
| 178|0x000000008b200000, 0x000000008b300000, 0x000000008b300000|100%| E|CS|TAMS 0x000000008b200000, 0x000000008b200000| Complete 
| 179|0x000000008b300000, 0x000000008b400000, 0x000000008b400000|100%| E|CS|TAMS 0x000000008b300000, 0x000000008b300000| Complete 
| 180|0x000000008b400000, 0x000000008b500000, 0x000000008b500000|100%| E|CS|TAMS 0x000000008b400000, 0x000000008b400000| Complete 
| 181|0x000000008b500000, 0x000000008b600000, 0x000000008b600000|100%| E|CS|TAMS 0x000000008b500000, 0x000000008b500000| Complete 
| 182|0x000000008b600000, 0x000000008b700000, 0x000000008b700000|100%| E|CS|TAMS 0x000000008b600000, 0x000000008b600000| Complete 
| 183|0x000000008b700000, 0x000000008b800000, 0x000000008b800000|100%| E|CS|TAMS 0x000000008b700000, 0x000000008b700000| Complete 
| 184|0x000000008b800000, 0x000000008b900000, 0x000000008b900000|100%| E|CS|TAMS 0x000000008b800000, 0x000000008b800000| Complete 
| 185|0x000000008b900000, 0x000000008ba00000, 0x000000008ba00000|100%| E|CS|TAMS 0x000000008b900000, 0x000000008b900000| Complete 
| 186|0x000000008ba00000, 0x000000008bb00000, 0x000000008bb00000|100%| E|CS|TAMS 0x000000008ba00000, 0x000000008ba00000| Complete 
| 187|0x000000008bb00000, 0x000000008bc00000, 0x000000008bc00000|100%| E|CS|TAMS 0x000000008bb00000, 0x000000008bb00000| Complete 
| 188|0x000000008bc00000, 0x000000008bd00000, 0x000000008bd00000|100%| E|CS|TAMS 0x000000008bc00000, 0x000000008bc00000| Complete 
| 189|0x000000008bd00000, 0x000000008be00000, 0x000000008be00000|100%| E|CS|TAMS 0x000000008bd00000, 0x000000008bd00000| Complete 
| 190|0x000000008be00000, 0x000000008bf00000, 0x000000008bf00000|100%| E|CS|TAMS 0x000000008be00000, 0x000000008be00000| Complete 

Card table byte_map: [0x00000202e0820000,0x00000202e0c20000] _byte_map_base: 0x00000202e0420000

Marking Bits (Prev, Next): (CMBitMap*) 0x00000202ca1b1898, (CMBitMap*) 0x00000202ca1b18d0
 Prev Bits: [0x00000202e1020000, 0x00000202e3020000)
 Next Bits: [0x00000202e3020000, 0x00000202e5020000)

Polling page: 0x00000202c8030000

Metaspace:

Usage:
  Non-class:     41.52 MB capacity,    40.81 MB ( 98%) used,   573.17 KB (  1%) free+waste,   148.25 KB ( <1%) overhead. 
      Class:      6.07 MB capacity,     5.59 MB ( 92%) used,   421.66 KB (  7%) free+waste,    71.06 KB (  1%) overhead. 
       Both:     47.58 MB capacity,    46.40 MB ( 98%) used,   994.83 KB (  2%) free+waste,   219.31 KB ( <1%) overhead. 

Virtual space:
  Non-class space:       42.00 MB reserved,      41.62 MB (>99%) committed 
      Class space:        1.00 GB reserved,       6.13 MB ( <1%) committed 
             Both:        1.04 GB reserved,      47.75 MB (  4%) committed 

Chunk freelists:
   Non-Class:  5.50 KB
       Class:  3.25 KB
        Both:  8.75 KB

CodeHeap 'non-profiled nmethods': size=120064Kb used=2110Kb max_used=2110Kb free=117953Kb
 bounds [0x00000202d92e0000, 0x00000202d9550000, 0x00000202e0820000]
CodeHeap 'profiled nmethods': size=120000Kb used=10474Kb max_used=10474Kb free=109525Kb
 bounds [0x00000202d1db0000, 0x00000202d27f0000, 0x00000202d92e0000]
CodeHeap 'non-nmethods': size=5696Kb used=1177Kb max_used=1224Kb free=4518Kb
 bounds [0x00000202d1820000, 0x00000202d1a90000, 0x00000202d1db0000]
 total_blobs=5332 nmethods=4823 adapters=420
 compilation: enabled
              stopped_count=0, restarted_count=0
 full_count=0

Compilation events (10 events):
Event: 9.941 Thread 0x00000202e7467800 4865       3       jdk.xml.internal.SecuritySupport::getSystemProperty (13 bytes)
Event: 9.941 Thread 0x00000202e7467800 nmethod 4865 0x00000202d27e0610 code [0x00000202d27e0800, 0x00000202d27e0de8]
Event: 9.941 Thread 0x00000202e7467800 4866       3       jdk.xml.internal.SecuritySupport$$Lambda$66/0x0000000100177440::run (8 bytes)
Event: 9.941 Thread 0x00000202e7467800 nmethod 4866 0x00000202d27e1010 code [0x00000202d27e1200, 0x00000202d27e1628]
Event: 9.941 Thread 0x00000202e7467800 4867   !   3       jdk.xml.internal.SecuritySupport::readJAXPProperty (147 bytes)
Event: 9.947 Thread 0x00000202e7467800 nmethod 4867 0x00000202d27e1790 code [0x00000202d27e2040, 0x00000202d27e7b78]
Event: 9.952 Thread 0x00000202e7467800 4869       1       com.fasterxml.jackson.databind.SerializationFeature::getMask (5 bytes)
Event: 9.952 Thread 0x00000202e7467800 nmethod 4869 0x00000202d94ef710 code [0x00000202d94ef8a0, 0x00000202d94ef958]
Event: 9.970 Thread 0x00000202e7467800 4870       3       java.util.regex.Pattern::newCharProperty (34 bytes)
Event: 9.970 Thread 0x00000202e7467800 nmethod 4870 0x00000202d27e9f10 code [0x00000202d27ea120, 0x00000202d27ea9b8]

GC Heap History (10 events):
Event: 2.344 GC heap before
{Heap before GC invocations=4 (full 0):
 garbage-first heap   total 131072K, used 29146K [0x0000000080000000, 0x0000000100000000)
  region size 1024K, 24 young (24576K), 2 survivors (2048K)
 Metaspace       used 20000K, capacity 20460K, committed 20608K, reserved 1067008K
  class space    used 2159K, capacity 2334K, committed 2432K, reserved 1048576K
}
Event: 2.353 GC heap after
{Heap after GC invocations=5 (full 0):
 garbage-first heap   total 157696K, used 7377K [0x0000000080000000, 0x0000000100000000)
  region size 1024K, 3 young (3072K), 3 survivors (3072K)
 Metaspace       used 20000K, capacity 20460K, committed 20608K, reserved 1067008K
  class space    used 2159K, capacity 2334K, committed 2432K, reserved 1048576K
}
Event: 2.378 GC heap before
{Heap before GC invocations=5 (full 0):
 garbage-first heap   total 157696K, used 8401K [0x0000000080000000, 0x0000000100000000)
  region size 1024K, 5 young (5120K), 3 survivors (3072K)
 Metaspace       used 20708K, capacity 21138K, committed 21296K, reserved 1069056K
  class space    used 2237K, capacity 2432K, committed 2432K, reserved 1048576K
}
Event: 2.384 GC heap after
{Heap after GC invocations=6 (full 0):
 garbage-first heap   total 157696K, used 7429K [0x0000000080000000, 0x0000000100000000)
  region size 1024K, 3 young (3072K), 3 survivors (3072K)
 Metaspace       used 20708K, capacity 21138K, committed 21296K, reserved 1069056K
  class space    used 2237K, capacity 2432K, committed 2432K, reserved 1048576K
}
Event: 4.580 GC heap before
{Heap before GC invocations=7 (full 0):
 garbage-first heap   total 157696K, used 81157K [0x0000000080000000, 0x0000000100000000)
  region size 1024K, 75 young (76800K), 3 survivors (3072K)
 Metaspace       used 29618K, capacity 30315K, committed 30512K, reserved 1077248K
  class space    used 3330K, capacity 3613K, committed 3712K, reserved 1048576K
}
Event: 4.601 GC heap after
{Heap after GC invocations=8 (full 0):
 garbage-first heap   total 157696K, used 11322K [0x0000000080000000, 0x0000000100000000)
  region size 1024K, 6 young (6144K), 6 survivors (6144K)
 Metaspace       used 29618K, capacity 30315K, committed 30512K, reserved 1077248K
  class space    used 3330K, capacity 3613K, committed 3712K, reserved 1048576K
}
Event: 6.313 GC heap before
{Heap before GC invocations=8 (full 0):
 garbage-first heap   total 157696K, used 87098K [0x0000000080000000, 0x0000000100000000)
  region size 1024K, 81 young (82944K), 6 survivors (6144K)
 Metaspace       used 34781K, capacity 35659K, committed 35708K, reserved 1081344K
  class space    used 3989K, capacity 4321K, committed 4352K, reserved 1048576K
}
Event: 6.344 GC heap after
{Heap after GC invocations=9 (full 0):
 garbage-first heap   total 157696K, used 15438K [0x0000000080000000, 0x0000000100000000)
  region size 1024K, 10 young (10240K), 10 survivors (10240K)
 Metaspace       used 34781K, capacity 35659K, committed 35708K, reserved 1081344K
  class space    used 3989K, capacity 4321K, committed 4352K, reserved 1048576K
}
Event: 8.715 GC heap before
{Heap before GC invocations=10 (full 0):
 garbage-first heap   total 157696K, used 99406K [0x0000000080000000, 0x0000000100000000)
  region size 1024K, 92 young (94208K), 10 survivors (10240K)
 Metaspace       used 42701K, capacity 43726K, committed 43772K, reserved 1087488K
  class space    used 5060K, capacity 5501K, committed 5504K, reserved 1048576K
}
Event: 8.774 GC heap after
{Heap after GC invocations=11 (full 0):
 garbage-first heap   total 195584K, used 23174K [0x0000000080000000, 0x0000000100000000)
  region size 1024K, 12 young (12288K), 12 survivors (12288K)
 Metaspace       used 42701K, capacity 43726K, committed 43772K, reserved 1087488K
  class space    used 5060K, capacity 5501K, committed 5504K, reserved 1048576K
}

Deoptimization events (10 events):
Event: 8.030 Thread 0x00000202ca173000 Uncommon trap: reason=unstable_if action=reinterpret pc=0x00000202d9438294 method=org.springframework.asm.Type.appendDescriptor(Ljava/lang/Class;Ljava/lang/StringBuilder;)V @ 61 c2
Event: 9.008 Thread 0x00000202ca173000 Uncommon trap: reason=unstable_if action=reinterpret pc=0x00000202d949ffb0 method=org.springframework.beans.factory.support.AbstractBeanFactory.isTypeMatch(Ljava/lang/String;Lorg/springframework/core/ResolvableType;)Z @ 26 c2
Event: 9.081 Thread 0x00000202ca173000 Uncommon trap: reason=unstable_if action=reinterpret pc=0x00000202d9454088 method=org.springframework.beans.factory.support.DefaultSingletonBeanRegistry.getSingleton(Ljava/lang/String;Z)Ljava/lang/Object; @ 47 c2
Event: 9.210 Thread 0x00000202ca173000 Uncommon trap: reason=class_check action=maybe_recompile pc=0x00000202d9390394 method=java.util.concurrent.ConcurrentHashMap.putVal(Ljava/lang/Object;Ljava/lang/Object;Z)Ljava/lang/Object; @ 159 c2
Event: 9.210 Thread 0x00000202ca173000 Uncommon trap: reason=class_check action=maybe_recompile pc=0x00000202d9390394 method=java.util.concurrent.ConcurrentHashMap.putVal(Ljava/lang/Object;Ljava/lang/Object;Z)Ljava/lang/Object; @ 159 c2
Event: 9.625 Thread 0x00000202ca173000 Uncommon trap: reason=class_check action=maybe_recompile pc=0x00000202d92ea0dc method=java.lang.String.equals(Ljava/lang/Object;)Z @ 8 c2
Event: 9.627 Thread 0x00000202ca173000 Uncommon trap: reason=class_check action=maybe_recompile pc=0x00000202d92ea0dc method=java.lang.String.equals(Ljava/lang/Object;)Z @ 8 c2
Event: 9.627 Thread 0x00000202ca173000 Uncommon trap: reason=class_check action=maybe_recompile pc=0x00000202d92ea0dc method=java.lang.String.equals(Ljava/lang/Object;)Z @ 8 c2
Event: 9.817 Thread 0x00000202ca173000 Uncommon trap: reason=unstable_if action=reinterpret pc=0x00000202d94dc444 method=java.net.URLStreamHandler.parseURL(Ljava/net/URL;Ljava/lang/String;II)V @ 155 c2
Event: 9.962 Thread 0x00000202ca173000 Uncommon trap: reason=unstable_if action=reinterpret pc=0x00000202d933cdd8 method=java.util.Objects.equals(Ljava/lang/Object;Ljava/lang/Object;)Z @ 6 c2

Classes redefined (0 events):
No events

Internal exceptions (10 events):
Event: 9.670 Thread 0x00000202ca173000 Exception <a 'java/lang/ClassNotFoundException'{0x0000000089b8b810}: org/springframework/beans/factory/DisposableBeanCustomizer> (0x0000000089b8b810) thrown at [./open/src/hotspot/share/classfile/systemDictionary.cpp, line 226]
Event: 9.677 Thread 0x00000202ca173000 Exception <a 'java/lang/ClassNotFoundException'{0x0000000089b9f9f0}: java/lang/ObjectCustomizer> (0x0000000089b9f9f0) thrown at [./open/src/hotspot/share/classfile/systemDictionary.cpp, line 226]
Event: 9.677 Thread 0x00000202ca173000 Exception <a 'java/lang/ClassNotFoundException'{0x0000000089bb1698}: org/springframework/cloud/context/properties/ConfigurationPropertiesRebinderCustomizer> (0x0000000089bb1698) thrown at [./open/src/hotspot/share/classfile/systemDictionary.cpp, line 226]
Event: 9.678 Thread 0x00000202ca173000 Exception <a 'java/lang/ClassNotFoundException'{0x0000000089bc7788}: org/springframework/context/ApplicationContextAwareCustomizer> (0x0000000089bc7788) thrown at [./open/src/hotspot/share/classfile/systemDictionary.cpp, line 226]
Event: 9.679 Thread 0x00000202ca173000 Exception <a 'java/lang/ClassNotFoundException'{0x0000000089bd35c0}: org/springframework/beans/factory/AwareCustomizer> (0x0000000089bd35c0) thrown at [./open/src/hotspot/share/classfile/systemDictionary.cpp, line 226]
Event: 9.679 Thread 0x00000202ca173000 Exception <a 'java/lang/ClassNotFoundException'{0x0000000089bded60}: org/springframework/context/ApplicationListenerCustomizer> (0x0000000089bded60) thrown at [./open/src/hotspot/share/classfile/systemDictionary.cpp, line 226]
Event: 9.679 Thread 0x00000202ca173000 Exception <a 'java/lang/ClassNotFoundException'{0x0000000089be0538}: java/util/EventListenerCustomizer> (0x0000000089be0538) thrown at [./open/src/hotspot/share/classfile/systemDictionary.cpp, line 226]
Event: 9.680 Thread 0x00000202ca173000 Exception <a 'java/lang/ClassNotFoundException'{0x0000000089bea0f8}: java/lang/ObjectCustomizer> (0x0000000089bea0f8) thrown at [./open/src/hotspot/share/classfile/systemDictionary.cpp, line 226]
Event: 9.681 Thread 0x00000202ca173000 Exception <a 'java/lang/ClassNotFoundException'{0x0000000089bfa380}: org/springframework/jmx/export/metadata/AbstractJmxAttributeCustomizer> (0x0000000089bfa380) thrown at [./open/src/hotspot/share/classfile/systemDictionary.cpp, line 226]
Event: 9.681 Thread 0x00000202ca173000 Exception <a 'java/lang/ClassNotFoundException'{0x0000000089a0a1e8}: org/springframework/jmx/export/metadata/ManagedAttributeCustomizer> (0x0000000089a0a1e8) thrown at [./open/src/hotspot/share/classfile/systemDictionary.cpp, line 226]

Events (10 events):
Event: 10.026 loading class com/fasterxml/jackson/databind/introspect/POJOPropertyBuilder$WithMember
Event: 10.026 loading class com/fasterxml/jackson/databind/introspect/POJOPropertyBuilder$WithMember done
Event: 10.027 loading class com/fasterxml/jackson/databind/AnnotationIntrospector$ReferenceProperty
Event: 10.027 loading class com/fasterxml/jackson/databind/AnnotationIntrospector$ReferenceProperty done
Event: 10.027 loading class com/fasterxml/jackson/databind/AnnotationIntrospector$ReferenceProperty$Type
Event: 10.027 loading class com/fasterxml/jackson/databind/AnnotationIntrospector$ReferenceProperty$Type done
Event: 10.028 loading class com/fasterxml/jackson/core/util/InternCache
Event: 10.028 loading class com/fasterxml/jackson/core/util/InternCache done
Event: 10.028 Executing VM operation: Deoptimize
Event: 10.029 Executing VM operation: Deoptimize done


Dynamic libraries:
0x00007ff63d520000 - 0x00007ff63d52f000 	C:\Program Files\Java\jdk-11.0.15\bin\java.exe
0x00007ff843070000 - 0x00007ff843268000 	C:\Windows\SYSTEM32\ntdll.dll
0x00007ff842ec0000 - 0x00007ff842f7d000 	C:\Windows\System32\KERNEL32.DLL
0x00007ff840800000 - 0x00007ff840ace000 	C:\Windows\System32\KERNELBASE.dll
0x00007ff840c70000 - 0x00007ff840d70000 	C:\Windows\System32\ucrtbase.dll
0x00007ff82d6c0000 - 0x00007ff82d6d8000 	C:\Program Files\Java\jdk-11.0.15\bin\jli.dll
0x00007ff842f80000 - 0x00007ff84302e000 	C:\Windows\System32\ADVAPI32.dll
0x00007ff8413b0000 - 0x00007ff84144e000 	C:\Windows\System32\msvcrt.dll
0x00007ff841450000 - 0x00007ff8414ec000 	C:\Windows\System32\sechost.dll
0x00007ff841ca0000 - 0x00007ff841dc5000 	C:\Windows\System32\RPCRT4.dll
0x00007ff841130000 - 0x00007ff8412d0000 	C:\Windows\System32\USER32.dll
0x00007ff841070000 - 0x00007ff841092000 	C:\Windows\System32\win32u.dll
0x00007ff841100000 - 0x00007ff84112a000 	C:\Windows\System32\GDI32.dll
0x00007ff840b60000 - 0x00007ff840c6b000 	C:\Windows\System32\gdi32full.dll
0x00007ff840fd0000 - 0x00007ff84106d000 	C:\Windows\System32\msvcp_win.dll
0x00007ff82ce40000 - 0x00007ff82ce55000 	C:\Program Files\Java\jdk-11.0.15\bin\VCRUNTIME140.dll
0x00007ff82bb40000 - 0x00007ff82bdda000 	C:\Windows\WinSxS\amd64_microsoft.windows.common-controls_6595b64144ccf1df_6.0.19041.1110_none_60b5254171f9507e\COMCTL32.dll
0x00007ff838ae0000 - 0x00007ff838aea000 	C:\Windows\SYSTEM32\VERSION.dll
0x00007ff841b40000 - 0x00007ff841b70000 	C:\Windows\System32\IMM32.DLL
0x00007ff82cd60000 - 0x00007ff82cdfb000 	C:\Program Files\Java\jdk-11.0.15\bin\msvcp140.dll
0x00007ff82b020000 - 0x00007ff82bb36000 	C:\Program Files\Java\jdk-11.0.15\bin\server\jvm.dll
0x00007ff841850000 - 0x00007ff841858000 	C:\Windows\System32\PSAPI.DLL
0x00007ff8312e0000 - 0x00007ff8312e9000 	C:\Windows\SYSTEM32\WSOCK32.dll
0x00007ff842700000 - 0x00007ff84276b000 	C:\Windows\System32\WS2_32.dll
0x00007ff82cd30000 - 0x00007ff82cd57000 	C:\Windows\SYSTEM32\WINMM.dll
0x00007ff83e670000 - 0x00007ff83e682000 	C:\Windows\SYSTEM32\kernel.appcore.dll
0x00007ff82ce30000 - 0x00007ff82ce40000 	C:\Program Files\Java\jdk-11.0.15\bin\verify.dll
0x00007ff82e9b0000 - 0x00007ff82eb94000 	C:\Windows\SYSTEM32\DBGHELP.DLL
0x00007ff832150000 - 0x00007ff83217c000 	C:\Windows\SYSTEM32\dbgcore.DLL
0x00007ff840ad0000 - 0x00007ff840b52000 	C:\Windows\System32\bcryptPrimitives.dll
0x00007ff82ad80000 - 0x00007ff82ada8000 	C:\Program Files\Java\jdk-11.0.15\bin\java.dll
0x00007ff82ad70000 - 0x00007ff82ad7a000 	C:\Program Files\Java\jdk-11.0.15\bin\jimage.dll
0x00007ff83c1d0000 - 0x00007ff83c1de000 	C:\Program Files\Java\jdk-11.0.15\bin\instrument.dll
0x00007ff82ad50000 - 0x00007ff82ad66000 	C:\Program Files\Java\jdk-11.0.15\bin\zip.dll
0x00007ff842770000 - 0x00007ff842eb4000 	C:\Windows\System32\SHELL32.dll
0x00007ff83e870000 - 0x00007ff83f004000 	C:\Windows\SYSTEM32\windows.storage.dll
0x00007ff8414f0000 - 0x00007ff841844000 	C:\Windows\System32\combase.dll
0x00007ff840040000 - 0x00007ff840070000 	C:\Windows\SYSTEM32\Wldp.dll
0x00007ff841dd0000 - 0x00007ff841e7d000 	C:\Windows\System32\SHCORE.dll
0x00007ff841350000 - 0x00007ff8413a5000 	C:\Windows\System32\shlwapi.dll
0x00007ff8406d0000 - 0x00007ff8406ef000 	C:\Windows\SYSTEM32\profapi.dll
0x00007ff82aa50000 - 0x00007ff82aa69000 	C:\Program Files\Java\jdk-11.0.15\bin\net.dll
0x00007ff838320000 - 0x00007ff83842a000 	C:\Windows\SYSTEM32\WINHTTP.dll
0x00007ff83fe20000 - 0x00007ff83fe8a000 	C:\Windows\system32\mswsock.dll
0x00007ff82aa30000 - 0x00007ff82aa42000 	C:\Program Files\Java\jdk-11.0.15\bin\nio.dll
0x00007ff8289c0000 - 0x00007ff8289da000 	C:\Program Files\JetBrains\IntelliJ IDEA Community Edition 2022.2.1\bin\breakgen64.dll
0x00007ff83fb30000 - 0x00007ff83fb6b000 	C:\Windows\SYSTEM32\IPHLPAPI.DLL
0x00007ff842110000 - 0x00007ff842118000 	C:\Windows\System32\NSI.dll
0x00007ff8392b0000 - 0x00007ff8392c7000 	C:\Windows\SYSTEM32\dhcpcsvc6.DLL
0x00007ff839230000 - 0x00007ff83924d000 	C:\Windows\SYSTEM32\dhcpcsvc.DLL
0x00007ff83fbc0000 - 0x00007ff83fc8a000 	C:\Windows\SYSTEM32\DNSAPI.dll
0x00007ff8379c0000 - 0x00007ff8379ca000 	C:\Windows\System32\rasadhlp.dll
0x00007ff838240000 - 0x00007ff8382c0000 	C:\Windows\System32\fwpuclnt.dll
0x00007ff8410a0000 - 0x00007ff8410c7000 	C:\Windows\System32\bcrypt.dll
0x00007ff8295d0000 - 0x00007ff8295d9000 	C:\Program Files\Java\jdk-11.0.15\bin\management.dll
0x00007ff8295c0000 - 0x00007ff8295cb000 	C:\Program Files\Java\jdk-11.0.15\bin\management_ext.dll
0x00007ff826d00000 - 0x00007ff826d17000 	C:\Windows\system32\napinsp.dll
0x00007ff826ce0000 - 0x00007ff826cfb000 	C:\Windows\system32\pnrpnsp.dll
0x00007ff826cc0000 - 0x00007ff826cd5000 	C:\Windows\system32\wshbth.dll
0x00007ff83c130000 - 0x00007ff83c14d000 	C:\Windows\system32\NLAapi.dll
0x00007ff826ca0000 - 0x00007ff826cb2000 	C:\Windows\System32\winrnr.dll
0x00007ff840080000 - 0x00007ff840098000 	C:\Windows\SYSTEM32\CRYPTSP.dll
0x00007ff83f7c0000 - 0x00007ff83f7f4000 	C:\Windows\system32\rsaenh.dll
0x00007ff840690000 - 0x00007ff8406be000 	C:\Windows\SYSTEM32\USERENV.dll
0x00007ff83ffb0000 - 0x00007ff83ffbc000 	C:\Windows\SYSTEM32\CRYPTBASE.dll

dbghelp: loaded successfully - version: 4.0.5 - missing functions: none
symbol engine: initialized successfully - sym options: 0x614 - pdb path: .;C:\Program Files\Java\jdk-11.0.15\bin;C:\Windows\SYSTEM32;C:\Windows\WinSxS\amd64_microsoft.windows.common-controls_6595b64144ccf1df_6.0.19041.1110_none_60b5254171f9507e;C:\Program Files\Java\jdk-11.0.15\bin\server;C:\Program Files\JetBrains\IntelliJ IDEA Community Edition 2022.2.1\bin

VM Arguments:
jvm_args: -javaagent:C:\Program Files\JetBrains\IntelliJ IDEA Community Edition 2022.2.1\lib\idea_rt.jar=55797:C:\Program Files\JetBrains\IntelliJ IDEA Community Edition 2022.2.1\bin -Dfile.encoding=UTF-8 
java_command: com.training.springeurekaclient.SpringEurekaClientApplication
java_class_path (initial): C:\Users\sfjbs\Downloads\eureka-naming-server-main\eureka-naming-server-main\spring-eureka-client\target\classes;C:\Users\sfjbs\.m2\repository\org\springframework\cloud\spring-cloud-starter-netflix-eureka-client\3.1.3\spring-cloud-starter-netflix-eureka-client-3.1.3.jar;C:\Users\sfjbs\.m2\repository\org\springframework\cloud\spring-cloud-starter\2.1.0.RELEASE\spring-cloud-starter-2.1.0.RELEASE.jar;C:\Users\sfjbs\.m2\repository\org\springframework\cloud\spring-cloud-context\2.1.0.RELEASE\spring-cloud-context-2.1.0.RELEASE.jar;C:\Users\sfjbs\.m2\repository\org\springframework\security\spring-security-crypto\5.1.5.RELEASE\spring-security-crypto-5.1.5.RELEASE.jar;C:\Users\sfjbs\.m2\repository\org\springframework\cloud\spring-cloud-commons\2.1.0.RELEASE\spring-cloud-commons-2.1.0.RELEASE.jar;C:\Users\sfjbs\.m2\repository\org\springframework\security\spring-security-rsa\1.0.7.RELEASE\spring-security-rsa-1.0.7.RELEASE.jar;C:\Users\sfjbs\.m2\repository\org\bouncycastle\bcpkix-jdk15on\1.60\bcpkix-jdk15on-1.60.jar;C:\Users\sfjbs\.m2\repository\org\bouncycastle\bcprov-jdk15on\1.60\bcprov-jdk15on-1.60.jar;C:\Users\sfjbs\.m2\repository\org\springframework\cloud\spring-cloud-netflix-eureka-client\2.1.0.RELEASE\spring-cloud-netflix-eureka-client-2.1.0.RELEASE.jar;C:\Users\sfjbs\.m2\repository\org\springframework\cloud\spring-cloud-netflix-hystrix\2.1.0.RELEASE\spring-cloud-netflix-hystrix-2.1.0.RELEASE.jar;C:\Users\sfjbs\.m2\repository\org\springframework\boot\spring-boot-starter-aop\2.1.4.RELEASE\spring-boot-starter-aop-2.1.4.RELEASE.jar;C:\Users\sfjbs\.m2\repository\org\aspectj\aspectjweaver\1.9.2\aspectjweaver-1.9.2.jar;C:\Users\sfjbs\.m2\repository\com\netflix\eureka\eureka-client\1.9.8\eureka-client-1.9.8.jar;C:\Users\sfjbs\.m2\repository\org\codehaus\jettison\jettison\1.3.7\jettison-1.3.7.jar;C:\Users\sfjbs\.m2\repository\stax\stax-api\1.0.1\stax-api-1.0.1.jar;C:\Users\sfjbs\.m2\repository\com\netflix\netflix-commons\netflix-eventbus\0.3.0\netfli
Launcher Type: SUN_STANDARD

[Global flags]
     intx CICompilerCount                          = 2                                         {product} {ergonomic}
     uint ConcGCThreads                            = 1                                         {product} {ergonomic}
     uint G1ConcRefinementThreads                  = 2                                         {product} {ergonomic}
   size_t G1HeapRegionSize                         = 1048576                                   {product} {ergonomic}
    uintx GCDrainStackTargetSize                   = 64                                        {product} {ergonomic}
   size_t InitialHeapSize                          = 134217728                                 {product} {ergonomic}
   size_t MarkStackSize                            = 4194304                                   {product} {ergonomic}
   size_t MaxHeapSize                              = 2147483648                                {product} {ergonomic}
   size_t MaxNewSize                               = 1287651328                                {product} {ergonomic}
   size_t MinHeapDeltaBytes                        = 1048576                                   {product} {ergonomic}
    uintx NonNMethodCodeHeapSize                   = 5825164                                {pd product} {ergonomic}
    uintx NonProfiledCodeHeapSize                  = 122916538                              {pd product} {ergonomic}
    uintx ProfiledCodeHeapSize                     = 122916538                              {pd product} {ergonomic}
    uintx ReservedCodeCacheSize                    = 251658240                              {pd product} {ergonomic}
     bool SegmentedCodeCache                       = true                                      {product} {ergonomic}
     bool UseCompressedClassPointers               = true                                 {lp64_product} {ergonomic}
     bool UseCompressedOops                        = true                                 {lp64_product} {ergonomic}
     bool UseG1GC                                  = true                                      {product} {ergonomic}
     bool UseLargePagesIndividualAllocation        = false                                  {pd product} {ergonomic}

Logging:
Log output configuration:
 #0: stdout all=warning uptime,level,tags
 #1: stderr all=off uptime,level,tags

Environment Variables:
PATH=C:\Program Files\Common Files\Oracle\Java\javapath;C:\Windows\system32;C:\Windows;C:\Windows\System32\Wbem;C:\Windows\System32\WindowsPowerShell\v1.0\;C:\Windows\System32\OpenSSH\;C:\Program Files\PuTTY\;C:\Program Files\Git\cmd;C:\Program Files\Docker\Docker\resources\bin;C:\ProgramData\DockerDesktop\version-bin;C:\Users\sfjbs\Downloads\apache-maven-3.8.6-bin\apache-maven-3.8.6\bin;C:\Users\sfjbs\Downloads\apache-maven-3.8.6-bin\apache-maven-3.8.6\lib;C:\Users\sfjbs\AppData\Local\Microsoft\WindowsApps;C:\Program Files\JetBrains\IntelliJ IDEA Community Edition 2022.2.1\bin;;C:\Users\sfjbs\Downloads\apache-maven-3.8.6-bin\apache-maven-3.8.6\bin;C:\Users\sfjbs\Downloads\apache-maven-3.8.6-bin\apache-maven-3.8.6\lib;
USERNAME=sfjbs
OS=Windows_NT
PROCESSOR_IDENTIFIER=Intel64 Family 6 Model 85 Stepping 7, GenuineIntel



---------------  S Y S T E M  ---------------

OS: Windows 10 , 64 bit Build 19041 (10.0.19041.1889)
Hyper-V role detected

CPU:total 2 (initial active 2) (1 cores per cpu, 2 threads per core) family 6 model 85 stepping 7 microcode 0xffffffff, cmov, cx8, fxsr, mmx, sse, sse2, sse3, ssse3, sse4.1, sse4.2, popcnt, avx, avx2, aes, clmul, erms, rtm, 3dnowpref, lzcnt, ht, tsc, bmi1, bmi2, adx, evex, fma

Memory: 4k page, system-wide physical 8190M (1021M free)
TotalPageFile size 10238M (AvailPageFile size 5M)
current process WorkingSet (physical memory assigned to process): 303M, peak: 303M
current process commit charge ("private bytes"): 370M, peak: 372M

vm_info: Java HotSpot(TM) 64-Bit Server VM (11.0.15+8-LTS-149) for windows-amd64 JRE (11.0.15+8-LTS-149), built on Mar  9 2022 22:42:32 by "mach5one" with MS VC++ 15.9 (VS2017)

END.
